{"numTotalTestSuites":24,"numPassedTestSuites":24,"numFailedTestSuites":0,"numPendingTestSuites":0,"numTotalTests":45,"numPassedTests":38,"numFailedTests":0,"numPendingTests":7,"numTodoTests":0,"snapshot":{"added":0,"failure":false,"filesAdded":0,"filesRemoved":0,"filesRemovedList":[],"filesUnmatched":0,"filesUpdated":0,"matched":0,"total":0,"unchecked":0,"uncheckedKeysByFile":[],"unmatched":0,"updated":0,"didUpdate":false},"startTime":1754691616935,"success":true,"testResults":[{"assertionResults":[{"ancestorTitles":["MetricsGrid Component","Renderização"],"fullName":"MetricsGrid Component Renderização deve renderizar métricas corretamente","status":"passed","title":"deve renderizar métricas corretamente","duration":120.61910000000034,"failureMessages":[],"meta":{}},{"ancestorTitles":["MetricsGrid Component","Renderização"],"fullName":"MetricsGrid Component Renderização deve renderizar tendências corretamente","status":"passed","title":"deve renderizar tendências corretamente","duration":27.860299999999825,"failureMessages":[],"meta":{}},{"ancestorTitles":["MetricsGrid Component","Renderização"],"fullName":"MetricsGrid Component Renderização deve renderizar ícones corretos para cada status","status":"passed","title":"deve renderizar ícones corretos para cada status","duration":11.738200000000234,"failureMessages":[],"meta":{}},{"ancestorTitles":["MetricsGrid Component","Renderização"],"fullName":"MetricsGrid Component Renderização deve renderizar ícones de tendência corretos","status":"passed","title":"deve renderizar ícones de tendência corretos","duration":9.16190000000006,"failureMessages":[],"meta":{}},{"ancestorTitles":["MetricsGrid Component","Estado de Loading"],"fullName":"MetricsGrid Component Estado de Loading deve mostrar skeleton quando metrics é null","status":"passed","title":"deve mostrar skeleton quando metrics é null","duration":3.454399999999623,"failureMessages":[],"meta":{}},{"ancestorTitles":["MetricsGrid Component","Estado de Loading"],"fullName":"MetricsGrid Component Estado de Loading não deve mostrar skeleton quando dados estão carregados","status":"passed","title":"não deve mostrar skeleton quando dados estão carregados","duration":6.382800000000316,"failureMessages":[],"meta":{}},{"ancestorTitles":["MetricsGrid Component","Interações"],"fullName":"MetricsGrid Component Interações deve ter cursor pointer nos cards clicáveis","status":"passed","title":"deve ter cursor pointer nos cards clicáveis","duration":6.403399999999692,"failureMessages":[],"meta":{}},{"ancestorTitles":["MetricsGrid Component","Responsividade"],"fullName":"MetricsGrid Component Responsividade deve ter classes responsivas corretas","status":"passed","title":"deve ter classes responsivas corretas","duration":6.0328999999996995,"failureMessages":[],"meta":{}},{"ancestorTitles":["MetricsGrid Component","Acessibilidade"],"fullName":"MetricsGrid Component Acessibilidade deve ter atributos de acessibilidade corretos","status":"passed","title":"deve ter atributos de acessibilidade corretos","duration":7.396099999999933,"failureMessages":[],"meta":{}},{"ancestorTitles":["MetricsGrid Component","Acessibilidade"],"fullName":"MetricsGrid Component Acessibilidade deve ter aria-labels descritivos","status":"passed","title":"deve ter aria-labels descritivos","duration":30.85010000000011,"failureMessages":[],"meta":{}},{"ancestorTitles":["MetricsGrid Component","Acessibilidade"],"fullName":"MetricsGrid Component Acessibilidade deve ser navegável por teclado","status":"passed","title":"deve ser navegável por teclado","duration":13.049399999999878,"failureMessages":[],"meta":{}},{"ancestorTitles":["MetricsGrid Component","Tratamento de Dados"],"fullName":"MetricsGrid Component Tratamento de Dados deve lidar com métricas zeradas","status":"passed","title":"deve lidar com métricas zeradas","duration":10.3433,"failureMessages":[],"meta":{}},{"ancestorTitles":["MetricsGrid Component","Tratamento de Dados"],"fullName":"MetricsGrid Component Tratamento de Dados deve lidar com tendências ausentes","status":"passed","title":"deve lidar com tendências ausentes","duration":11.06959999999981,"failureMessages":[],"meta":{}},{"ancestorTitles":["MetricsGrid Component","Tratamento de Dados"],"fullName":"MetricsGrid Component Tratamento de Dados deve lidar com valores muito grandes","status":"passed","title":"deve lidar com valores muito grandes","duration":13.835000000000036,"failureMessages":[],"meta":{}},{"ancestorTitles":["MetricsGrid Component","Performance"],"fullName":"MetricsGrid Component Performance deve usar React.memo para evitar re-renders desnecessários","status":"passed","title":"deve usar React.memo para evitar re-renders desnecessários","duration":10.760699999999815,"failureMessages":[],"meta":{}},{"ancestorTitles":["MetricsGrid Component","Animações"],"fullName":"MetricsGrid Component Animações deve ter animações de entrada","status":"passed","title":"deve ter animações de entrada","duration":6.962700000000041,"failureMessages":[],"meta":{}},{"ancestorTitles":["MetricsGrid Component","Animações"],"fullName":"MetricsGrid Component Animações deve animar mudanças de valores","status":"passed","title":"deve animar mudanças de valores","duration":18.271600000000035,"failureMessages":[],"meta":{}},{"ancestorTitles":["MetricsGrid Component","Estados de Erro"],"fullName":"MetricsGrid Component Estados de Erro deve lidar com métricas malformadas","status":"passed","title":"deve lidar com métricas malformadas","duration":5.885299999999916,"failureMessages":[],"meta":{}},{"ancestorTitles":["MetricsGrid Component","Estados de Erro"],"fullName":"MetricsGrid Component Estados de Erro deve mostrar fallback quando onStatusFilter não é fornecido","status":"passed","title":"deve mostrar fallback quando onStatusFilter não é fornecido","duration":13.988100000000031,"failureMessages":[],"meta":{}},{"ancestorTitles":["MetricsGrid Component","Integração com Tema"],"fullName":"MetricsGrid Component Integração com Tema deve aplicar classes de tema corretas","status":"passed","title":"deve aplicar classes de tema corretas","duration":32.814200000000255,"failureMessages":[],"meta":{}},{"ancestorTitles":["MetricsGrid Component","Formatação de Números"],"fullName":"MetricsGrid Component Formatação de Números deve formatar números grandes corretamente","status":"passed","title":"deve formatar números grandes corretamente","duration":22.858100000000377,"failureMessages":[],"meta":{}},{"ancestorTitles":["MetricsGrid Component","Formatação de Números"],"fullName":"MetricsGrid Component Formatação de Números deve lidar com números decimais","status":"passed","title":"deve lidar com números decimais","duration":14.389999999999873,"failureMessages":[],"meta":{}}],"startTime":1754691619940,"endTime":1754691620344.39,"status":"passed","message":"","name":"C:/Users/jonathan-moletta.PPIRATINI/projects/glpi_dashboard/frontend/src/__tests__/components/MetricsGrid.test.tsx"},{"assertionResults":[{"ancestorTitles":["useDashboard Hook","Inicialização"],"fullName":"useDashboard Hook Inicialização deve inicializar com estado padrão","status":"passed","title":"deve inicializar com estado padrão","duration":19.268600000000333,"failureMessages":[],"meta":{}},{"ancestorTitles":["useDashboard Hook","Inicialização"],"fullName":"useDashboard Hook Inicialização deve carregar dados iniciais automaticamente","status":"passed","title":"deve carregar dados iniciais automaticamente","duration":54.12980000000016,"failureMessages":[],"meta":{}},{"ancestorTitles":["useDashboard Hook","Carregamento de Dados"],"fullName":"useDashboard Hook Carregamento de Dados deve chamar loadData e atualizar estado","status":"passed","title":"deve chamar loadData e atualizar estado","duration":3.90520000000015,"failureMessages":[],"meta":{}},{"ancestorTitles":["useDashboard Hook","Carregamento de Dados"],"fullName":"useDashboard Hook Carregamento de Dados deve aplicar filtros de data nas requisições","status":"passed","title":"deve aplicar filtros de data nas requisições","duration":5.100100000000111,"failureMessages":[],"meta":{}},{"ancestorTitles":["useDashboard Hook","Carregamento de Dados"],"fullName":"useDashboard Hook Carregamento de Dados deve lidar com erro de carregamento","status":"passed","title":"deve lidar com erro de carregamento","duration":52.584299999999985,"failureMessages":[],"meta":{}},{"ancestorTitles":["useDashboard Hook","Filtros"],"fullName":"useDashboard Hook Filtros deve atualizar filtros corretamente","status":"passed","title":"deve atualizar filtros corretamente","duration":2.6792999999997846,"failureMessages":[],"meta":{}},{"ancestorTitles":["useDashboard Hook","Filtros"],"fullName":"useDashboard Hook Filtros deve recarregar dados quando filtros mudarem","status":"passed","title":"deve recarregar dados quando filtros mudarem","duration":59.60619999999972,"failureMessages":[],"meta":{}},{"ancestorTitles":["useDashboard Hook","Filtros"],"fullName":"useDashboard Hook Filtros deve validar formato de data","status":"passed","title":"deve validar formato de data","duration":1.8073999999996886,"failureMessages":[],"meta":{}},{"ancestorTitles":["useDashboard Hook","Notificações"],"fullName":"useDashboard Hook Notificações deve adicionar notificação","status":"passed","title":"deve adicionar notificação","duration":2.599500000000262,"failureMessages":[],"meta":{}},{"ancestorTitles":["useDashboard Hook","Notificações"],"fullName":"useDashboard Hook Notificações deve remover notificação","status":"passed","title":"deve remover notificação","duration":1.7994000000003325,"failureMessages":[],"meta":{}},{"ancestorTitles":["useDashboard Hook","Notificações"],"fullName":"useDashboard Hook Notificações deve remover notificação automaticamente após duração","status":"skipped","title":"deve remover notificação automaticamente após duração","failureMessages":[],"meta":{}},{"ancestorTitles":["useDashboard Hook","Tema"],"fullName":"useDashboard Hook Tema deve alternar tema","status":"passed","title":"deve alternar tema","duration":1.5412000000001171,"failureMessages":[],"meta":{}},{"ancestorTitles":["useDashboard Hook","Tema"],"fullName":"useDashboard Hook Tema deve definir tema específico","status":"passed","title":"deve definir tema específico","duration":1.3342000000002372,"failureMessages":[],"meta":{}},{"ancestorTitles":["useDashboard Hook","Tema"],"fullName":"useDashboard Hook Tema deve persistir tema no localStorage","status":"passed","title":"deve persistir tema no localStorage","duration":1.2654999999999745,"failureMessages":[],"meta":{}},{"ancestorTitles":["useDashboard Hook","Performance"],"fullName":"useDashboard Hook Performance deve debounce atualizações de filtro","status":"skipped","title":"deve debounce atualizações de filtro","failureMessages":[],"meta":{}},{"ancestorTitles":["useDashboard Hook","Performance"],"fullName":"useDashboard Hook Performance deve cancelar requisições em andamento","status":"passed","title":"deve cancelar requisições em andamento","duration":1.6039999999998145,"failureMessages":[],"meta":{}},{"ancestorTitles":["useDashboard Hook","Cache"],"fullName":"useDashboard Hook Cache deve usar dados em cache quando disponíveis","status":"skipped","title":"deve usar dados em cache quando disponíveis","failureMessages":[],"meta":{}},{"ancestorTitles":["useDashboard Hook","Cache"],"fullName":"useDashboard Hook Cache deve invalidar cache quando necessário","status":"skipped","title":"deve invalidar cache quando necessário","failureMessages":[],"meta":{}},{"ancestorTitles":["useDashboard Hook","Estados de Erro"],"fullName":"useDashboard Hook Estados de Erro deve lidar com erro de rede","status":"skipped","title":"deve lidar com erro de rede","failureMessages":[],"meta":{}},{"ancestorTitles":["useDashboard Hook","Estados de Erro"],"fullName":"useDashboard Hook Estados de Erro deve lidar com resposta inválida da API","status":"skipped","title":"deve lidar com resposta inválida da API","failureMessages":[],"meta":{}},{"ancestorTitles":["useDashboard Hook","Estados de Erro"],"fullName":"useDashboard Hook Estados de Erro deve permitir recarregar dados após erro","status":"skipped","title":"deve permitir recarregar dados após erro","failureMessages":[],"meta":{}},{"ancestorTitles":["useDashboard Hook","Integração com Date Range"],"fullName":"useDashboard Hook Integração com Date Range deve atualizar range de data corretamente","status":"passed","title":"deve atualizar range de data corretamente","duration":3.496599999999944,"failureMessages":[],"meta":{}},{"ancestorTitles":["useDashboard Hook","Integração com Date Range"],"fullName":"useDashboard Hook Integração com Date Range deve validar ordem das datas","status":"passed","title":"deve validar ordem das datas","duration":1.543999999999869,"failureMessages":[],"meta":{}}],"startTime":1754691619937,"endTime":1754691620151.544,"status":"passed","message":"","name":"C:/Users/jonathan-moletta.PPIRATINI/projects/glpi_dashboard/frontend/src/__tests__/hooks/useDashboard.test.ts"}]}