{"numTotalTestSuites":24,"numPassedTestSuites":20,"numFailedTestSuites":4,"numPendingTestSuites":0,"numTotalTests":45,"numPassedTests":36,"numFailedTests":2,"numPendingTests":7,"numTodoTests":0,"snapshot":{"added":0,"failure":false,"filesAdded":0,"filesRemoved":0,"filesRemovedList":[],"filesUnmatched":0,"filesUpdated":0,"matched":0,"total":0,"unchecked":0,"uncheckedKeysByFile":[],"unmatched":0,"updated":0,"didUpdate":false},"startTime":1754932744229,"success":false,"testResults":[{"assertionResults":[{"ancestorTitles":["MetricsGrid Component","Renderização"],"fullName":"MetricsGrid Component Renderização deve renderizar métricas corretamente","status":"passed","title":"deve renderizar métricas corretamente","duration":101.20010000000002,"failureMessages":[],"meta":{}},{"ancestorTitles":["MetricsGrid Component","Renderização"],"fullName":"MetricsGrid Component Renderização deve renderizar tendências corretamente","status":"passed","title":"deve renderizar tendências corretamente","duration":23.707900000000336,"failureMessages":[],"meta":{}},{"ancestorTitles":["MetricsGrid Component","Renderização"],"fullName":"MetricsGrid Component Renderização deve renderizar ícones corretos para cada status","status":"passed","title":"deve renderizar ícones corretos para cada status","duration":11.478200000000015,"failureMessages":[],"meta":{}},{"ancestorTitles":["MetricsGrid Component","Renderização"],"fullName":"MetricsGrid Component Renderização deve renderizar ícones de tendência corretos","status":"passed","title":"deve renderizar ícones de tendência corretos","duration":7.843200000000252,"failureMessages":[],"meta":{}},{"ancestorTitles":["MetricsGrid Component","Estado de Loading"],"fullName":"MetricsGrid Component Estado de Loading deve mostrar skeleton quando metrics é null","status":"passed","title":"deve mostrar skeleton quando metrics é null","duration":3.158100000000104,"failureMessages":[],"meta":{}},{"ancestorTitles":["MetricsGrid Component","Estado de Loading"],"fullName":"MetricsGrid Component Estado de Loading não deve mostrar skeleton quando dados estão carregados","status":"passed","title":"não deve mostrar skeleton quando dados estão carregados","duration":5.734199999999873,"failureMessages":[],"meta":{}},{"ancestorTitles":["MetricsGrid Component","Interações"],"fullName":"MetricsGrid Component Interações deve ter cursor pointer nos cards clicáveis","status":"passed","title":"deve ter cursor pointer nos cards clicáveis","duration":6.307099999999991,"failureMessages":[],"meta":{}},{"ancestorTitles":["MetricsGrid Component","Responsividade"],"fullName":"MetricsGrid Component Responsividade deve ter classes responsivas corretas","status":"passed","title":"deve ter classes responsivas corretas","duration":5.529500000000098,"failureMessages":[],"meta":{}},{"ancestorTitles":["MetricsGrid Component","Acessibilidade"],"fullName":"MetricsGrid Component Acessibilidade deve ter atributos de acessibilidade corretos","status":"passed","title":"deve ter atributos de acessibilidade corretos","duration":7.647500000000036,"failureMessages":[],"meta":{}},{"ancestorTitles":["MetricsGrid Component","Acessibilidade"],"fullName":"MetricsGrid Component Acessibilidade deve ter aria-labels descritivos","status":"passed","title":"deve ter aria-labels descritivos","duration":26.294299999999566,"failureMessages":[],"meta":{}},{"ancestorTitles":["MetricsGrid Component","Acessibilidade"],"fullName":"MetricsGrid Component Acessibilidade deve ser navegável por teclado","status":"passed","title":"deve ser navegável por teclado","duration":10.294800000000123,"failureMessages":[],"meta":{}},{"ancestorTitles":["MetricsGrid Component","Tratamento de Dados"],"fullName":"MetricsGrid Component Tratamento de Dados deve lidar com métricas zeradas","status":"passed","title":"deve lidar com métricas zeradas","duration":8.044799999999668,"failureMessages":[],"meta":{}},{"ancestorTitles":["MetricsGrid Component","Tratamento de Dados"],"fullName":"MetricsGrid Component Tratamento de Dados deve lidar com tendências ausentes","status":"passed","title":"deve lidar com tendências ausentes","duration":9.951900000000023,"failureMessages":[],"meta":{}},{"ancestorTitles":["MetricsGrid Component","Tratamento de Dados"],"fullName":"MetricsGrid Component Tratamento de Dados deve lidar com valores muito grandes","status":"passed","title":"deve lidar com valores muito grandes","duration":10.848199999999906,"failureMessages":[],"meta":{}},{"ancestorTitles":["MetricsGrid Component","Performance"],"fullName":"MetricsGrid Component Performance deve usar React.memo para evitar re-renders desnecessários","status":"passed","title":"deve usar React.memo para evitar re-renders desnecessários","duration":11.745300000000043,"failureMessages":[],"meta":{}},{"ancestorTitles":["MetricsGrid Component","Animações"],"fullName":"MetricsGrid Component Animações deve ter animações de entrada","status":"passed","title":"deve ter animações de entrada","duration":6.037499999999909,"failureMessages":[],"meta":{}},{"ancestorTitles":["MetricsGrid Component","Animações"],"fullName":"MetricsGrid Component Animações deve animar mudanças de valores","status":"passed","title":"deve animar mudanças de valores","duration":12.744799999999941,"failureMessages":[],"meta":{}},{"ancestorTitles":["MetricsGrid Component","Estados de Erro"],"fullName":"MetricsGrid Component Estados de Erro deve lidar com métricas malformadas","status":"passed","title":"deve lidar com métricas malformadas","duration":5.107500000000073,"failureMessages":[],"meta":{}},{"ancestorTitles":["MetricsGrid Component","Estados de Erro"],"fullName":"MetricsGrid Component Estados de Erro deve mostrar fallback quando onFilterByStatus não é fornecido","status":"passed","title":"deve mostrar fallback quando onFilterByStatus não é fornecido","duration":10.35169999999971,"failureMessages":[],"meta":{}},{"ancestorTitles":["MetricsGrid Component","Integração com Tema"],"fullName":"MetricsGrid Component Integração com Tema deve aplicar classes de tema corretas","status":"passed","title":"deve aplicar classes de tema corretas","duration":20.668899999999667,"failureMessages":[],"meta":{}},{"ancestorTitles":["MetricsGrid Component","Formatação de Números"],"fullName":"MetricsGrid Component Formatação de Números deve formatar números grandes corretamente","status":"passed","title":"deve formatar números grandes corretamente","duration":12.201000000000022,"failureMessages":[],"meta":{}},{"ancestorTitles":["MetricsGrid Component","Formatação de Números"],"fullName":"MetricsGrid Component Formatação de Números deve lidar com números decimais","status":"passed","title":"deve lidar com números decimais","duration":9.423299999999927,"failureMessages":[],"meta":{}}],"startTime":1754932746723,"endTime":1754932747050.4233,"status":"passed","message":"","name":"C:/Users/jonathan-moletta.PPIRATINI/projects/glpi_dashboard/frontend/src/__tests__/components/MetricsGrid.test.tsx"},{"assertionResults":[{"ancestorTitles":["useDashboard Hook","Inicialização"],"fullName":"useDashboard Hook Inicialização deve inicializar com estado padrão","status":"passed","title":"deve inicializar com estado padrão","duration":16.790399999999863,"failureMessages":[],"meta":{}},{"ancestorTitles":["useDashboard Hook","Inicialização"],"fullName":"useDashboard Hook Inicialização deve carregar dados iniciais automaticamente","status":"passed","title":"deve carregar dados iniciais automaticamente","duration":65.79370000000017,"failureMessages":[],"meta":{}},{"ancestorTitles":["useDashboard Hook","Carregamento de Dados"],"fullName":"useDashboard Hook Carregamento de Dados deve chamar loadData e atualizar estado","status":"passed","title":"deve chamar loadData e atualizar estado","duration":3.678400000000238,"failureMessages":[],"meta":{}},{"ancestorTitles":["useDashboard Hook","Carregamento de Dados"],"fullName":"useDashboard Hook Carregamento de Dados deve aplicar filtros de data nas requisições","status":"failed","title":"deve aplicar filtros de data nas requisições","duration":1028.4598,"failureMessages":["AssertionError: expected \"spy\" to be called with arguments: [ ObjectContaining{…}, Any<Object> ]\u001b[90m\n\nReceived: \n\n\u001b[1m  1st spy call:\n\n\u001b[22m\u001b[2m  [\u001b[22m\n\u001b[32m-   ObjectContaining {\u001b[90m\n\u001b[32m-     \"dateRange\": {\u001b[90m\n\u001b[32m-       \"end\": \"2024-01-31\",\u001b[90m\n\u001b[32m-       \"start\": \"2024-01-01\",\u001b[90m\n\u001b[32m-     },\u001b[90m\n\u001b[32m-   },\u001b[90m\n\u001b[32m-   Any<Object>,\u001b[90m\n\u001b[31m+   {},\u001b[90m\n\u001b[2m  ]\u001b[22m\n\n\u001b[1m  2nd spy call:\n\n\u001b[22m\u001b[2m  [\u001b[22m\n\u001b[32m-   ObjectContaining {\u001b[90m\n\u001b[31m+   {\u001b[90m\n\u001b[2m      \"dateRange\": {\u001b[22m\n\u001b[32m-       \"end\": \"2024-01-31\",\u001b[90m\n\u001b[32m-       \"start\": \"2024-01-01\",\u001b[90m\n\u001b[31m+       \"endDate\": \"2024-01-31\",\u001b[90m\n\u001b[31m+       \"startDate\": \"2024-01-01\",\u001b[90m\n\u001b[2m      },\u001b[22m\n\u001b[2m    },\u001b[22m\n\u001b[32m-   Any<Object>,\u001b[90m\n\u001b[2m  ]\u001b[22m\n\u001b[39m\u001b[90m\n\nNumber of calls: \u001b[1m2\u001b[22m\n\u001b[39m\n\nIgnored nodes: comments, script, style\n\u001b[36m<html>\u001b[39m\n  \u001b[36m<head />\u001b[39m\n  \u001b[36m<body>\u001b[39m\n    \u001b[36m<div />\u001b[39m\n  \u001b[36m</body>\u001b[39m\n\u001b[36m</html>\u001b[39m\n    at Proxy.<anonymous> (file:///C:/Users/jonathan-moletta.PPIRATINI/projects/glpi_dashboard/frontend/node_modules/@vitest/expect/dist/index.js:1355:10)\n    at Proxy.<anonymous> (file:///C:/Users/jonathan-moletta.PPIRATINI/projects/glpi_dashboard/frontend/node_modules/@vitest/expect/dist/index.js:1029:14)\n    at Proxy.methodWrapper (file:///C:/Users/jonathan-moletta.PPIRATINI/projects/glpi_dashboard/frontend/node_modules/chai/chai.js:1706:25)\n    at C:\\Users\\jonathan-moletta.PPIRATINI\\projects\\glpi_dashboard\\frontend\\src\\__tests__\\hooks\\useDashboard.test.ts:126:43\n    at runWithExpensiveErrorDiagnosticsDisabled (C:\\Users\\jonathan-moletta.PPIRATINI\\projects\\glpi_dashboard\\frontend\\node_modules\\@testing-library\\dom\\dist\\config.js:47:12)\n    at checkCallback (C:\\Users\\jonathan-moletta.PPIRATINI\\projects\\glpi_dashboard\\frontend\\node_modules\\@testing-library\\dom\\dist\\wait-for.js:127:77)\n    at Timeout.checkRealTimersCallback (C:\\Users\\jonathan-moletta.PPIRATINI\\projects\\glpi_dashboard\\frontend\\node_modules\\@testing-library\\dom\\dist\\wait-for.js:121:16)\n    at listOnTimeout (node:internal/timers:588:17)\n    at processTimers (node:internal/timers:523:7)"],"meta":{}},{"ancestorTitles":["useDashboard Hook","Carregamento de Dados"],"fullName":"useDashboard Hook Carregamento de Dados deve lidar com erro de carregamento","status":"passed","title":"deve lidar com erro de carregamento","duration":69.9427999999998,"failureMessages":[],"meta":{}},{"ancestorTitles":["useDashboard Hook","Filtros"],"fullName":"useDashboard Hook Filtros deve atualizar filtros corretamente","status":"passed","title":"deve atualizar filtros corretamente","duration":3.703399999999874,"failureMessages":[],"meta":{}},{"ancestorTitles":["useDashboard Hook","Filtros"],"fullName":"useDashboard Hook Filtros deve recarregar dados quando filtros mudarem","status":"passed","title":"deve recarregar dados quando filtros mudarem","duration":53.647899999999936,"failureMessages":[],"meta":{}},{"ancestorTitles":["useDashboard Hook","Filtros"],"fullName":"useDashboard Hook Filtros deve validar formato de data","status":"passed","title":"deve validar formato de data","duration":1.626299999999901,"failureMessages":[],"meta":{}},{"ancestorTitles":["useDashboard Hook","Notificações"],"fullName":"useDashboard Hook Notificações deve adicionar notificação","status":"passed","title":"deve adicionar notificação","duration":2.2338000000004286,"failureMessages":[],"meta":{}},{"ancestorTitles":["useDashboard Hook","Notificações"],"fullName":"useDashboard Hook Notificações deve remover notificação","status":"passed","title":"deve remover notificação","duration":1.6247000000003027,"failureMessages":[],"meta":{}},{"ancestorTitles":["useDashboard Hook","Notificações"],"fullName":"useDashboard Hook Notificações deve remover notificação automaticamente após duração","status":"skipped","title":"deve remover notificação automaticamente após duração","failureMessages":[],"meta":{}},{"ancestorTitles":["useDashboard Hook","Tema"],"fullName":"useDashboard Hook Tema deve alternar tema","status":"passed","title":"deve alternar tema","duration":1.2458000000001448,"failureMessages":[],"meta":{}},{"ancestorTitles":["useDashboard Hook","Tema"],"fullName":"useDashboard Hook Tema deve definir tema específico","status":"passed","title":"deve definir tema específico","duration":1.204200000000128,"failureMessages":[],"meta":{}},{"ancestorTitles":["useDashboard Hook","Tema"],"fullName":"useDashboard Hook Tema deve persistir tema no localStorage","status":"passed","title":"deve persistir tema no localStorage","duration":1.1103000000002794,"failureMessages":[],"meta":{}},{"ancestorTitles":["useDashboard Hook","Performance"],"fullName":"useDashboard Hook Performance deve debounce atualizações de filtro","status":"skipped","title":"deve debounce atualizações de filtro","failureMessages":[],"meta":{}},{"ancestorTitles":["useDashboard Hook","Performance"],"fullName":"useDashboard Hook Performance deve cancelar requisições em andamento","status":"failed","title":"deve cancelar requisições em andamento","duration":2.1190999999998894,"failureMessages":["AssertionError: expected \"spy\" to be called at least once\n    at Proxy.<anonymous> (file:///C:/Users/jonathan-moletta.PPIRATINI/projects/glpi_dashboard/frontend/node_modules/@vitest/expect/dist/index.js:1335:10)\n    at Proxy.<anonymous> (file:///C:/Users/jonathan-moletta.PPIRATINI/projects/glpi_dashboard/frontend/node_modules/@vitest/expect/dist/index.js:1029:14)\n    at Proxy.methodWrapper (file:///C:/Users/jonathan-moletta.PPIRATINI/projects/glpi_dashboard/frontend/node_modules/chai/chai.js:1706:25)\n    at C:\\Users\\jonathan-moletta.PPIRATINI\\projects\\glpi_dashboard\\frontend\\src\\__tests__\\hooks\\useDashboard.test.ts:403:24\n    at file:///C:/Users/jonathan-moletta.PPIRATINI/projects/glpi_dashboard/frontend/node_modules/@vitest/runner/dist/chunk-hooks.js:155:11\n    at file:///C:/Users/jonathan-moletta.PPIRATINI/projects/glpi_dashboard/frontend/node_modules/@vitest/runner/dist/chunk-hooks.js:752:26\n    at file:///C:/Users/jonathan-moletta.PPIRATINI/projects/glpi_dashboard/frontend/node_modules/@vitest/runner/dist/chunk-hooks.js:1897:20\n    at new Promise (<anonymous>)\n    at runWithTimeout (file:///C:/Users/jonathan-moletta.PPIRATINI/projects/glpi_dashboard/frontend/node_modules/@vitest/runner/dist/chunk-hooks.js:1863:10)\n    at runTest (file:///C:/Users/jonathan-moletta.PPIRATINI/projects/glpi_dashboard/frontend/node_modules/@vitest/runner/dist/chunk-hooks.js:1574:12)"],"meta":{}},{"ancestorTitles":["useDashboard Hook","Cache"],"fullName":"useDashboard Hook Cache deve usar dados em cache quando disponíveis","status":"skipped","title":"deve usar dados em cache quando disponíveis","failureMessages":[],"meta":{}},{"ancestorTitles":["useDashboard Hook","Cache"],"fullName":"useDashboard Hook Cache deve invalidar cache quando necessário","status":"skipped","title":"deve invalidar cache quando necessário","failureMessages":[],"meta":{}},{"ancestorTitles":["useDashboard Hook","Estados de Erro"],"fullName":"useDashboard Hook Estados de Erro deve lidar com erro de rede","status":"skipped","title":"deve lidar com erro de rede","failureMessages":[],"meta":{}},{"ancestorTitles":["useDashboard Hook","Estados de Erro"],"fullName":"useDashboard Hook Estados de Erro deve lidar com resposta inválida da API","status":"skipped","title":"deve lidar com resposta inválida da API","failureMessages":[],"meta":{}},{"ancestorTitles":["useDashboard Hook","Estados de Erro"],"fullName":"useDashboard Hook Estados de Erro deve permitir recarregar dados após erro","status":"skipped","title":"deve permitir recarregar dados após erro","failureMessages":[],"meta":{}},{"ancestorTitles":["useDashboard Hook","Integração com Date Range"],"fullName":"useDashboard Hook Integração com Date Range deve atualizar range de data corretamente","status":"passed","title":"deve atualizar range de data corretamente","duration":1.587800000000243,"failureMessages":[],"meta":{}},{"ancestorTitles":["useDashboard Hook","Integração com Date Range"],"fullName":"useDashboard Hook Integração com Date Range deve validar ordem das datas","status":"passed","title":"deve validar ordem das datas","duration":1.2082000000000335,"failureMessages":[],"meta":{}}],"startTime":1754932746712,"endTime":1754932747968.2083,"status":"failed","message":"","name":"C:/Users/jonathan-moletta.PPIRATINI/projects/glpi_dashboard/frontend/src/__tests__/hooks/useDashboard.test.ts"}]}