{"meta": {"format": 3, "version": "7.10.4", "timestamp": "2025-08-18T20:19:40.839558", "branch_coverage": false, "show_contexts": false}, "files": {"backend\\__init__.py": {"executed_lines": [1], "summary": {"covered_lines": 0, "num_statements": 0, "percent_covered": 100.0, "percent_covered_display": "100.00", "missing_lines": 0, "excluded_lines": 0}, "missing_lines": [], "excluded_lines": [], "functions": {"": {"executed_lines": [1], "summary": {"covered_lines": 0, "num_statements": 0, "percent_covered": 100.0, "percent_covered_display": "100.00", "missing_lines": 0, "excluded_lines": 0}, "missing_lines": [], "excluded_lines": []}}, "classes": {"": {"executed_lines": [1], "summary": {"covered_lines": 0, "num_statements": 0, "percent_covered": 100.0, "percent_covered_display": "100.00", "missing_lines": 0, "excluded_lines": 0}, "missing_lines": [], "excluded_lines": []}}}, "backend\\api\\__init__.py": {"executed_lines": [], "summary": {"covered_lines": 0, "num_statements": 0, "percent_covered": 100.0, "percent_covered_display": "100.00", "missing_lines": 0, "excluded_lines": 0}, "missing_lines": [], "excluded_lines": [], "functions": {"": {"executed_lines": [], "summary": {"covered_lines": 0, "num_statements": 0, "percent_covered": 100.0, "percent_covered_display": "100.00", "missing_lines": 0, "excluded_lines": 0}, "missing_lines": [], "excluded_lines": []}}, "classes": {"": {"executed_lines": [], "summary": {"covered_lines": 0, "num_statements": 0, "percent_covered": 100.0, "percent_covered_display": "100.00", "missing_lines": 0, "excluded_lines": 0}, "missing_lines": [], "excluded_lines": []}}}, "backend\\api\\routes.py": {"executed_lines": [], "summary": {"covered_lines": 0, "num_statements": 350, "percent_covered": 0.0, "percent_covered_display": "0.00", "missing_lines": 350, "excluded_lines": 0}, "missing_lines": [1, 2, 3, 4, 5, 11, 12, 13, 14, 15, 16, 17, 18, 19, 20, 23, 24, 25, 27, 29, 32, 33, 36, 39, 54, 55, 56, 57, 58, 59, 62, 63, 64, 66, 68, 70, 71, 72, 75, 76, 77, 78, 79, 80, 83, 91, 94, 96, 97, 102, 108, 113, 118, 120, 125, 136, 141, 146, 147, 149, 150, 151, 152, 155, 158, 165, 167, 168, 169, 170, 171, 172, 173, 176, 177, 178, 179, 180, 183, 184, 186, 188, 189, 190, 195, 197, 198, 199, 200, 201, 202, 205, 206, 207, 210, 216, 218, 220, 221, 222, 225, 226, 227, 228, 229, 232, 240, 243, 248, 260, 261, 263, 264, 265, 266, 269, 272, 279, 281, 282, 283, 284, 285, 286, 287, 290, 291, 292, 293, 294, 297, 298, 300, 302, 303, 304, 309, 311, 312, 314, 315, 316, 318, 319, 321, 322, 325, 345, 346, 348, 349, 350, 351, 352, 353, 355, 356, 357, 359, 360, 361, 363, 365, 366, 367, 370, 371, 374, 375, 376, 377, 378, 381, 391, 401, 404, 411, 418, 419, 420, 428, 431, 441, 442, 443, 447, 449, 450, 455, 456, 470, 480, 481, 482, 490, 491, 492, 494, 495, 496, 497, 498, 499, 500, 507, 509, 522, 523, 524, 528, 530, 531, 532, 533, 534, 535, 537, 539, 541, 542, 543, 546, 547, 548, 549, 552, 553, 554, 555, 556, 558, 561, 562, 571, 574, 575, 576, 580, 582, 583, 584, 599, 600, 603, 604, 605, 606, 607, 609, 610, 612, 626, 627, 628, 632, 634, 635, 636, 638, 640, 641, 644, 645, 648, 649, 651, 653, 664, 665, 675, 676, 677, 688, 689, 690, 692, 693, 694, 695, 696, 697, 698, 707, 708, 711, 712, 714, 721, 722, 723, 727, 729, 730, 732, 733, 736, 741, 750, 751, 752, 757, 758, 759, 761, 763, 764, 767, 768, 770, 771, 777, 783, 784, 785, 792, 793, 804, 807, 808, 810, 817, 818, 819, 823, 825, 826, 828, 829, 847, 853, 854, 855, 859, 861, 862, 864, 865, 870, 871, 872, 878, 879, 881, 883, 885, 886, 892, 898, 899, 900], "excluded_lines": [], "functions": {"get_metrics": {"executed_lines": [], "summary": {"covered_lines": 0, "num_statements": 55, "percent_covered": 0.0, "percent_covered_display": "0.00", "missing_lines": 55, "excluded_lines": 0}, "missing_lines": [62, 63, 64, 66, 68, 70, 71, 72, 75, 76, 77, 78, 79, 80, 83, 91, 94, 96, 97, 102, 108, 113, 118, 120, 125, 136, 141, 146, 147, 149, 150, 151, 152, 155, 158, 165, 167, 168, 169, 170, 171, 172, 173, 176, 177, 178, 179, 180, 183, 184, 186, 188, 189, 190, 195], "excluded_lines": []}, "get_filtered_metrics": {"executed_lines": [], "summary": {"covered_lines": 0, "num_statements": 46, "percent_covered": 0.0, "percent_covered_display": "0.00", "missing_lines": 46, "excluded_lines": 0}, "missing_lines": [205, 206, 207, 210, 216, 218, 220, 221, 222, 225, 226, 227, 228, 229, 232, 240, 243, 248, 260, 261, 263, 264, 265, 266, 269, 272, 279, 281, 282, 283, 284, 285, 286, 287, 290, 291, 292, 293, 294, 297, 298, 300, 302, 303, 304, 309], "excluded_lines": []}, "test_endpoint": {"executed_lines": [], "summary": {"covered_lines": 0, "num_statements": 3, "percent_covered": 0.0, "percent_covered_display": "0.00", "missing_lines": 3, "excluded_lines": 0}, "missing_lines": [314, 315, 316], "excluded_lines": []}, "get_metrics_simple": {"executed_lines": [], "summary": {"covered_lines": 0, "num_statements": 5, "percent_covered": 0.0, "percent_covered_display": "0.00", "missing_lines": 5, "excluded_lines": 0}, "missing_lines": [321, 322, 325, 345, 346], "excluded_lines": []}, "get_technician_ranking": {"executed_lines": [], "summary": {"covered_lines": 0, "num_statements": 55, "percent_covered": 0.0, "percent_covered_display": "0.00", "missing_lines": 55, "excluded_lines": 0}, "missing_lines": [355, 356, 357, 359, 360, 361, 363, 365, 366, 367, 370, 371, 374, 375, 376, 377, 378, 381, 391, 401, 404, 411, 418, 419, 420, 428, 431, 441, 442, 443, 447, 449, 450, 455, 456, 470, 480, 481, 482, 490, 491, 492, 494, 495, 496, 497, 498, 499, 500, 507, 509, 522, 523, 524, 528], "excluded_lines": []}, "get_new_tickets": {"executed_lines": [], "summary": {"covered_lines": 0, "num_statements": 39, "percent_covered": 0.0, "percent_covered_display": "0.00", "missing_lines": 39, "excluded_lines": 0}, "missing_lines": [537, 539, 541, 542, 543, 546, 547, 548, 549, 552, 553, 554, 555, 556, 558, 561, 562, 571, 574, 575, 576, 580, 582, 583, 584, 599, 600, 603, 604, 605, 606, 607, 609, 610, 612, 626, 627, 628, 632], "excluded_lines": []}, "get_alerts": {"executed_lines": [], "summary": {"covered_lines": 0, "num_statements": 33, "percent_covered": 0.0, "percent_covered_display": "0.00", "missing_lines": 33, "excluded_lines": 0}, "missing_lines": [638, 640, 641, 644, 645, 648, 649, 651, 653, 664, 665, 675, 676, 677, 688, 689, 690, 692, 693, 694, 695, 696, 697, 698, 707, 708, 711, 712, 714, 721, 722, 723, 727], "excluded_lines": []}, "get_performance_stats": {"executed_lines": [], "summary": {"covered_lines": 0, "num_statements": 7, "percent_covered": 0.0, "percent_covered_display": "0.00", "missing_lines": 7, "excluded_lines": 0}, "missing_lines": [732, 733, 736, 741, 750, 751, 752], "excluded_lines": []}, "get_status": {"executed_lines": [], "summary": {"covered_lines": 0, "num_statements": 21, "percent_covered": 0.0, "percent_covered_display": "0.00", "missing_lines": 21, "excluded_lines": 0}, "missing_lines": [761, 763, 764, 767, 768, 770, 771, 777, 783, 784, 785, 792, 793, 804, 807, 808, 810, 817, 818, 819, 823], "excluded_lines": []}, "get_filter_types": {"executed_lines": [], "summary": {"covered_lines": 0, "num_statements": 7, "percent_covered": 0.0, "percent_covered_display": "0.00", "missing_lines": 7, "excluded_lines": 0}, "missing_lines": [828, 829, 847, 853, 854, 855, 859], "excluded_lines": []}, "health_check": {"executed_lines": [], "summary": {"covered_lines": 0, "num_statements": 5, "percent_covered": 0.0, "percent_covered_display": "0.00", "missing_lines": 5, "excluded_lines": 0}, "missing_lines": [864, 865, 870, 871, 872], "excluded_lines": []}, "glpi_health_check": {"executed_lines": [], "summary": {"covered_lines": 0, "num_statements": 8, "percent_covered": 0.0, "percent_covered_display": "0.00", "missing_lines": 8, "excluded_lines": 0}, "missing_lines": [881, 883, 885, 886, 892, 898, 899, 900], "excluded_lines": []}, "": {"executed_lines": [], "summary": {"covered_lines": 0, "num_statements": 66, "percent_covered": 0.0, "percent_covered_display": "0.00", "missing_lines": 66, "excluded_lines": 0}, "missing_lines": [1, 2, 3, 4, 5, 11, 12, 13, 14, 15, 16, 17, 18, 19, 20, 23, 24, 25, 27, 29, 32, 33, 36, 39, 54, 55, 56, 57, 58, 59, 197, 198, 199, 200, 201, 202, 311, 312, 318, 319, 348, 349, 350, 351, 352, 353, 530, 531, 532, 533, 534, 535, 634, 635, 636, 729, 730, 757, 758, 759, 825, 826, 861, 862, 878, 879], "excluded_lines": []}}, "classes": {"": {"executed_lines": [], "summary": {"covered_lines": 0, "num_statements": 350, "percent_covered": 0.0, "percent_covered_display": "0.00", "missing_lines": 350, "excluded_lines": 0}, "missing_lines": [1, 2, 3, 4, 5, 11, 12, 13, 14, 15, 16, 17, 18, 19, 20, 23, 24, 25, 27, 29, 32, 33, 36, 39, 54, 55, 56, 57, 58, 59, 62, 63, 64, 66, 68, 70, 71, 72, 75, 76, 77, 78, 79, 80, 83, 91, 94, 96, 97, 102, 108, 113, 118, 120, 125, 136, 141, 146, 147, 149, 150, 151, 152, 155, 158, 165, 167, 168, 169, 170, 171, 172, 173, 176, 177, 178, 179, 180, 183, 184, 186, 188, 189, 190, 195, 197, 198, 199, 200, 201, 202, 205, 206, 207, 210, 216, 218, 220, 221, 222, 225, 226, 227, 228, 229, 232, 240, 243, 248, 260, 261, 263, 264, 265, 266, 269, 272, 279, 281, 282, 283, 284, 285, 286, 287, 290, 291, 292, 293, 294, 297, 298, 300, 302, 303, 304, 309, 311, 312, 314, 315, 316, 318, 319, 321, 322, 325, 345, 346, 348, 349, 350, 351, 352, 353, 355, 356, 357, 359, 360, 361, 363, 365, 366, 367, 370, 371, 374, 375, 376, 377, 378, 381, 391, 401, 404, 411, 418, 419, 420, 428, 431, 441, 442, 443, 447, 449, 450, 455, 456, 470, 480, 481, 482, 490, 491, 492, 494, 495, 496, 497, 498, 499, 500, 507, 509, 522, 523, 524, 528, 530, 531, 532, 533, 534, 535, 537, 539, 541, 542, 543, 546, 547, 548, 549, 552, 553, 554, 555, 556, 558, 561, 562, 571, 574, 575, 576, 580, 582, 583, 584, 599, 600, 603, 604, 605, 606, 607, 609, 610, 612, 626, 627, 628, 632, 634, 635, 636, 638, 640, 641, 644, 645, 648, 649, 651, 653, 664, 665, 675, 676, 677, 688, 689, 690, 692, 693, 694, 695, 696, 697, 698, 707, 708, 711, 712, 714, 721, 722, 723, 727, 729, 730, 732, 733, 736, 741, 750, 751, 752, 757, 758, 759, 761, 763, 764, 767, 768, 770, 771, 777, 783, 784, 785, 792, 793, 804, 807, 808, 810, 817, 818, 819, 823, 825, 826, 828, 829, 847, 853, 854, 855, 859, 861, 862, 864, 865, 870, 871, 872, 878, 879, 881, 883, 885, 886, 892, 898, 899, 900], "excluded_lines": []}}}, "backend\\app.py": {"executed_lines": [], "summary": {"covered_lines": 0, "num_statements": 40, "percent_covered": 0.0, "percent_covered_display": "0.00", "missing_lines": 40, "excluded_lines": 8}, "missing_lines": [6, 7, 8, 9, 10, 11, 12, 15, 16, 18, 19, 20, 21, 22, 23, 26, 28, 30, 33, 34, 36, 39, 43, 46, 53, 55, 56, 58, 65, 71, 73, 78, 86, 89, 98, 101, 102, 105, 113, 116], "excluded_lines": [118, 120, 122, 123, 124, 125, 127, 129], "functions": {"create_app": {"executed_lines": [], "summary": {"covered_lines": 0, "num_statements": 22, "percent_covered": 0.0, "percent_covered_display": "0.00", "missing_lines": 22, "excluded_lines": 0}, "missing_lines": [30, 33, 34, 36, 39, 43, 46, 53, 55, 56, 58, 65, 71, 73, 78, 86, 89, 98, 101, 102, 105, 113], "excluded_lines": []}, "": {"executed_lines": [], "summary": {"covered_lines": 0, "num_statements": 18, "percent_covered": 0.0, "percent_covered_display": "0.00", "missing_lines": 18, "excluded_lines": 8}, "missing_lines": [6, 7, 8, 9, 10, 11, 12, 15, 16, 18, 19, 20, 21, 22, 23, 26, 28, 116], "excluded_lines": [118, 120, 122, 123, 124, 125, 127, 129]}}, "classes": {"": {"executed_lines": [], "summary": {"covered_lines": 0, "num_statements": 40, "percent_covered": 0.0, "percent_covered_display": "0.00", "missing_lines": 40, "excluded_lines": 8}, "missing_lines": [6, 7, 8, 9, 10, 11, 12, 15, 16, 18, 19, 20, 21, 22, 23, 26, 28, 30, 33, 34, 36, 39, 43, 46, 53, 55, 56, 58, 65, 71, 73, 78, 86, 89, 98, 101, 102, 105, 113, 116], "excluded_lines": [118, 120, 122, 123, 124, 125, 127, 129]}}}, "backend\\assignment_based_technician_solution.py": {"executed_lines": [], "summary": {"covered_lines": 0, "num_statements": 185, "percent_covered": 0.0, "percent_covered_display": "0.00", "missing_lines": 185, "excluded_lines": 2}, "missing_lines": [8, 9, 10, 11, 12, 15, 17, 19, 31, 33, 34, 36, 38, 57, 58, 59, 61, 63, 64, 65, 67, 70, 71, 72, 73, 74, 76, 79, 80, 81, 82, 83, 88, 89, 92, 93, 94, 95, 97, 98, 99, 100, 101, 102, 103, 104, 106, 109, 110, 111, 112, 113, 114, 116, 118, 127, 128, 130, 133, 134, 135, 136, 138, 139, 140, 141, 143, 145, 146, 147, 149, 153, 154, 156, 157, 158, 160, 161, 163, 165, 166, 168, 169, 171, 193, 194, 195, 196, 197, 199, 202, 203, 204, 205, 211, 214, 215, 216, 217, 218, 220, 221, 223, 225, 227, 228, 230, 231, 232, 234, 235, 236, 238, 242, 243, 246, 248, 249, 250, 253, 254, 255, 256, 257, 258, 261, 263, 264, 266, 267, 271, 273, 277, 279, 281, 283, 284, 291, 292, 298, 301, 381, 382, 383, 384, 386, 388, 389, 390, 392, 393, 394, 397, 399, 401, 403, 404, 405, 407, 410, 411, 413, 414, 415, 418, 419, 420, 422, 425, 426, 428, 429, 430, 431, 434, 435, 437, 438, 439, 440, 442, 444, 445, 446, 447], "excluded_lines": [449, 450], "functions": {"get_technicians_by_assignments": {"executed_lines": [], "summary": {"covered_lines": 0, "num_statements": 62, "percent_covered": 0.0, "percent_covered_display": "0.00", "missing_lines": 62, "excluded_lines": 0}, "missing_lines": [31, 33, 34, 36, 38, 57, 58, 59, 61, 63, 64, 65, 67, 70, 71, 72, 73, 74, 76, 79, 80, 81, 82, 83, 88, 89, 92, 93, 94, 95, 97, 98, 99, 100, 101, 102, 103, 104, 106, 109, 110, 111, 112, 113, 114, 116, 118, 127, 128, 130, 133, 134, 135, 136, 138, 139, 140, 141, 143, 145, 146, 147], "excluded_lines": []}, "test_ticket_counting_with_date_filter": {"executed_lines": [], "summary": {"covered_lines": 0, "num_statements": 41, "percent_covered": 0.0, "percent_covered_display": "0.00", "missing_lines": 41, "excluded_lines": 0}, "missing_lines": [153, 154, 156, 157, 158, 160, 161, 163, 165, 166, 168, 169, 171, 193, 194, 195, 196, 197, 199, 202, 203, 204, 205, 211, 214, 215, 216, 217, 218, 220, 221, 223, 225, 227, 228, 230, 231, 232, 234, 235, 236], "excluded_lines": []}, "generate_ranking_with_date_filter": {"executed_lines": [], "summary": {"covered_lines": 0, "num_statements": 18, "percent_covered": 0.0, "percent_covered_display": "0.00", "missing_lines": 18, "excluded_lines": 0}, "missing_lines": [242, 243, 246, 248, 249, 250, 253, 254, 255, 256, 257, 258, 261, 263, 264, 266, 267, 271], "excluded_lines": []}, "save_solution_to_service": {"executed_lines": [], "summary": {"covered_lines": 0, "num_statements": 17, "percent_covered": 0.0, "percent_covered_display": "0.00", "missing_lines": 17, "excluded_lines": 0}, "missing_lines": [277, 279, 281, 283, 284, 291, 292, 298, 301, 381, 382, 383, 384, 386, 388, 389, 390], "excluded_lines": []}, "main": {"executed_lines": [], "summary": {"covered_lines": 0, "num_statements": 35, "percent_covered": 0.0, "percent_covered_display": "0.00", "missing_lines": 35, "excluded_lines": 0}, "missing_lines": [393, 394, 397, 399, 401, 403, 404, 405, 407, 410, 411, 413, 414, 415, 418, 419, 420, 422, 425, 426, 428, 429, 430, 431, 434, 435, 437, 438, 439, 440, 442, 444, 445, 446, 447], "excluded_lines": []}, "": {"executed_lines": [], "summary": {"covered_lines": 0, "num_statements": 12, "percent_covered": 0.0, "percent_covered_display": "0.00", "missing_lines": 12, "excluded_lines": 2}, "missing_lines": [8, 9, 10, 11, 12, 15, 17, 19, 149, 238, 273, 392], "excluded_lines": [449, 450]}}, "classes": {"": {"executed_lines": [], "summary": {"covered_lines": 0, "num_statements": 185, "percent_covered": 0.0, "percent_covered_display": "0.00", "missing_lines": 185, "excluded_lines": 2}, "missing_lines": [8, 9, 10, 11, 12, 15, 17, 19, 31, 33, 34, 36, 38, 57, 58, 59, 61, 63, 64, 65, 67, 70, 71, 72, 73, 74, 76, 79, 80, 81, 82, 83, 88, 89, 92, 93, 94, 95, 97, 98, 99, 100, 101, 102, 103, 104, 106, 109, 110, 111, 112, 113, 114, 116, 118, 127, 128, 130, 133, 134, 135, 136, 138, 139, 140, 141, 143, 145, 146, 147, 149, 153, 154, 156, 157, 158, 160, 161, 163, 165, 166, 168, 169, 171, 193, 194, 195, 196, 197, 199, 202, 203, 204, 205, 211, 214, 215, 216, 217, 218, 220, 221, 223, 225, 227, 228, 230, 231, 232, 234, 235, 236, 238, 242, 243, 246, 248, 249, 250, 253, 254, 255, 256, 257, 258, 261, 263, 264, 266, 267, 271, 273, 277, 279, 281, 283, 284, 291, 292, 298, 301, 381, 382, 383, 384, 386, 388, 389, 390, 392, 393, 394, 397, 399, 401, 403, 404, 405, 407, 410, 411, 413, 414, 415, 418, 419, 420, 422, 425, 426, 428, 429, 430, 431, 434, 435, 437, 438, 439, 440, 442, 444, 445, 446, 447], "excluded_lines": [449, 450]}}}, "backend\\audit_dashboard_metrics.py": {"executed_lines": [], "summary": {"covered_lines": 0, "num_statements": 179, "percent_covered": 0.0, "percent_covered_display": "0.00", "missing_lines": 179, "excluded_lines": 9}, "missing_lines": [7, 8, 9, 10, 11, 12, 13, 16, 17, 19, 20, 21, 22, 23, 25, 27, 29, 37, 38, 39, 40, 41, 43, 44, 45, 47, 48, 49, 50, 53, 55, 56, 58, 60, 62, 63, 64, 66, 69, 70, 71, 72, 73, 74, 75, 78, 79, 82, 83, 84, 85, 86, 88, 90, 92, 94, 95, 96, 97, 98, 99, 100, 101, 103, 105, 107, 109, 111, 112, 113, 115, 116, 119, 120, 122, 123, 124, 126, 129, 130, 132, 133, 134, 136, 138, 140, 141, 142, 144, 147, 148, 149, 151, 152, 153, 154, 155, 156, 159, 160, 162, 164, 166, 168, 170, 171, 176, 177, 180, 181, 182, 183, 185, 186, 187, 189, 192, 194, 195, 197, 199, 201, 203, 204, 206, 207, 208, 210, 211, 212, 215, 216, 219, 220, 221, 222, 225, 227, 229, 230, 232, 234, 236, 237, 239, 240, 241, 243, 244, 246, 248, 250, 251, 252, 255, 258, 259, 260, 261, 264, 265, 266, 268, 269, 270, 273, 274, 275, 276, 278, 281, 282, 283, 284, 285, 286, 287, 289, 290], "excluded_lines": [292, 293, 294, 296, 299, 300, 301, 304, 306], "functions": {"DashboardAuditor.__init__": {"executed_lines": [], "summary": {"covered_lines": 0, "num_statements": 3, "percent_covered": 0.0, "percent_covered_display": "0.00", "missing_lines": 3, "excluded_lines": 0}, "missing_lines": [21, 22, 23], "excluded_lines": []}, "DashboardAuditor.test_api_endpoints": {"executed_lines": [], "summary": {"covered_lines": 0, "num_statements": 17, "percent_covered": 0.0, "percent_covered_display": "0.00", "missing_lines": 17, "excluded_lines": 0}, "missing_lines": [27, 29, 37, 38, 39, 40, 41, 43, 44, 45, 47, 48, 49, 50, 53, 55, 56], "excluded_lines": []}, "DashboardAuditor.analyze_metrics_response": {"executed_lines": [], "summary": {"covered_lines": 0, "num_statements": 20, "percent_covered": 0.0, "percent_covered_display": "0.00", "missing_lines": 20, "excluded_lines": 0}, "missing_lines": [60, 62, 63, 64, 66, 69, 70, 71, 72, 73, 74, 75, 78, 79, 82, 83, 84, 85, 86, 88], "excluded_lines": []}, "DashboardAuditor.analyze_simple_metrics": {"executed_lines": [], "summary": {"covered_lines": 0, "num_statements": 10, "percent_covered": 0.0, "percent_covered_display": "0.00", "missing_lines": 10, "excluded_lines": 0}, "missing_lines": [92, 94, 95, 96, 97, 98, 99, 100, 101, 103], "excluded_lines": []}, "DashboardAuditor.test_glpi_service_direct": {"executed_lines": [], "summary": {"covered_lines": 0, "num_statements": 18, "percent_covered": 0.0, "percent_covered_display": "0.00", "missing_lines": 18, "excluded_lines": 0}, "missing_lines": [107, 109, 111, 112, 113, 115, 116, 119, 120, 122, 123, 124, 126, 129, 130, 132, 133, 134], "excluded_lines": []}, "DashboardAuditor.analyze_direct_metrics": {"executed_lines": [], "summary": {"covered_lines": 0, "num_statements": 17, "percent_covered": 0.0, "percent_covered_display": "0.00", "missing_lines": 17, "excluded_lines": 0}, "missing_lines": [138, 140, 141, 142, 144, 147, 148, 149, 151, 152, 153, 154, 155, 156, 159, 160, 162], "excluded_lines": []}, "DashboardAuditor.test_direct_ticket_counts": {"executed_lines": [], "summary": {"covered_lines": 0, "num_statements": 17, "percent_covered": 0.0, "percent_covered_display": "0.00", "missing_lines": 17, "excluded_lines": 0}, "missing_lines": [166, 168, 170, 171, 176, 177, 180, 181, 182, 183, 185, 186, 187, 189, 192, 194, 195], "excluded_lines": []}, "DashboardAuditor.test_technician_ranking": {"executed_lines": [], "summary": {"covered_lines": 0, "num_statements": 20, "percent_covered": 0.0, "percent_covered_display": "0.00", "missing_lines": 20, "excluded_lines": 0}, "missing_lines": [199, 201, 203, 204, 206, 207, 208, 210, 211, 212, 215, 216, 219, 220, 221, 222, 225, 227, 229, 230], "excluded_lines": []}, "DashboardAuditor.compare_metrics": {"executed_lines": [], "summary": {"covered_lines": 0, "num_statements": 9, "percent_covered": 0.0, "percent_covered_display": "0.00", "missing_lines": 9, "excluded_lines": 0}, "missing_lines": [234, 236, 237, 239, 240, 241, 243, 244, 246], "excluded_lines": []}, "DashboardAuditor.generate_summary_report": {"executed_lines": [], "summary": {"covered_lines": 0, "num_statements": 28, "percent_covered": 0.0, "percent_covered_display": "0.00", "missing_lines": 28, "excluded_lines": 0}, "missing_lines": [250, 251, 252, 255, 258, 259, 260, 261, 264, 265, 266, 268, 269, 270, 273, 274, 275, 276, 278, 281, 282, 283, 284, 285, 286, 287, 289, 290], "excluded_lines": []}, "": {"executed_lines": [], "summary": {"covered_lines": 0, "num_statements": 20, "percent_covered": 0.0, "percent_covered_display": "0.00", "missing_lines": 20, "excluded_lines": 9}, "missing_lines": [7, 8, 9, 10, 11, 12, 13, 16, 17, 19, 20, 25, 58, 90, 105, 136, 164, 197, 232, 248], "excluded_lines": [292, 293, 294, 296, 299, 300, 301, 304, 306]}}, "classes": {"DashboardAuditor": {"executed_lines": [], "summary": {"covered_lines": 0, "num_statements": 159, "percent_covered": 0.0, "percent_covered_display": "0.00", "missing_lines": 159, "excluded_lines": 0}, "missing_lines": [21, 22, 23, 27, 29, 37, 38, 39, 40, 41, 43, 44, 45, 47, 48, 49, 50, 53, 55, 56, 60, 62, 63, 64, 66, 69, 70, 71, 72, 73, 74, 75, 78, 79, 82, 83, 84, 85, 86, 88, 92, 94, 95, 96, 97, 98, 99, 100, 101, 103, 107, 109, 111, 112, 113, 115, 116, 119, 120, 122, 123, 124, 126, 129, 130, 132, 133, 134, 138, 140, 141, 142, 144, 147, 148, 149, 151, 152, 153, 154, 155, 156, 159, 160, 162, 166, 168, 170, 171, 176, 177, 180, 181, 182, 183, 185, 186, 187, 189, 192, 194, 195, 199, 201, 203, 204, 206, 207, 208, 210, 211, 212, 215, 216, 219, 220, 221, 222, 225, 227, 229, 230, 234, 236, 237, 239, 240, 241, 243, 244, 246, 250, 251, 252, 255, 258, 259, 260, 261, 264, 265, 266, 268, 269, 270, 273, 274, 275, 276, 278, 281, 282, 283, 284, 285, 286, 287, 289, 290], "excluded_lines": []}, "": {"executed_lines": [], "summary": {"covered_lines": 0, "num_statements": 20, "percent_covered": 0.0, "percent_covered_display": "0.00", "missing_lines": 20, "excluded_lines": 9}, "missing_lines": [7, 8, 9, 10, 11, 12, 13, 16, 17, 19, 20, 25, 58, 90, 105, 136, 164, 197, 232, 248], "excluded_lines": [292, 293, 294, 296, 299, 300, 301, 304, 306]}}}, "backend\\comprehensive_debug.py": {"executed_lines": [], "summary": {"covered_lines": 0, "num_statements": 105, "percent_covered": 0.0, "percent_covered_display": "0.00", "missing_lines": 105, "excluded_lines": 2}, "missing_lines": [7, 8, 9, 11, 12, 13, 15, 17, 19, 22, 23, 24, 25, 26, 29, 30, 31, 32, 33, 35, 38, 39, 46, 52, 53, 54, 55, 56, 57, 58, 60, 61, 62, 65, 66, 69, 70, 71, 72, 73, 74, 75, 76, 79, 81, 82, 84, 87, 90, 91, 92, 94, 96, 97, 98, 101, 117, 119, 125, 126, 127, 128, 131, 132, 134, 135, 136, 137, 138, 139, 142, 143, 144, 146, 147, 148, 149, 150, 152, 153, 155, 158, 160, 161, 164, 166, 167, 173, 174, 176, 177, 179, 180, 181, 182, 185, 187, 188, 190, 191, 193, 194, 196, 197, 199], "excluded_lines": [201, 202], "functions": {"test_comprehensive_ranking": {"executed_lines": [], "summary": {"covered_lines": 0, "num_statements": 98, "percent_covered": 0.0, "percent_covered_display": "0.00", "missing_lines": 98, "excluded_lines": 0}, "missing_lines": [17, 19, 22, 23, 24, 25, 26, 29, 30, 31, 32, 33, 35, 38, 39, 46, 52, 53, 54, 55, 56, 57, 58, 60, 61, 62, 65, 66, 69, 70, 71, 72, 73, 74, 75, 76, 79, 81, 82, 84, 87, 90, 91, 92, 94, 96, 97, 98, 101, 117, 119, 125, 126, 127, 128, 131, 132, 134, 135, 136, 137, 138, 139, 142, 143, 144, 146, 147, 148, 149, 150, 152, 153, 155, 158, 160, 161, 164, 166, 167, 173, 174, 176, 177, 179, 180, 181, 182, 185, 187, 188, 190, 191, 193, 194, 196, 197, 199], "excluded_lines": []}, "": {"executed_lines": [], "summary": {"covered_lines": 0, "num_statements": 7, "percent_covered": 0.0, "percent_covered_display": "0.00", "missing_lines": 7, "excluded_lines": 2}, "missing_lines": [7, 8, 9, 11, 12, 13, 15], "excluded_lines": [201, 202]}}, "classes": {"": {"executed_lines": [], "summary": {"covered_lines": 0, "num_statements": 105, "percent_covered": 0.0, "percent_covered_display": "0.00", "missing_lines": 105, "excluded_lines": 2}, "missing_lines": [7, 8, 9, 11, 12, 13, 15, 17, 19, 22, 23, 24, 25, 26, 29, 30, 31, 32, 33, 35, 38, 39, 46, 52, 53, 54, 55, 56, 57, 58, 60, 61, 62, 65, 66, 69, 70, 71, 72, 73, 74, 75, 76, 79, 81, 82, 84, 87, 90, 91, 92, 94, 96, 97, 98, 101, 117, 119, 125, 126, 127, 128, 131, 132, 134, 135, 136, 137, 138, 139, 142, 143, 144, 146, 147, 148, 149, 150, 152, 153, 155, 158, 160, 161, 164, 166, 167, 173, 174, 176, 177, 179, 180, 181, 182, 185, 187, 188, 190, 191, 193, 194, 196, 197, 199], "excluded_lines": [201, 202]}}}, "backend\\comprehensive_technician_investigation.py": {"executed_lines": [], "summary": {"covered_lines": 0, "num_statements": 197, "percent_covered": 0.0, "percent_covered_display": "0.00", "missing_lines": 197, "excluded_lines": 2}, "missing_lines": [8, 9, 10, 11, 12, 15, 17, 19, 23, 25, 32, 34, 35, 37, 39, 44, 45, 46, 47, 49, 50, 53, 66, 67, 68, 70, 71, 72, 73, 76, 81, 82, 83, 84, 86, 87, 88, 89, 91, 92, 93, 94, 95, 96, 97, 98, 100, 102, 108, 114, 115, 116, 118, 119, 120, 122, 124, 128, 130, 132, 142, 143, 144, 146, 148, 149, 150, 152, 155, 156, 157, 158, 160, 161, 162, 163, 165, 168, 169, 170, 171, 176, 177, 178, 179, 181, 187, 189, 190, 192, 194, 195, 196, 198, 202, 204, 206, 207, 209, 228, 229, 230, 232, 234, 235, 236, 238, 241, 242, 244, 245, 246, 248, 249, 251, 252, 254, 255, 256, 257, 262, 263, 264, 265, 266, 268, 269, 270, 271, 272, 273, 275, 277, 279, 281, 282, 284, 285, 286, 287, 292, 293, 294, 295, 297, 299, 300, 302, 307, 308, 309, 311, 315, 318, 319, 320, 321, 322, 328, 329, 331, 384, 385, 388, 390, 448, 449, 451, 452, 454, 456, 457, 458, 461, 463, 465, 467, 468, 469, 471, 474, 477, 480, 483, 485, 488, 489, 492, 493, 496, 497, 498, 500, 502, 503, 504, 505], "excluded_lines": [507, 508], "functions": {"investigate_n_groups": {"executed_lines": [], "summary": {"covered_lines": 0, "num_statements": 48, "percent_covered": 0.0, "percent_covered_display": "0.00", "missing_lines": 48, "excluded_lines": 0}, "missing_lines": [23, 25, 32, 34, 35, 37, 39, 44, 45, 46, 47, 49, 50, 53, 66, 67, 68, 70, 71, 72, 73, 76, 81, 82, 83, 84, 86, 87, 88, 89, 91, 92, 93, 94, 95, 96, 97, 98, 100, 102, 108, 114, 115, 116, 118, 119, 120, 122], "excluded_lines": []}, "investigate_all_groups_with_users": {"executed_lines": [], "summary": {"covered_lines": 0, "num_statements": 36, "percent_covered": 0.0, "percent_covered_display": "0.00", "missing_lines": 36, "excluded_lines": 0}, "missing_lines": [128, 130, 132, 142, 143, 144, 146, 148, 149, 150, 152, 155, 156, 157, 158, 160, 161, 162, 163, 165, 168, 169, 170, 171, 176, 177, 178, 179, 181, 187, 189, 190, 192, 194, 195, 196], "excluded_lines": []}, "investigate_ticket_assignments": {"executed_lines": [], "summary": {"covered_lines": 0, "num_statements": 57, "percent_covered": 0.0, "percent_covered_display": "0.00", "missing_lines": 57, "excluded_lines": 0}, "missing_lines": [202, 204, 206, 207, 209, 228, 229, 230, 232, 234, 235, 236, 238, 241, 242, 244, 245, 246, 248, 249, 251, 252, 254, 255, 256, 257, 262, 263, 264, 265, 266, 268, 269, 270, 271, 272, 273, 275, 277, 279, 281, 282, 284, 285, 286, 287, 292, 293, 294, 295, 297, 299, 300, 302, 307, 308, 309], "excluded_lines": []}, "generate_solution_code": {"executed_lines": [], "summary": {"covered_lines": 0, "num_statements": 18, "percent_covered": 0.0, "percent_covered_display": "0.00", "missing_lines": 18, "excluded_lines": 0}, "missing_lines": [315, 318, 319, 320, 321, 322, 328, 329, 331, 384, 385, 388, 390, 448, 449, 451, 452, 454], "excluded_lines": []}, "main": {"executed_lines": [], "summary": {"covered_lines": 0, "num_statements": 26, "percent_covered": 0.0, "percent_covered_display": "0.00", "missing_lines": 26, "excluded_lines": 0}, "missing_lines": [457, 458, 461, 463, 465, 467, 468, 469, 471, 474, 477, 480, 483, 485, 488, 489, 492, 493, 496, 497, 498, 500, 502, 503, 504, 505], "excluded_lines": []}, "": {"executed_lines": [], "summary": {"covered_lines": 0, "num_statements": 12, "percent_covered": 0.0, "percent_covered_display": "0.00", "missing_lines": 12, "excluded_lines": 2}, "missing_lines": [8, 9, 10, 11, 12, 15, 17, 19, 124, 198, 311, 456], "excluded_lines": [507, 508]}}, "classes": {"": {"executed_lines": [], "summary": {"covered_lines": 0, "num_statements": 197, "percent_covered": 0.0, "percent_covered_display": "0.00", "missing_lines": 197, "excluded_lines": 2}, "missing_lines": [8, 9, 10, 11, 12, 15, 17, 19, 23, 25, 32, 34, 35, 37, 39, 44, 45, 46, 47, 49, 50, 53, 66, 67, 68, 70, 71, 72, 73, 76, 81, 82, 83, 84, 86, 87, 88, 89, 91, 92, 93, 94, 95, 96, 97, 98, 100, 102, 108, 114, 115, 116, 118, 119, 120, 122, 124, 128, 130, 132, 142, 143, 144, 146, 148, 149, 150, 152, 155, 156, 157, 158, 160, 161, 162, 163, 165, 168, 169, 170, 171, 176, 177, 178, 179, 181, 187, 189, 190, 192, 194, 195, 196, 198, 202, 204, 206, 207, 209, 228, 229, 230, 232, 234, 235, 236, 238, 241, 242, 244, 245, 246, 248, 249, 251, 252, 254, 255, 256, 257, 262, 263, 264, 265, 266, 268, 269, 270, 271, 272, 273, 275, 277, 279, 281, 282, 284, 285, 286, 287, 292, 293, 294, 295, 297, 299, 300, 302, 307, 308, 309, 311, 315, 318, 319, 320, 321, 322, 328, 329, 331, 384, 385, 388, 390, 448, 449, 451, 452, 454, 456, 457, 458, 461, 463, 465, 467, 468, 469, 471, 474, 477, 480, 483, 485, 488, 489, 492, 493, 496, 497, 498, 500, 502, 503, 504, 505], "excluded_lines": [507, 508]}}}, "backend\\config\\__init__.py": {"executed_lines": [1], "summary": {"covered_lines": 0, "num_statements": 0, "percent_covered": 100.0, "percent_covered_display": "100.00", "missing_lines": 0, "excluded_lines": 0}, "missing_lines": [], "excluded_lines": [], "functions": {"": {"executed_lines": [1], "summary": {"covered_lines": 0, "num_statements": 0, "percent_covered": 100.0, "percent_covered_display": "100.00", "missing_lines": 0, "excluded_lines": 0}, "missing_lines": [], "excluded_lines": []}}, "classes": {"": {"executed_lines": [1], "summary": {"covered_lines": 0, "num_statements": 0, "percent_covered": 100.0, "percent_covered_display": "100.00", "missing_lines": 0, "excluded_lines": 0}, "missing_lines": [], "excluded_lines": []}}}, "backend\\config\\logging_config.py": {"executed_lines": [], "summary": {"covered_lines": 0, "num_statements": 90, "percent_covered": 0.0, "percent_covered_display": "0.00", "missing_lines": 90, "excluded_lines": 0}, "missing_lines": [6, 7, 8, 9, 10, 13, 28, 29, 30, 32, 34, 78, 79, 81, 82, 85, 86, 87, 89, 91, 92, 93, 95, 106, 107, 108, 110, 113, 125, 126, 127, 130, 131, 133, 135, 139, 140, 141, 142, 146, 149, 150, 152, 153, 158, 160, 166, 167, 169, 170, 175, 177, 183, 184, 186, 187, 192, 194, 202, 205, 206, 213, 215, 216, 217, 218, 219, 220, 221, 223, 237, 239, 254, 255, 262, 264, 265, 266, 268, 281, 283, 297, 298, 305, 307, 308, 309, 311, 335, 337], "excluded_lines": [], "functions": {"get_logging_config": {"executed_lines": [], "summary": {"covered_lines": 0, "num_statements": 21, "percent_covered": 0.0, "percent_covered_display": "0.00", "missing_lines": 21, "excluded_lines": 0}, "missing_lines": [28, 29, 30, 32, 34, 78, 79, 81, 82, 85, 86, 87, 89, 91, 92, 93, 95, 106, 107, 108, 110], "excluded_lines": []}, "configure_structured_logging": {"executed_lines": [], "summary": {"covered_lines": 0, "num_statements": 11, "percent_covered": 0.0, "percent_covered_display": "0.00", "missing_lines": 11, "excluded_lines": 0}, "missing_lines": [125, 126, 127, 130, 131, 133, 135, 139, 140, 141, 142], "excluded_lines": []}, "LoggingConfig.development": {"executed_lines": [], "summary": {"covered_lines": 0, "num_statements": 4, "percent_covered": 0.0, "percent_covered_display": "0.00", "missing_lines": 4, "excluded_lines": 0}, "missing_lines": [152, 153, 158, 160], "excluded_lines": []}, "LoggingConfig.production": {"executed_lines": [], "summary": {"covered_lines": 0, "num_statements": 4, "percent_covered": 0.0, "percent_covered_display": "0.00", "missing_lines": 4, "excluded_lines": 0}, "missing_lines": [169, 170, 175, 177], "excluded_lines": []}, "LoggingConfig.testing": {"executed_lines": [], "summary": {"covered_lines": 0, "num_statements": 4, "percent_covered": 0.0, "percent_covered_display": "0.00", "missing_lines": 4, "excluded_lines": 0}, "missing_lines": [186, 187, 192, 194], "excluded_lines": []}, "MonitoringIntegration.elk_stack_config": {"executed_lines": [], "summary": {"covered_lines": 0, "num_statements": 11, "percent_covered": 0.0, "percent_covered_display": "0.00", "missing_lines": 11, "excluded_lines": 0}, "missing_lines": [213, 215, 216, 217, 218, 219, 220, 221, 223, 237, 239], "excluded_lines": []}, "MonitoringIntegration.grafana_loki_config": {"executed_lines": [], "summary": {"covered_lines": 0, "num_statements": 7, "percent_covered": 0.0, "percent_covered_display": "0.00", "missing_lines": 7, "excluded_lines": 0}, "missing_lines": [262, 264, 265, 266, 268, 281, 283], "excluded_lines": []}, "MonitoringIntegration.prometheus_config": {"executed_lines": [], "summary": {"covered_lines": 0, "num_statements": 7, "percent_covered": 0.0, "percent_covered_display": "0.00", "missing_lines": 7, "excluded_lines": 0}, "missing_lines": [305, 307, 308, 309, 311, 335, 337], "excluded_lines": []}, "": {"executed_lines": [], "summary": {"covered_lines": 0, "num_statements": 21, "percent_covered": 0.0, "percent_covered_display": "0.00", "missing_lines": 21, "excluded_lines": 0}, "missing_lines": [6, 7, 8, 9, 10, 13, 113, 146, 149, 150, 166, 167, 183, 184, 202, 205, 206, 254, 255, 297, 298], "excluded_lines": []}}, "classes": {"LoggingConfig": {"executed_lines": [], "summary": {"covered_lines": 0, "num_statements": 12, "percent_covered": 0.0, "percent_covered_display": "0.00", "missing_lines": 12, "excluded_lines": 0}, "missing_lines": [152, 153, 158, 160, 169, 170, 175, 177, 186, 187, 192, 194], "excluded_lines": []}, "MonitoringIntegration": {"executed_lines": [], "summary": {"covered_lines": 0, "num_statements": 25, "percent_covered": 0.0, "percent_covered_display": "0.00", "missing_lines": 25, "excluded_lines": 0}, "missing_lines": [213, 215, 216, 217, 218, 219, 220, 221, 223, 237, 239, 262, 264, 265, 266, 268, 281, 283, 305, 307, 308, 309, 311, 335, 337], "excluded_lines": []}, "": {"executed_lines": [], "summary": {"covered_lines": 0, "num_statements": 53, "percent_covered": 0.0, "percent_covered_display": "0.00", "missing_lines": 53, "excluded_lines": 0}, "missing_lines": [6, 7, 8, 9, 10, 13, 28, 29, 30, 32, 34, 78, 79, 81, 82, 85, 86, 87, 89, 91, 92, 93, 95, 106, 107, 108, 110, 113, 125, 126, 127, 130, 131, 133, 135, 139, 140, 141, 142, 146, 149, 150, 166, 167, 183, 184, 202, 205, 206, 254, 255, 297, 298], "excluded_lines": []}}}, "backend\\config\\settings.py": {"executed_lines": [1, 2, 3, 4, 5, 6, 9, 11, 12, 13, 15, 16, 18, 20, 21, 24, 25, 27, 28, 38, 41, 42, 43, 46, 47, 50, 51, 52, 53, 54, 55, 58, 59, 60, 62, 63, 65, 66, 67, 69, 74, 75, 78, 81, 82, 83, 85, 86, 96, 99, 100, 111, 112, 116, 117, 121, 123, 129, 131, 136, 139, 143, 144, 149, 154, 155, 190, 205, 206, 207, 210, 211, 212, 213, 216, 217, 218, 219, 222, 231, 233], "summary": {"covered_lines": 75, "num_statements": 124, "percent_covered": 60.483870967741936, "percent_covered_display": "60.48", "missing_lines": 49, "excluded_lines": 0}, "missing_lines": [30, 31, 32, 33, 34, 35, 36, 68, 70, 71, 88, 89, 90, 91, 92, 93, 94, 102, 103, 104, 105, 106, 107, 108, 114, 119, 132, 140, 145, 146, 150, 157, 158, 159, 160, 161, 164, 171, 172, 175, 176, 178, 180, 182, 186, 187, 188, 192, 235], "excluded_lines": [], "functions": {"Config.__init__": {"executed_lines": [20, 21], "summary": {"covered_lines": 2, "num_statements": 2, "percent_covered": 100.0, "percent_covered_display": "100.00", "missing_lines": 0, "excluded_lines": 0}, "missing_lines": [], "excluded_lines": []}, "Config.PORT": {"executed_lines": [], "summary": {"covered_lines": 0, "num_statements": 7, "percent_covered": 0.0, "percent_covered_display": "0.00", "missing_lines": 7, "excluded_lines": 0}, "missing_lines": [30, 31, 32, 33, 34, 35, 36], "excluded_lines": []}, "Config.API_TIMEOUT": {"executed_lines": [65, 66, 67, 69], "summary": {"covered_lines": 4, "num_statements": 7, "percent_covered": 57.142857142857146, "percent_covered_display": "57.14", "missing_lines": 3, "excluded_lines": 0}, "missing_lines": [68, 70, 71], "excluded_lines": []}, "Config.CACHE_DEFAULT_TIMEOUT": {"executed_lines": [], "summary": {"covered_lines": 0, "num_statements": 7, "percent_covered": 0.0, "percent_covered_display": "0.00", "missing_lines": 7, "excluded_lines": 0}, "missing_lines": [88, 89, 90, 91, 92, 93, 94], "excluded_lines": []}, "Config.PERFORMANCE_TARGET_P95": {"executed_lines": [], "summary": {"covered_lines": 0, "num_statements": 7, "percent_covered": 0.0, "percent_covered_display": "0.00", "missing_lines": 7, "excluded_lines": 0}, "missing_lines": [102, 103, 104, 105, 106, 107, 108], "excluded_lines": []}, "Config.MAX_CONTENT_LENGTH": {"executed_lines": [], "summary": {"covered_lines": 0, "num_statements": 1, "percent_covered": 0.0, "percent_covered_display": "0.00", "missing_lines": 1, "excluded_lines": 0}, "missing_lines": [114], "excluded_lines": []}, "Config.RATE_LIMIT_PER_MINUTE": {"executed_lines": [], "summary": {"covered_lines": 0, "num_statements": 1, "percent_covered": 0.0, "percent_covered_display": "0.00", "missing_lines": 1, "excluded_lines": 0}, "missing_lines": [119], "excluded_lines": []}, "Config._validate_required_configs": {"executed_lines": [123, 129, 131], "summary": {"covered_lines": 3, "num_statements": 4, "percent_covered": 75.0, "percent_covered_display": "75.00", "missing_lines": 1, "excluded_lines": 0}, "missing_lines": [132], "excluded_lines": []}, "Config._validate_config_values": {"executed_lines": [139, 143, 144, 149], "summary": {"covered_lines": 4, "num_statements": 8, "percent_covered": 50.0, "percent_covered_display": "50.00", "missing_lines": 4, "excluded_lines": 0}, "missing_lines": [140, 145, 146, 150], "excluded_lines": []}, "Config.configure_logging": {"executed_lines": [], "summary": {"covered_lines": 0, "num_statements": 16, "percent_covered": 0.0, "percent_covered_display": "0.00", "missing_lines": 16, "excluded_lines": 0}, "missing_lines": [157, 158, 159, 160, 161, 164, 171, 172, 175, 176, 178, 180, 182, 186, 187, 188], "excluded_lines": []}, "Config.get_config_summary": {"executed_lines": [], "summary": {"covered_lines": 0, "num_statements": 1, "percent_covered": 0.0, "percent_covered_display": "0.00", "missing_lines": 1, "excluded_lines": 0}, "missing_lines": [192], "excluded_lines": []}, "get_config": {"executed_lines": [], "summary": {"covered_lines": 0, "num_statements": 1, "percent_covered": 0.0, "percent_covered_display": "0.00", "missing_lines": 1, "excluded_lines": 0}, "missing_lines": [235], "excluded_lines": []}, "": {"executed_lines": [1, 2, 3, 4, 5, 6, 9, 11, 12, 13, 15, 16, 18, 24, 25, 27, 28, 38, 41, 42, 43, 46, 47, 50, 51, 52, 53, 54, 55, 58, 59, 60, 62, 63, 74, 75, 78, 81, 82, 83, 85, 86, 96, 99, 100, 111, 112, 116, 117, 121, 136, 154, 155, 190, 205, 206, 207, 210, 211, 212, 213, 216, 217, 218, 219, 222, 231, 233], "summary": {"covered_lines": 62, "num_statements": 62, "percent_covered": 100.0, "percent_covered_display": "100.00", "missing_lines": 0, "excluded_lines": 0}, "missing_lines": [], "excluded_lines": []}}, "classes": {"ConfigValidationError": {"executed_lines": [], "summary": {"covered_lines": 0, "num_statements": 0, "percent_covered": 100.0, "percent_covered_display": "100.00", "missing_lines": 0, "excluded_lines": 0}, "missing_lines": [], "excluded_lines": []}, "Config": {"executed_lines": [20, 21, 65, 66, 67, 69, 123, 129, 131, 139, 143, 144, 149], "summary": {"covered_lines": 13, "num_statements": 61, "percent_covered": 21.311475409836067, "percent_covered_display": "21.31", "missing_lines": 48, "excluded_lines": 0}, "missing_lines": [30, 31, 32, 33, 34, 35, 36, 68, 70, 71, 88, 89, 90, 91, 92, 93, 94, 102, 103, 104, 105, 106, 107, 108, 114, 119, 132, 140, 145, 146, 150, 157, 158, 159, 160, 161, 164, 171, 172, 175, 176, 178, 180, 182, 186, 187, 188, 192], "excluded_lines": []}, "DevelopmentConfig": {"executed_lines": [], "summary": {"covered_lines": 0, "num_statements": 0, "percent_covered": 100.0, "percent_covered_display": "100.00", "missing_lines": 0, "excluded_lines": 0}, "missing_lines": [], "excluded_lines": []}, "ProductionConfig": {"executed_lines": [], "summary": {"covered_lines": 0, "num_statements": 0, "percent_covered": 100.0, "percent_covered_display": "100.00", "missing_lines": 0, "excluded_lines": 0}, "missing_lines": [], "excluded_lines": []}, "TestingConfig": {"executed_lines": [], "summary": {"covered_lines": 0, "num_statements": 0, "percent_covered": 100.0, "percent_covered_display": "100.00", "missing_lines": 0, "excluded_lines": 0}, "missing_lines": [], "excluded_lines": []}, "": {"executed_lines": [1, 2, 3, 4, 5, 6, 9, 11, 12, 13, 15, 16, 18, 24, 25, 27, 28, 38, 41, 42, 43, 46, 47, 50, 51, 52, 53, 54, 55, 58, 59, 60, 62, 63, 74, 75, 78, 81, 82, 83, 85, 86, 96, 99, 100, 111, 112, 116, 117, 121, 136, 154, 155, 190, 205, 206, 207, 210, 211, 212, 213, 216, 217, 218, 219, 222, 231, 233], "summary": {"covered_lines": 62, "num_statements": 63, "percent_covered": 98.41269841269842, "percent_covered_display": "98.41", "missing_lines": 1, "excluded_lines": 0}, "missing_lines": [235], "excluded_lines": []}}}, "backend\\core\\application\\dto\\__init__.py": {"executed_lines": [2, 9, 24], "summary": {"covered_lines": 2, "num_statements": 2, "percent_covered": 100.0, "percent_covered_display": "100.00", "missing_lines": 0, "excluded_lines": 0}, "missing_lines": [], "excluded_lines": [], "functions": {"": {"executed_lines": [2, 9, 24], "summary": {"covered_lines": 2, "num_statements": 2, "percent_covered": 100.0, "percent_covered_display": "100.00", "missing_lines": 0, "excluded_lines": 0}, "missing_lines": [], "excluded_lines": []}}, "classes": {"": {"executed_lines": [2, 9, 24], "summary": {"covered_lines": 2, "num_statements": 2, "percent_covered": 100.0, "percent_covered_display": "100.00", "missing_lines": 0, "excluded_lines": 0}, "missing_lines": [], "excluded_lines": []}}}, "backend\\core\\application\\dto\\metrics_dto.py": {"executed_lines": [2, 9, 10, 11, 12, 14, 15, 18, 19, 20, 21, 22, 23, 24, 25, 28, 29, 30, 31, 32, 33, 34, 37, 38, 39, 40, 41, 42, 43, 44, 45, 46, 47, 49, 50, 52, 53, 54, 55, 57, 58, 59, 64, 65, 66, 67, 68, 69, 70, 71, 72, 74, 75, 77, 78, 88, 92, 94, 109, 110, 111, 112, 113, 114, 116, 117, 120, 121, 122, 123, 124, 125, 126, 127, 128, 129, 131, 132, 133, 138, 139, 141, 142, 143, 144, 145, 148, 154, 155, 156, 159, 160, 162, 163, 165, 166, 167, 169, 171, 172, 175, 176, 177, 180, 181, 182, 184, 186, 196, 213, 214, 215, 220, 221, 222, 223, 227, 231, 237, 238, 239, 241, 243, 252, 253, 258, 259, 260, 261, 264, 265, 266, 269, 270, 271, 274, 276, 277, 279, 280, 282, 284, 285, 287, 288, 290, 292, 297, 301, 303, 304, 306, 307, 314, 316, 347, 349, 357, 363], "summary": {"covered_lines": 149, "num_statements": 163, "percent_covered": 91.41104294478528, "percent_covered_display": "91.41", "missing_lines": 14, "excluded_lines": 0}, "missing_lines": [90, 96, 97, 99, 168, 188, 189, 191, 198, 281, 289, 294, 295, 299], "excluded_lines": [], "functions": {"MetricsFilterDTO.validate_end_date": {"executed_lines": [52, 53, 54, 55], "summary": {"covered_lines": 4, "num_statements": 4, "percent_covered": 100.0, "percent_covered_display": "100.00", "missing_lines": 0, "excluded_lines": 0}, "missing_lines": [], "excluded_lines": []}, "TicketMetricsDTO.validate_totals": {"executed_lines": [77, 78, 88, 92], "summary": {"covered_lines": 4, "num_statements": 5, "percent_covered": 80.0, "percent_covered_display": "80.00", "missing_lines": 1, "excluded_lines": 0}, "missing_lines": [90], "excluded_lines": []}, "TicketMetricsDTO.get_status_distribution": {"executed_lines": [], "summary": {"covered_lines": 0, "num_statements": 3, "percent_covered": 0.0, "percent_covered_display": "0.00", "missing_lines": 3, "excluded_lines": 0}, "missing_lines": [96, 97, 99], "excluded_lines": []}, "MetricsDTO.validate_levels": {"executed_lines": [165, 166, 167, 169], "summary": {"covered_lines": 4, "num_statements": 5, "percent_covered": 80.0, "percent_covered_display": "80.00", "missing_lines": 1, "excluded_lines": 0}, "missing_lines": [168], "excluded_lines": []}, "MetricsDTO.calculate_derived_metrics": {"executed_lines": [175, 176, 177, 180, 181, 182, 184], "summary": {"covered_lines": 7, "num_statements": 7, "percent_covered": 100.0, "percent_covered_display": "100.00", "missing_lines": 0, "excluded_lines": 0}, "missing_lines": [], "excluded_lines": []}, "MetricsDTO.get_level_distribution": {"executed_lines": [], "summary": {"covered_lines": 0, "num_statements": 3, "percent_covered": 0.0, "percent_covered_display": "0.00", "missing_lines": 3, "excluded_lines": 0}, "missing_lines": [188, 189, 191], "excluded_lines": []}, "MetricsDTO.get_summary_stats": {"executed_lines": [], "summary": {"covered_lines": 0, "num_statements": 1, "percent_covered": 0.0, "percent_covered_display": "0.00", "missing_lines": 1, "excluded_lines": 0}, "missing_lines": [198], "excluded_lines": []}, "DashboardMetricsDTO.get_performance_summary": {"executed_lines": [243], "summary": {"covered_lines": 1, "num_statements": 1, "percent_covered": 100.0, "percent_covered_display": "100.00", "missing_lines": 0, "excluded_lines": 0}, "missing_lines": [], "excluded_lines": []}, "MetricsResponseDTO.validate_data_when_success": {"executed_lines": [279, 280, 282], "summary": {"covered_lines": 3, "num_statements": 4, "percent_covered": 75.0, "percent_covered_display": "75.00", "missing_lines": 1, "excluded_lines": 0}, "missing_lines": [281], "excluded_lines": []}, "MetricsResponseDTO.validate_errors_when_not_success": {"executed_lines": [287, 288, 290], "summary": {"covered_lines": 3, "num_statements": 4, "percent_covered": 75.0, "percent_covered_display": "75.00", "missing_lines": 1, "excluded_lines": 0}, "missing_lines": [289], "excluded_lines": []}, "MetricsResponseDTO.add_error": {"executed_lines": [], "summary": {"covered_lines": 0, "num_statements": 2, "percent_covered": 0.0, "percent_covered_display": "0.00", "missing_lines": 2, "excluded_lines": 0}, "missing_lines": [294, 295], "excluded_lines": []}, "MetricsResponseDTO.add_warning": {"executed_lines": [], "summary": {"covered_lines": 0, "num_statements": 1, "percent_covered": 0.0, "percent_covered_display": "0.00", "missing_lines": 1, "excluded_lines": 0}, "missing_lines": [299], "excluded_lines": []}, "MetricsResponseDTO.set_execution_time": {"executed_lines": [303, 304], "summary": {"covered_lines": 2, "num_statements": 2, "percent_covered": 100.0, "percent_covered_display": "100.00", "missing_lines": 0, "excluded_lines": 0}, "missing_lines": [], "excluded_lines": []}, "create_empty_metrics_dto": {"executed_lines": [316], "summary": {"covered_lines": 1, "num_statements": 1, "percent_covered": 100.0, "percent_covered_display": "100.00", "missing_lines": 0, "excluded_lines": 0}, "missing_lines": [], "excluded_lines": []}, "create_error_response": {"executed_lines": [349], "summary": {"covered_lines": 1, "num_statements": 1, "percent_covered": 100.0, "percent_covered_display": "100.00", "missing_lines": 0, "excluded_lines": 0}, "missing_lines": [], "excluded_lines": []}, "create_success_response": {"executed_lines": [363], "summary": {"covered_lines": 1, "num_statements": 1, "percent_covered": 100.0, "percent_covered_display": "100.00", "missing_lines": 0, "excluded_lines": 0}, "missing_lines": [], "excluded_lines": []}, "": {"executed_lines": [2, 9, 10, 11, 12, 14, 15, 18, 19, 20, 21, 22, 23, 24, 25, 28, 29, 30, 31, 32, 33, 34, 37, 38, 39, 40, 41, 42, 43, 44, 45, 46, 47, 49, 50, 57, 58, 59, 64, 65, 66, 67, 68, 69, 70, 71, 72, 74, 75, 94, 109, 110, 111, 112, 113, 114, 116, 117, 120, 121, 122, 123, 124, 125, 126, 127, 128, 129, 131, 132, 133, 138, 139, 141, 142, 143, 144, 145, 148, 154, 155, 156, 159, 160, 162, 163, 171, 172, 186, 196, 213, 214, 215, 220, 221, 222, 223, 227, 231, 237, 238, 239, 241, 252, 253, 258, 259, 260, 261, 264, 265, 266, 269, 270, 271, 274, 276, 277, 284, 285, 292, 297, 301, 306, 307, 314, 347, 357], "summary": {"covered_lines": 118, "num_statements": 118, "percent_covered": 100.0, "percent_covered_display": "100.00", "missing_lines": 0, "excluded_lines": 0}, "missing_lines": [], "excluded_lines": []}}, "classes": {"TicketStatus": {"executed_lines": [], "summary": {"covered_lines": 0, "num_statements": 0, "percent_covered": 100.0, "percent_covered_display": "100.00", "missing_lines": 0, "excluded_lines": 0}, "missing_lines": [], "excluded_lines": []}, "TechnicianLevel": {"executed_lines": [], "summary": {"covered_lines": 0, "num_statements": 0, "percent_covered": 100.0, "percent_covered_display": "100.00", "missing_lines": 0, "excluded_lines": 0}, "missing_lines": [], "excluded_lines": []}, "MetricsFilterDTO": {"executed_lines": [52, 53, 54, 55], "summary": {"covered_lines": 4, "num_statements": 4, "percent_covered": 100.0, "percent_covered_display": "100.00", "missing_lines": 0, "excluded_lines": 0}, "missing_lines": [], "excluded_lines": []}, "MetricsFilterDTO.Config": {"executed_lines": [], "summary": {"covered_lines": 0, "num_statements": 0, "percent_covered": 100.0, "percent_covered_display": "100.00", "missing_lines": 0, "excluded_lines": 0}, "missing_lines": [], "excluded_lines": []}, "TicketMetricsDTO": {"executed_lines": [77, 78, 88, 92], "summary": {"covered_lines": 4, "num_statements": 8, "percent_covered": 50.0, "percent_covered_display": "50.00", "missing_lines": 4, "excluded_lines": 0}, "missing_lines": [90, 96, 97, 99], "excluded_lines": []}, "LevelMetricsDTO": {"executed_lines": [], "summary": {"covered_lines": 0, "num_statements": 0, "percent_covered": 100.0, "percent_covered_display": "100.00", "missing_lines": 0, "excluded_lines": 0}, "missing_lines": [], "excluded_lines": []}, "LevelMetricsDTO.Config": {"executed_lines": [], "summary": {"covered_lines": 0, "num_statements": 0, "percent_covered": 100.0, "percent_covered_display": "100.00", "missing_lines": 0, "excluded_lines": 0}, "missing_lines": [], "excluded_lines": []}, "TechnicianMetricsDTO": {"executed_lines": [], "summary": {"covered_lines": 0, "num_statements": 0, "percent_covered": 100.0, "percent_covered_display": "100.00", "missing_lines": 0, "excluded_lines": 0}, "missing_lines": [], "excluded_lines": []}, "TechnicianMetricsDTO.Config": {"executed_lines": [], "summary": {"covered_lines": 0, "num_statements": 0, "percent_covered": 100.0, "percent_covered_display": "100.00", "missing_lines": 0, "excluded_lines": 0}, "missing_lines": [], "excluded_lines": []}, "MetricsDTO": {"executed_lines": [165, 166, 167, 169, 175, 176, 177, 180, 181, 182, 184], "summary": {"covered_lines": 11, "num_statements": 16, "percent_covered": 68.75, "percent_covered_display": "68.75", "missing_lines": 5, "excluded_lines": 0}, "missing_lines": [168, 188, 189, 191, 198], "excluded_lines": []}, "MetricsDTO.Config": {"executed_lines": [], "summary": {"covered_lines": 0, "num_statements": 0, "percent_covered": 100.0, "percent_covered_display": "100.00", "missing_lines": 0, "excluded_lines": 0}, "missing_lines": [], "excluded_lines": []}, "DashboardMetricsDTO": {"executed_lines": [243], "summary": {"covered_lines": 1, "num_statements": 1, "percent_covered": 100.0, "percent_covered_display": "100.00", "missing_lines": 0, "excluded_lines": 0}, "missing_lines": [], "excluded_lines": []}, "DashboardMetricsDTO.Config": {"executed_lines": [], "summary": {"covered_lines": 0, "num_statements": 0, "percent_covered": 100.0, "percent_covered_display": "100.00", "missing_lines": 0, "excluded_lines": 0}, "missing_lines": [], "excluded_lines": []}, "MetricsResponseDTO": {"executed_lines": [279, 280, 282, 287, 288, 290, 303, 304], "summary": {"covered_lines": 8, "num_statements": 13, "percent_covered": 61.53846153846154, "percent_covered_display": "61.54", "missing_lines": 5, "excluded_lines": 0}, "missing_lines": [281, 289, 294, 295, 299], "excluded_lines": []}, "MetricsResponseDTO.Config": {"executed_lines": [], "summary": {"covered_lines": 0, "num_statements": 0, "percent_covered": 100.0, "percent_covered_display": "100.00", "missing_lines": 0, "excluded_lines": 0}, "missing_lines": [], "excluded_lines": []}, "": {"executed_lines": [2, 9, 10, 11, 12, 14, 15, 18, 19, 20, 21, 22, 23, 24, 25, 28, 29, 30, 31, 32, 33, 34, 37, 38, 39, 40, 41, 42, 43, 44, 45, 46, 47, 49, 50, 57, 58, 59, 64, 65, 66, 67, 68, 69, 70, 71, 72, 74, 75, 94, 109, 110, 111, 112, 113, 114, 116, 117, 120, 121, 122, 123, 124, 125, 126, 127, 128, 129, 131, 132, 133, 138, 139, 141, 142, 143, 144, 145, 148, 154, 155, 156, 159, 160, 162, 163, 171, 172, 186, 196, 213, 214, 215, 220, 221, 222, 223, 227, 231, 237, 238, 239, 241, 252, 253, 258, 259, 260, 261, 264, 265, 266, 269, 270, 271, 274, 276, 277, 284, 285, 292, 297, 301, 306, 307, 314, 316, 347, 349, 357, 363], "summary": {"covered_lines": 121, "num_statements": 121, "percent_covered": 100.0, "percent_covered_display": "100.00", "missing_lines": 0, "excluded_lines": 0}, "missing_lines": [], "excluded_lines": []}}}, "backend\\core\\application\\queries\\__init__.py": {"executed_lines": [2, 9, 29], "summary": {"covered_lines": 2, "num_statements": 2, "percent_covered": 100.0, "percent_covered_display": "100.00", "missing_lines": 0, "excluded_lines": 0}, "missing_lines": [], "excluded_lines": [], "functions": {"": {"executed_lines": [2, 9, 29], "summary": {"covered_lines": 2, "num_statements": 2, "percent_covered": 100.0, "percent_covered_display": "100.00", "missing_lines": 0, "excluded_lines": 0}, "missing_lines": [], "excluded_lines": []}}, "classes": {"": {"executed_lines": [2, 9, 29], "summary": {"covered_lines": 2, "num_statements": 2, "percent_covered": 100.0, "percent_covered_display": "100.00", "missing_lines": 0, "excluded_lines": 0}, "missing_lines": [], "excluded_lines": []}}}, "backend\\core\\application\\queries\\metrics_query.py": {"executed_lines": [2, 9, 10, 11, 12, 13, 14, 15, 17, 33, 36, 37, 38, 41, 42, 43, 46, 47, 48, 49, 50, 51, 52, 53, 54, 56, 57, 58, 61, 62, 64, 65, 73, 74, 83, 84, 92, 93, 101, 102, 104, 105, 106, 108, 110, 120, 128, 129, 130, 132, 139, 140, 142, 143, 145, 147, 149, 153, 154, 158, 159, 160, 164, 167, 168, 177, 178, 180, 186, 189, 190, 192, 194, 197, 202, 207, 213, 215, 220, 222, 224, 225, 226, 228, 233, 242, 245, 247, 248, 250, 251, 255, 261, 272, 279, 280, 283, 284, 285, 286, 287, 290, 291, 292, 294, 297, 298, 300, 306, 309, 310, 312, 314, 317, 322, 327, 333, 335, 340, 342, 353, 361, 363, 364, 365, 368, 379, 380, 381, 384, 395, 398, 401, 402, 405, 406, 408, 411, 412, 414, 415, 416, 417, 419, 425, 428, 429, 431, 433, 436, 437, 440, 443, 447, 450, 460, 462, 467, 469, 480, 486, 488, 495, 496, 498, 501, 506, 516, 517, 519, 520, 522, 524, 526, 528, 530, 532, 534, 550, 551, 553, 559, 604, 611, 640, 646, 665, 670, 681, 718], "summary": {"covered_lines": 168, "num_statements": 210, "percent_covered": 80.0, "percent_covered_display": "80.00", "missing_lines": 42, "excluded_lines": 43}, "missing_lines": [150, 155, 161, 165, 187, 252, 307, 344, 345, 346, 348, 426, 441, 444, 471, 472, 473, 475, 497, 499, 508, 509, 513, 536, 542, 543, 545, 685, 688, 691, 697, 698, 700, 701, 704, 705, 707, 708, 711, 712, 714, 715], "excluded_lines": [64, 65, 66, 67, 68, 69, 70, 71, 73, 74, 75, 76, 77, 78, 79, 80, 81, 83, 84, 85, 86, 87, 88, 89, 90, 92, 93, 94, 95, 96, 97, 98, 167, 168, 169, 170, 171, 172, 173, 174, 718, 719, 720], "functions": {"QueryContext.__post_init__": {"executed_lines": [57, 58], "summary": {"covered_lines": 2, "num_statements": 2, "percent_covered": 100.0, "percent_covered_display": "100.00", "missing_lines": 0, "excluded_lines": 0}, "missing_lines": [], "excluded_lines": []}, "MetricsDataSource.get_ticket_count_by_hierarchy": {"executed_lines": [], "summary": {"covered_lines": 0, "num_statements": 0, "percent_covered": 100.0, "percent_covered_display": "100.00", "missing_lines": 0, "excluded_lines": 2}, "missing_lines": [], "excluded_lines": [70, 71]}, "MetricsDataSource.get_technician_metrics": {"executed_lines": [], "summary": {"covered_lines": 0, "num_statements": 0, "percent_covered": 100.0, "percent_covered_display": "100.00", "missing_lines": 0, "excluded_lines": 2}, "missing_lines": [], "excluded_lines": [80, 81]}, "MetricsDataSource.get_ticket_metrics": {"executed_lines": [], "summary": {"covered_lines": 0, "num_statements": 0, "percent_covered": 100.0, "percent_covered_display": "100.00", "missing_lines": 0, "excluded_lines": 2}, "missing_lines": [], "excluded_lines": [89, 90]}, "MetricsDataSource.get_technician_hierarchy": {"executed_lines": [], "summary": {"covered_lines": 0, "num_statements": 0, "percent_covered": 100.0, "percent_covered_display": "100.00", "missing_lines": 0, "excluded_lines": 2}, "missing_lines": [], "excluded_lines": [97, 98]}, "BaseMetricsQuery.__init__": {"executed_lines": [105, 106], "summary": {"covered_lines": 2, "num_statements": 2, "percent_covered": 100.0, "percent_covered_display": "100.00", "missing_lines": 0, "excluded_lines": 0}, "missing_lines": [], "excluded_lines": []}, "BaseMetricsQuery._log_query_start": {"executed_lines": [110], "summary": {"covered_lines": 1, "num_statements": 1, "percent_covered": 100.0, "percent_covered_display": "100.00", "missing_lines": 0, "excluded_lines": 0}, "missing_lines": [], "excluded_lines": []}, "BaseMetricsQuery._log_query_end": {"executed_lines": [128, 129, 130, 132, 139, 140, 142, 143, 145], "summary": {"covered_lines": 9, "num_statements": 9, "percent_covered": 100.0, "percent_covered_display": "100.00", "missing_lines": 0, "excluded_lines": 0}, "missing_lines": [], "excluded_lines": []}, "BaseMetricsQuery._validate_filters": {"executed_lines": [149, 153, 154, 158, 159, 160, 164], "summary": {"covered_lines": 7, "num_statements": 11, "percent_covered": 63.63636363636363, "percent_covered_display": "63.64", "missing_lines": 4, "excluded_lines": 0}, "missing_lines": [150, 155, 161, 165], "excluded_lines": []}, "BaseMetricsQuery.execute": {"executed_lines": [], "summary": {"covered_lines": 0, "num_statements": 0, "percent_covered": 100.0, "percent_covered_display": "100.00", "missing_lines": 0, "excluded_lines": 2}, "missing_lines": [], "excluded_lines": [173, 174]}, "GeneralMetricsQuery.execute": {"executed_lines": [186, 189, 190, 192, 194, 197, 202, 207, 213, 215, 220, 222, 224, 225, 226, 228], "summary": {"covered_lines": 16, "num_statements": 17, "percent_covered": 94.11764705882354, "percent_covered_display": "94.12", "missing_lines": 1, "excluded_lines": 0}, "missing_lines": [187], "excluded_lines": []}, "GeneralMetricsQuery._process_general_metrics": {"executed_lines": [242, 245, 247, 248, 250, 251, 255, 261, 272, 279, 280, 283, 284, 285, 286, 287, 290, 291, 292, 294], "summary": {"covered_lines": 20, "num_statements": 21, "percent_covered": 95.23809523809524, "percent_covered_display": "95.24", "missing_lines": 1, "excluded_lines": 0}, "missing_lines": [252], "excluded_lines": []}, "TechnicianRankingQuery.execute": {"executed_lines": [306, 309, 310, 312, 314, 317, 322, 327, 333, 335, 340, 342], "summary": {"covered_lines": 12, "num_statements": 17, "percent_covered": 70.58823529411765, "percent_covered_display": "70.59", "missing_lines": 5, "excluded_lines": 0}, "missing_lines": [307, 344, 345, 346, 348], "excluded_lines": []}, "TechnicianRankingQuery._process_technician_ranking": {"executed_lines": [361, 363, 364, 365, 368, 379, 380, 381, 384, 395, 398, 401, 402, 405, 406, 408], "summary": {"covered_lines": 16, "num_statements": 16, "percent_covered": 100.0, "percent_covered_display": "100.00", "missing_lines": 0, "excluded_lines": 0}, "missing_lines": [], "excluded_lines": []}, "DashboardMetricsQuery.__init__": {"executed_lines": [415, 416, 417], "summary": {"covered_lines": 3, "num_statements": 3, "percent_covered": 100.0, "percent_covered_display": "100.00", "missing_lines": 0, "excluded_lines": 0}, "missing_lines": [], "excluded_lines": []}, "DashboardMetricsQuery.execute": {"executed_lines": [425, 428, 429, 431, 433, 436, 437, 440, 443, 447, 450, 460, 462, 467, 469], "summary": {"covered_lines": 15, "num_statements": 22, "percent_covered": 68.18181818181819, "percent_covered_display": "68.18", "missing_lines": 7, "excluded_lines": 0}, "missing_lines": [426, 441, 444, 471, 472, 473, 475], "excluded_lines": []}, "DashboardMetricsQuery._get_recent_tickets": {"executed_lines": [486, 488, 495, 496, 498, 501, 506], "summary": {"covered_lines": 7, "num_statements": 12, "percent_covered": 58.333333333333336, "percent_covered_display": "58.33", "missing_lines": 5, "excluded_lines": 0}, "missing_lines": [497, 499, 508, 509, 513], "excluded_lines": []}, "MetricsQueryFactory.__init__": {"executed_lines": [520], "summary": {"covered_lines": 1, "num_statements": 1, "percent_covered": 100.0, "percent_covered_display": "100.00", "missing_lines": 0, "excluded_lines": 0}, "missing_lines": [], "excluded_lines": []}, "MetricsQueryFactory.create_general_metrics_query": {"executed_lines": [524], "summary": {"covered_lines": 1, "num_statements": 1, "percent_covered": 100.0, "percent_covered_display": "100.00", "missing_lines": 0, "excluded_lines": 0}, "missing_lines": [], "excluded_lines": []}, "MetricsQueryFactory.create_technician_ranking_query": {"executed_lines": [528], "summary": {"covered_lines": 1, "num_statements": 1, "percent_covered": 100.0, "percent_covered_display": "100.00", "missing_lines": 0, "excluded_lines": 0}, "missing_lines": [], "excluded_lines": []}, "MetricsQueryFactory.create_dashboard_metrics_query": {"executed_lines": [532], "summary": {"covered_lines": 1, "num_statements": 1, "percent_covered": 100.0, "percent_covered_display": "100.00", "missing_lines": 0, "excluded_lines": 0}, "missing_lines": [], "excluded_lines": []}, "MetricsQueryFactory.create_query_by_type": {"executed_lines": [], "summary": {"covered_lines": 0, "num_statements": 4, "percent_covered": 0.0, "percent_covered_display": "0.00", "missing_lines": 4, "excluded_lines": 0}, "missing_lines": [536, 542, 543, 545], "excluded_lines": []}, "MockMetricsDataSource.get_ticket_count_by_hierarchy": {"executed_lines": [559], "summary": {"covered_lines": 1, "num_statements": 1, "percent_covered": 100.0, "percent_covered_display": "100.00", "missing_lines": 0, "excluded_lines": 0}, "missing_lines": [], "excluded_lines": []}, "MockMetricsDataSource.get_technician_metrics": {"executed_lines": [611], "summary": {"covered_lines": 1, "num_statements": 1, "percent_covered": 100.0, "percent_covered_display": "100.00", "missing_lines": 0, "excluded_lines": 0}, "missing_lines": [], "excluded_lines": []}, "MockMetricsDataSource.get_ticket_metrics": {"executed_lines": [646], "summary": {"covered_lines": 1, "num_statements": 1, "percent_covered": 100.0, "percent_covered_display": "100.00", "missing_lines": 0, "excluded_lines": 0}, "missing_lines": [], "excluded_lines": []}, "MockMetricsDataSource.get_technician_hierarchy": {"executed_lines": [670], "summary": {"covered_lines": 1, "num_statements": 1, "percent_covered": 100.0, "percent_covered_display": "100.00", "missing_lines": 0, "excluded_lines": 0}, "missing_lines": [], "excluded_lines": []}, "example_usage": {"executed_lines": [], "summary": {"covered_lines": 0, "num_statements": 15, "percent_covered": 0.0, "percent_covered_display": "0.00", "missing_lines": 15, "excluded_lines": 0}, "missing_lines": [685, 688, 691, 697, 698, 700, 701, 704, 705, 707, 708, 711, 712, 714, 715], "excluded_lines": []}, "": {"executed_lines": [2, 9, 10, 11, 12, 13, 14, 15, 17, 33, 36, 37, 38, 41, 42, 43, 46, 47, 48, 49, 50, 51, 52, 53, 54, 56, 61, 62, 64, 65, 73, 74, 83, 84, 92, 93, 101, 102, 104, 108, 120, 147, 167, 168, 177, 178, 180, 233, 297, 298, 300, 353, 411, 412, 414, 419, 480, 516, 517, 519, 522, 526, 530, 534, 550, 551, 553, 604, 640, 665, 681, 718], "summary": {"covered_lines": 50, "num_statements": 50, "percent_covered": 100.0, "percent_covered_display": "100.00", "missing_lines": 0, "excluded_lines": 33}, "missing_lines": [], "excluded_lines": [64, 65, 66, 67, 68, 69, 73, 74, 75, 76, 77, 78, 79, 83, 84, 85, 86, 87, 88, 92, 93, 94, 95, 96, 167, 168, 169, 170, 171, 172, 718, 719, 720]}}, "classes": {"QueryExecutionError": {"executed_lines": [], "summary": {"covered_lines": 0, "num_statements": 0, "percent_covered": 100.0, "percent_covered_display": "100.00", "missing_lines": 0, "excluded_lines": 0}, "missing_lines": [], "excluded_lines": []}, "DataValidationError": {"executed_lines": [], "summary": {"covered_lines": 0, "num_statements": 0, "percent_covered": 100.0, "percent_covered_display": "100.00", "missing_lines": 0, "excluded_lines": 0}, "missing_lines": [], "excluded_lines": []}, "QueryContext": {"executed_lines": [57, 58], "summary": {"covered_lines": 2, "num_statements": 2, "percent_covered": 100.0, "percent_covered_display": "100.00", "missing_lines": 0, "excluded_lines": 0}, "missing_lines": [], "excluded_lines": []}, "MetricsDataSource": {"executed_lines": [], "summary": {"covered_lines": 0, "num_statements": 0, "percent_covered": 100.0, "percent_covered_display": "100.00", "missing_lines": 0, "excluded_lines": 8}, "missing_lines": [], "excluded_lines": [70, 71, 80, 81, 89, 90, 97, 98]}, "BaseMetricsQuery": {"executed_lines": [105, 106, 110, 128, 129, 130, 132, 139, 140, 142, 143, 145, 149, 153, 154, 158, 159, 160, 164], "summary": {"covered_lines": 19, "num_statements": 23, "percent_covered": 82.6086956521739, "percent_covered_display": "82.61", "missing_lines": 4, "excluded_lines": 2}, "missing_lines": [150, 155, 161, 165], "excluded_lines": [173, 174]}, "GeneralMetricsQuery": {"executed_lines": [186, 189, 190, 192, 194, 197, 202, 207, 213, 215, 220, 222, 224, 225, 226, 228, 242, 245, 247, 248, 250, 251, 255, 261, 272, 279, 280, 283, 284, 285, 286, 287, 290, 291, 292, 294], "summary": {"covered_lines": 36, "num_statements": 38, "percent_covered": 94.73684210526316, "percent_covered_display": "94.74", "missing_lines": 2, "excluded_lines": 0}, "missing_lines": [187, 252], "excluded_lines": []}, "TechnicianRankingQuery": {"executed_lines": [306, 309, 310, 312, 314, 317, 322, 327, 333, 335, 340, 342, 361, 363, 364, 365, 368, 379, 380, 381, 384, 395, 398, 401, 402, 405, 406, 408], "summary": {"covered_lines": 28, "num_statements": 33, "percent_covered": 84.84848484848484, "percent_covered_display": "84.85", "missing_lines": 5, "excluded_lines": 0}, "missing_lines": [307, 344, 345, 346, 348], "excluded_lines": []}, "DashboardMetricsQuery": {"executed_lines": [415, 416, 417, 425, 428, 429, 431, 433, 436, 437, 440, 443, 447, 450, 460, 462, 467, 469, 486, 488, 495, 496, 498, 501, 506], "summary": {"covered_lines": 25, "num_statements": 37, "percent_covered": 67.56756756756756, "percent_covered_display": "67.57", "missing_lines": 12, "excluded_lines": 0}, "missing_lines": [426, 441, 444, 471, 472, 473, 475, 497, 499, 508, 509, 513], "excluded_lines": []}, "MetricsQueryFactory": {"executed_lines": [520, 524, 528, 532], "summary": {"covered_lines": 4, "num_statements": 8, "percent_covered": 50.0, "percent_covered_display": "50.00", "missing_lines": 4, "excluded_lines": 0}, "missing_lines": [536, 542, 543, 545], "excluded_lines": []}, "MockMetricsDataSource": {"executed_lines": [559, 611, 646, 670], "summary": {"covered_lines": 4, "num_statements": 4, "percent_covered": 100.0, "percent_covered_display": "100.00", "missing_lines": 0, "excluded_lines": 0}, "missing_lines": [], "excluded_lines": []}, "": {"executed_lines": [2, 9, 10, 11, 12, 13, 14, 15, 17, 33, 36, 37, 38, 41, 42, 43, 46, 47, 48, 49, 50, 51, 52, 53, 54, 56, 61, 62, 64, 65, 73, 74, 83, 84, 92, 93, 101, 102, 104, 108, 120, 147, 167, 168, 177, 178, 180, 233, 297, 298, 300, 353, 411, 412, 414, 419, 480, 516, 517, 519, 522, 526, 530, 534, 550, 551, 553, 604, 640, 665, 681, 718], "summary": {"covered_lines": 50, "num_statements": 65, "percent_covered": 76.92307692307692, "percent_covered_display": "76.92", "missing_lines": 15, "excluded_lines": 33}, "missing_lines": [685, 688, 691, 697, 698, 700, 701, 704, 705, 707, 708, 711, 712, 714, 715], "excluded_lines": [64, 65, 66, 67, 68, 69, 73, 74, 75, 76, 77, 78, 79, 83, 84, 85, 86, 87, 88, 92, 93, 94, 95, 96, 167, 168, 169, 170, 171, 172, 718, 719, 720]}}}, "backend\\debug_active_technicians.py": {"executed_lines": [], "summary": {"covered_lines": 0, "num_statements": 117, "percent_covered": 0.0, "percent_covered_display": "0.00", "missing_lines": 117, "excluded_lines": 2}, "missing_lines": [7, 8, 9, 11, 12, 14, 16, 18, 21, 22, 23, 24, 27, 29, 40, 46, 47, 48, 49, 50, 51, 52, 54, 55, 57, 58, 59, 60, 61, 62, 64, 65, 70, 71, 73, 76, 78, 80, 81, 82, 85, 95, 101, 102, 103, 104, 106, 107, 109, 110, 111, 113, 116, 117, 118, 126, 127, 128, 130, 133, 135, 136, 137, 138, 139, 142, 149, 155, 156, 157, 158, 159, 160, 161, 163, 165, 166, 167, 168, 169, 170, 173, 175, 176, 178, 188, 194, 195, 196, 197, 198, 199, 201, 202, 203, 204, 205, 208, 209, 214, 215, 216, 217, 218, 219, 220, 221, 223, 224, 226, 227, 228, 230, 231, 232, 234, 236], "excluded_lines": [238, 239], "functions": {"debug_active_technicians": {"executed_lines": [], "summary": {"covered_lines": 0, "num_statements": 111, "percent_covered": 0.0, "percent_covered_display": "0.00", "missing_lines": 111, "excluded_lines": 0}, "missing_lines": [16, 18, 21, 22, 23, 24, 27, 29, 40, 46, 47, 48, 49, 50, 51, 52, 54, 55, 57, 58, 59, 60, 61, 62, 64, 65, 70, 71, 73, 76, 78, 80, 81, 82, 85, 95, 101, 102, 103, 104, 106, 107, 109, 110, 111, 113, 116, 117, 118, 126, 127, 128, 130, 133, 135, 136, 137, 138, 139, 142, 149, 155, 156, 157, 158, 159, 160, 161, 163, 165, 166, 167, 168, 169, 170, 173, 175, 176, 178, 188, 194, 195, 196, 197, 198, 199, 201, 202, 203, 204, 205, 208, 209, 214, 215, 216, 217, 218, 219, 220, 221, 223, 224, 226, 227, 228, 230, 231, 232, 234, 236], "excluded_lines": []}, "": {"executed_lines": [], "summary": {"covered_lines": 0, "num_statements": 6, "percent_covered": 0.0, "percent_covered_display": "0.00", "missing_lines": 6, "excluded_lines": 2}, "missing_lines": [7, 8, 9, 11, 12, 14], "excluded_lines": [238, 239]}}, "classes": {"": {"executed_lines": [], "summary": {"covered_lines": 0, "num_statements": 117, "percent_covered": 0.0, "percent_covered_display": "0.00", "missing_lines": 117, "excluded_lines": 2}, "missing_lines": [7, 8, 9, 11, 12, 14, 16, 18, 21, 22, 23, 24, 27, 29, 40, 46, 47, 48, 49, 50, 51, 52, 54, 55, 57, 58, 59, 60, 61, 62, 64, 65, 70, 71, 73, 76, 78, 80, 81, 82, 85, 95, 101, 102, 103, 104, 106, 107, 109, 110, 111, 113, 116, 117, 118, 126, 127, 128, 130, 133, 135, 136, 137, 138, 139, 142, 149, 155, 156, 157, 158, 159, 160, 161, 163, 165, 166, 167, 168, 169, 170, 173, 175, 176, 178, 188, 194, 195, 196, 197, 198, 199, 201, 202, 203, 204, 205, 208, 209, 214, 215, 216, 217, 218, 219, 220, 221, 223, 224, 226, 227, 228, 230, 231, 232, 234, 236], "excluded_lines": [238, 239]}}}, "backend\\debug_all_technicians_groups.py": {"executed_lines": [], "summary": {"covered_lines": 0, "num_statements": 87, "percent_covered": 0.0, "percent_covered_display": "0.00", "missing_lines": 87, "excluded_lines": 2}, "missing_lines": [6, 7, 8, 11, 13, 15, 16, 19, 21, 23, 26, 27, 28, 30, 32, 35, 48, 49, 50, 52, 53, 54, 55, 57, 60, 61, 62, 63, 65, 67, 76, 77, 79, 84, 85, 87, 90, 91, 93, 94, 97, 98, 99, 100, 101, 102, 103, 106, 119, 120, 121, 122, 123, 124, 125, 128, 129, 130, 131, 132, 135, 141, 142, 143, 144, 146, 148, 149, 151, 153, 154, 155, 156, 157, 159, 161, 162, 167, 168, 169, 170, 172, 174, 176, 177, 178, 179], "excluded_lines": [181, 182], "functions": {"debug_all_technicians_groups": {"executed_lines": [], "summary": {"covered_lines": 0, "num_statements": 81, "percent_covered": 0.0, "percent_covered_display": "0.00", "missing_lines": 81, "excluded_lines": 0}, "missing_lines": [16, 19, 21, 23, 26, 27, 28, 30, 32, 35, 48, 49, 50, 52, 53, 54, 55, 57, 60, 61, 62, 63, 65, 67, 76, 77, 79, 84, 85, 87, 90, 91, 93, 94, 97, 98, 99, 100, 101, 102, 103, 106, 119, 120, 121, 122, 123, 124, 125, 128, 129, 130, 131, 132, 135, 141, 142, 143, 144, 146, 148, 149, 151, 153, 154, 155, 156, 157, 159, 161, 162, 167, 168, 169, 170, 172, 174, 176, 177, 178, 179], "excluded_lines": []}, "": {"executed_lines": [], "summary": {"covered_lines": 0, "num_statements": 6, "percent_covered": 0.0, "percent_covered_display": "0.00", "missing_lines": 6, "excluded_lines": 2}, "missing_lines": [6, 7, 8, 11, 13, 15], "excluded_lines": [181, 182]}}, "classes": {"": {"executed_lines": [], "summary": {"covered_lines": 0, "num_statements": 87, "percent_covered": 0.0, "percent_covered_display": "0.00", "missing_lines": 87, "excluded_lines": 2}, "missing_lines": [6, 7, 8, 11, 13, 15, 16, 19, 21, 23, 26, 27, 28, 30, 32, 35, 48, 49, 50, 52, 53, 54, 55, 57, 60, 61, 62, 63, 65, 67, 76, 77, 79, 84, 85, 87, 90, 91, 93, 94, 97, 98, 99, 100, 101, 102, 103, 106, 119, 120, 121, 122, 123, 124, 125, 128, 129, 130, 131, 132, 135, 141, 142, 143, 144, 146, 148, 149, 151, 153, 154, 155, 156, 157, 159, 161, 162, 167, 168, 169, 170, 172, 174, 176, 177, 178, 179], "excluded_lines": [181, 182]}}}, "backend\\debug_correct_profiles.py": {"executed_lines": [], "summary": {"covered_lines": 0, "num_statements": 94, "percent_covered": 0.0, "percent_covered_display": "0.00", "missing_lines": 94, "excluded_lines": 2}, "missing_lines": [6, 7, 8, 11, 13, 15, 16, 19, 21, 23, 26, 27, 28, 30, 33, 41, 43, 45, 46, 48, 61, 62, 63, 64, 66, 67, 68, 69, 72, 77, 78, 81, 82, 84, 86, 87, 88, 89, 90, 91, 92, 94, 95, 97, 98, 101, 114, 115, 116, 117, 118, 119, 120, 123, 124, 125, 126, 127, 129, 130, 133, 134, 135, 136, 137, 138, 140, 149, 151, 153, 156, 157, 158, 159, 160, 161, 163, 164, 165, 166, 168, 170, 171, 172, 173, 175, 176, 177, 178, 180, 182, 183, 184, 185], "excluded_lines": [187, 188], "functions": {"debug_correct_profiles": {"executed_lines": [], "summary": {"covered_lines": 0, "num_statements": 88, "percent_covered": 0.0, "percent_covered_display": "0.00", "missing_lines": 88, "excluded_lines": 0}, "missing_lines": [16, 19, 21, 23, 26, 27, 28, 30, 33, 41, 43, 45, 46, 48, 61, 62, 63, 64, 66, 67, 68, 69, 72, 77, 78, 81, 82, 84, 86, 87, 88, 89, 90, 91, 92, 94, 95, 97, 98, 101, 114, 115, 116, 117, 118, 119, 120, 123, 124, 125, 126, 127, 129, 130, 133, 134, 135, 136, 137, 138, 140, 149, 151, 153, 156, 157, 158, 159, 160, 161, 163, 164, 165, 166, 168, 170, 171, 172, 173, 175, 176, 177, 178, 180, 182, 183, 184, 185], "excluded_lines": []}, "": {"executed_lines": [], "summary": {"covered_lines": 0, "num_statements": 6, "percent_covered": 0.0, "percent_covered_display": "0.00", "missing_lines": 6, "excluded_lines": 2}, "missing_lines": [6, 7, 8, 11, 13, 15], "excluded_lines": [187, 188]}}, "classes": {"": {"executed_lines": [], "summary": {"covered_lines": 0, "num_statements": 94, "percent_covered": 0.0, "percent_covered_display": "0.00", "missing_lines": 94, "excluded_lines": 2}, "missing_lines": [6, 7, 8, 11, 13, 15, 16, 19, 21, 23, 26, 27, 28, 30, 33, 41, 43, 45, 46, 48, 61, 62, 63, 64, 66, 67, 68, 69, 72, 77, 78, 81, 82, 84, 86, 87, 88, 89, 90, 91, 92, 94, 95, 97, 98, 101, 114, 115, 116, 117, 118, 119, 120, 123, 124, 125, 126, 127, 129, 130, 133, 134, 135, 136, 137, 138, 140, 149, 151, 153, 156, 157, 158, 159, 160, 161, 163, 164, 165, 166, 168, 170, 171, 172, 173, 175, 176, 177, 178, 180, 182, 183, 184, 185], "excluded_lines": [187, 188]}}}, "backend\\debug_dashboard_hierarchy.py": {"executed_lines": [], "summary": {"covered_lines": 0, "num_statements": 80, "percent_covered": 0.0, "percent_covered_display": "0.00", "missing_lines": 80, "excluded_lines": 8}, "missing_lines": [8, 9, 10, 12, 13, 14, 16, 19, 20, 21, 24, 26, 28, 29, 30, 31, 32, 33, 36, 37, 38, 39, 40, 41, 44, 45, 46, 49, 50, 56, 57, 58, 59, 62, 63, 65, 66, 68, 69, 70, 71, 72, 73, 74, 75, 76, 79, 80, 82, 83, 85, 86, 87, 88, 89, 90, 91, 92, 93, 96, 97, 99, 100, 102, 103, 105, 106, 107, 109, 111, 113, 114, 115, 116, 117, 121, 122, 123, 124, 125], "excluded_lines": [127, 128, 129, 130, 131, 132, 133, 134], "functions": {"debug_dashboard_hierarchy": {"executed_lines": [], "summary": {"covered_lines": 0, "num_statements": 73, "percent_covered": 0.0, "percent_covered_display": "0.00", "missing_lines": 73, "excluded_lines": 0}, "missing_lines": [19, 20, 21, 24, 26, 28, 29, 30, 31, 32, 33, 36, 37, 38, 39, 40, 41, 44, 45, 46, 49, 50, 56, 57, 58, 59, 62, 63, 65, 66, 68, 69, 70, 71, 72, 73, 74, 75, 76, 79, 80, 82, 83, 85, 86, 87, 88, 89, 90, 91, 92, 93, 96, 97, 99, 100, 102, 103, 105, 106, 107, 109, 111, 113, 114, 115, 116, 117, 121, 122, 123, 124, 125], "excluded_lines": []}, "": {"executed_lines": [], "summary": {"covered_lines": 0, "num_statements": 7, "percent_covered": 0.0, "percent_covered_display": "0.00", "missing_lines": 7, "excluded_lines": 8}, "missing_lines": [8, 9, 10, 12, 13, 14, 16], "excluded_lines": [127, 128, 129, 130, 131, 132, 133, 134]}}, "classes": {"": {"executed_lines": [], "summary": {"covered_lines": 0, "num_statements": 80, "percent_covered": 0.0, "percent_covered_display": "0.00", "missing_lines": 80, "excluded_lines": 8}, "missing_lines": [8, 9, 10, 12, 13, 14, 16, 19, 20, 21, 24, 26, 28, 29, 30, 31, 32, 33, 36, 37, 38, 39, 40, 41, 44, 45, 46, 49, 50, 56, 57, 58, 59, 62, 63, 65, 66, 68, 69, 70, 71, 72, 73, 74, 75, 76, 79, 80, 82, 83, 85, 86, 87, 88, 89, 90, 91, 92, 93, 96, 97, 99, 100, 102, 103, 105, 106, 107, 109, 111, 113, 114, 115, 116, 117, 121, 122, 123, 124, 125], "excluded_lines": [127, 128, 129, 130, 131, 132, 133, 134]}}}, "backend\\debug_direct_users.py": {"executed_lines": [], "summary": {"covered_lines": 0, "num_statements": 76, "percent_covered": 0.0, "percent_covered_display": "0.00", "missing_lines": 76, "excluded_lines": 2}, "missing_lines": [7, 8, 9, 11, 12, 14, 16, 18, 21, 22, 23, 24, 27, 29, 36, 42, 43, 44, 45, 46, 49, 50, 51, 52, 53, 54, 57, 59, 68, 70, 71, 74, 79, 80, 81, 82, 83, 84, 85, 86, 88, 90, 92, 99, 105, 106, 107, 108, 109, 111, 116, 117, 119, 121, 122, 123, 125, 128, 130, 132, 134, 135, 137, 140, 141, 144, 145, 147, 150, 151, 154, 155, 156, 158, 159, 161], "excluded_lines": [163, 164], "functions": {"debug_direct_users": {"executed_lines": [], "summary": {"covered_lines": 0, "num_statements": 70, "percent_covered": 0.0, "percent_covered_display": "0.00", "missing_lines": 70, "excluded_lines": 0}, "missing_lines": [16, 18, 21, 22, 23, 24, 27, 29, 36, 42, 43, 44, 45, 46, 49, 50, 51, 52, 53, 54, 57, 59, 68, 70, 71, 74, 79, 80, 81, 82, 83, 84, 85, 86, 88, 90, 92, 99, 105, 106, 107, 108, 109, 111, 116, 117, 119, 121, 122, 123, 125, 128, 130, 132, 134, 135, 137, 140, 141, 144, 145, 147, 150, 151, 154, 155, 156, 158, 159, 161], "excluded_lines": []}, "": {"executed_lines": [], "summary": {"covered_lines": 0, "num_statements": 6, "percent_covered": 0.0, "percent_covered_display": "0.00", "missing_lines": 6, "excluded_lines": 2}, "missing_lines": [7, 8, 9, 11, 12, 14], "excluded_lines": [163, 164]}}, "classes": {"": {"executed_lines": [], "summary": {"covered_lines": 0, "num_statements": 76, "percent_covered": 0.0, "percent_covered_display": "0.00", "missing_lines": 76, "excluded_lines": 2}, "missing_lines": [7, 8, 9, 11, 12, 14, 16, 18, 21, 22, 23, 24, 27, 29, 36, 42, 43, 44, 45, 46, 49, 50, 51, 52, 53, 54, 57, 59, 68, 70, 71, 74, 79, 80, 81, 82, 83, 84, 85, 86, 88, 90, 92, 99, 105, 106, 107, 108, 109, 111, 116, 117, 119, 121, 122, 123, 125, 128, 130,
[...]
 151, 152, 153, 156, 157], "summary": {"covered_lines": 8, "num_statements": 32, "percent_covered": 25.0, "percent_covered_display": "25.00", "missing_lines": 24, "excluded_lines": 0}, "missing_lines": [145, 148, 154, 159, 161, 162, 165, 166, 167, 168, 169, 170, 172, 173, 174, 177, 179, 181, 182, 183, 184, 185, 186, 187], "excluded_lines": []}, "StructuredLogger._log_with_context": {"executed_lines": [], "summary": {"covered_lines": 0, "num_statements": 22, "percent_covered": 0.0, "percent_covered_display": "0.00", "missing_lines": 22, "excluded_lines": 0}, "missing_lines": [198, 200, 201, 203, 204, 207, 208, 209, 211, 212, 213, 214, 216, 217, 218, 219, 221, 223, 225, 226, 227, 229], "excluded_lines": []}, "StructuredLogger.debug": {"executed_lines": [], "summary": {"covered_lines": 0, "num_statements": 1, "percent_covered": 0.0, "percent_covered_display": "0.00", "missing_lines": 1, "excluded_lines": 0}, "missing_lines": [233], "excluded_lines": []}, "StructuredLogger.info": {"executed_lines": [], "summary": {"covered_lines": 0, "num_statements": 1, "percent_covered": 0.0, "percent_covered_display": "0.00", "missing_lines": 1, "excluded_lines": 0}, "missing_lines": [237], "excluded_lines": []}, "StructuredLogger.warning": {"executed_lines": [], "summary": {"covered_lines": 0, "num_statements": 1, "percent_covered": 0.0, "percent_covered_display": "0.00", "missing_lines": 1, "excluded_lines": 0}, "missing_lines": [241], "excluded_lines": []}, "StructuredLogger.error": {"executed_lines": [], "summary": {"covered_lines": 0, "num_statements": 1, "percent_covered": 0.0, "percent_covered_display": "0.00", "missing_lines": 1, "excluded_lines": 0}, "missing_lines": [245], "excluded_lines": []}, "StructuredLogger.critical": {"executed_lines": [], "summary": {"covered_lines": 0, "num_statements": 1, "percent_covered": 0.0, "percent_covered_display": "0.00", "missing_lines": 1, "excluded_lines": 0}, "missing_lines": [249], "excluded_lines": []}, "log_api_call": {"executed_lines": [], "summary": {"covered_lines": 0, "num_statements": 3, "percent_covered": 0.0, "percent_covered_display": "0.00", "missing_lines": 3, "excluded_lines": 0}, "missing_lines": [259, 260, 364], "excluded_lines": []}, "log_api_call.decorator": {"executed_lines": [], "summary": {"covered_lines": 0, "num_statements": 2, "percent_covered": 0.0, "percent_covered_display": "0.00", "missing_lines": 2, "excluded_lines": 0}, "missing_lines": [261, 363], "excluded_lines": []}, "log_api_call.decorator.wrapper": {"executed_lines": [], "summary": {"covered_lines": 0, "num_statements": 58, "percent_covered": 0.0, "percent_covered_display": "0.00", "missing_lines": 58, "excluded_lines": 0}, "missing_lines": [262, 264, 265, 266, 268, 269, 272, 273, 274, 275, 276, 278, 280, 281, 282, 283, 284, 285, 287, 288, 289, 290, 291, 292, 293, 294, 295, 298, 299, 300, 301, 302, 303, 305, 306, 315, 317, 319, 320, 321, 323, 324, 331, 332, 334, 336, 337, 339, 340, 350, 351, 353, 355, 357, 358, 359, 360, 361], "excluded_lines": []}, "log_performance": {"executed_lines": [], "summary": {"covered_lines": 0, "num_statements": 3, "percent_covered": 0.0, "percent_covered_display": "0.00", "missing_lines": 3, "excluded_lines": 0}, "missing_lines": [375, 376, 446], "excluded_lines": []}, "log_performance.decorator": {"executed_lines": [], "summary": {"covered_lines": 0, "num_statements": 2, "percent_covered": 0.0, "percent_covered_display": "0.00", "missing_lines": 2, "excluded_lines": 0}, "missing_lines": [377, 445], "excluded_lines": []}, "log_performance.decorator.wrapper": {"executed_lines": [], "summary": {"covered_lines": 0, "num_statements": 33, "percent_covered": 0.0, "percent_covered_display": "0.00", "missing_lines": 33, "excluded_lines": 0}, "missing_lines": [378, 380, 381, 382, 384, 385, 387, 389, 390, 392, 393, 394, 396, 397, 398, 406, 412, 414, 415, 417, 419, 420, 422, 423, 432, 433, 435, 437, 439, 440, 441, 442, 443], "excluded_lines": []}, "log_api_response": {"executed_lines": [], "summary": {"covered_lines": 0, "num_statements": 42, "percent_covered": 0.0, "percent_covered_display": "0.00", "missing_lines": 42, "excluded_lines": 0}, "missing_lines": [461, 463, 464, 465, 468, 469, 470, 471, 472, 474, 476, 477, 478, 479, 481, 487, 488, 489, 490, 492, 493, 494, 497, 498, 499, 500, 502, 503, 504, 507, 508, 509, 511, 512, 514, 515, 517, 519, 521, 522, 523, 524], "excluded_lines": []}, "create_glpi_logger": {"executed_lines": [537, 539, 542, 543, 546], "summary": {"covered_lines": 5, "num_statements": 14, "percent_covered": 35.714285714285715, "percent_covered_display": "35.71", "missing_lines": 9, "excluded_lines": 0}, "missing_lines": [540, 544, 548, 550, 551, 552, 553, 555, 556], "excluded_lines": []}, "": {"executed_lines": [2, 7, 8, 9, 10, 11, 12, 13, 16, 17, 21, 25, 109, 128, 129, 134, 189, 231, 235, 239, 243, 247, 252, 367, 449, 527], "summary": {"covered_lines": 23, "num_statements": 23, "percent_covered": 100.0, "percent_covered_display": "100.00", "missing_lines": 0, "excluded_lines": 0}, "missing_lines": [], "excluded_lines": []}}, "classes": {"JSONFormatter": {"executed_lines": [], "summary": {"covered_lines": 0, "num_statements": 43, "percent_covered": 0.0, "percent_covered_display": "0.00", "missing_lines": 43, "excluded_lines": 0}, "missing_lines": [22, 23, 35, 37, 38, 41, 49, 50, 52, 53, 55, 56, 59, 60, 61, 66, 67, 70, 71, 72, 80, 81, 82, 84, 85, 86, 88, 89, 90, 91, 93, 94, 96, 98, 100, 107, 119, 120, 121, 122, 123, 124, 125], "excluded_lines": []}, "StructuredLogger": {"executed_lines": [142, 144, 147, 151, 152, 153, 156, 157], "summary": {"covered_lines": 8, "num_statements": 59, "percent_covered": 13.559322033898304, "percent_covered_display": "13.56", "missing_lines": 51, "excluded_lines": 0}, "missing_lines": [145, 148, 154, 159, 161, 162, 165, 166, 167, 168, 169, 170, 172, 173, 174, 177, 179, 181, 182, 183, 184, 185, 186, 187, 198, 200, 201, 203, 204, 207, 208, 209, 211, 212, 213, 214, 216, 217, 218, 219, 221, 223, 225, 226, 227, 229, 233, 237, 241, 245, 249], "excluded_lines": []}, "": {"executed_lines": [2, 7, 8, 9, 10, 11, 12, 13, 16, 17, 21, 25, 109, 128, 129, 134, 189, 231, 235, 239, 243, 247, 252, 367, 449, 527, 537, 539, 542, 543, 546], "summary": {"covered_lines": 28, "num_statements": 180, "percent_covered": 15.555555555555555, "percent_covered_display": "15.56", "missing_lines": 152, "excluded_lines": 0}, "missing_lines": [259, 260, 261, 262, 264, 265, 266, 268, 269, 272, 273, 274, 275, 276, 278, 280, 281, 282, 283, 284, 285, 287, 288, 289, 290, 291, 292, 293, 294, 295, 298, 299, 300, 301, 302, 303, 305, 306, 315, 317, 319, 320, 321, 323, 324, 331, 332, 334, 336, 337, 339, 340, 350, 351, 353, 355, 357, 358, 359, 360, 361, 363, 364, 375, 376, 377, 378, 380, 381, 382, 384, 385, 387, 389, 390, 392, 393, 394, 396, 397, 398, 406, 412, 414, 415, 417, 419, 420, 422, 423, 432, 433, 435, 437, 439, 440, 441, 442, 443, 445, 446, 461, 463, 464, 465, 468, 469, 470, 471, 472, 474, 476, 477, 478, 479, 481, 487, 488, 489, 490, 492, 493, 494, 497, 498, 499, 500, 502, 503, 504, 507, 508, 509, 511, 512, 514, 515, 517, 519, 521, 522, 523, 524, 540, 544, 548, 550, 551, 552, 553, 555, 556], "excluded_lines": []}}}, "backend\\utils\\structured_logging.py": {"executed_lines": [1, 7, 8, 9, 10, 11, 12, 13, 14, 16, 19, 20, 22, 23, 25, 26, 27, 28, 30, 33, 44, 45, 49, 50, 54, 62, 63, 64, 71, 73, 74, 80, 82, 84, 86, 91, 92, 97, 98, 99, 102, 104, 106, 107, 109, 110, 111, 113, 115, 116, 117, 118, 119, 121, 125, 129, 133, 142, 146, 161, 172, 198, 211, 231, 244, 256, 258, 269, 326, 327, 328, 329, 330, 333, 355, 366, 385], "summary": {"covered_lines": 74, "num_statements": 141, "percent_covered": 52.4822695035461, "percent_covered_display": "52.48", "missing_lines": 67, "excluded_lines": 0}, "missing_lines": [46, 51, 55, 75, 77, 93, 94, 95, 100, 123, 127, 131, 135, 140, 144, 148, 149, 150, 152, 163, 174, 175, 177, 178, 179, 181, 182, 184, 196, 200, 209, 213, 218, 219, 220, 222, 229, 233, 246, 271, 272, 273, 274, 277, 281, 283, 284, 285, 286, 288, 295, 301, 303, 304, 306, 313, 320, 322, 323, 335, 345, 346, 357, 368, 377, 378, 387], "excluded_lines": [], "functions": {"JSONFormatter.__init__": {"executed_lines": [26, 27, 28], "summary": {"covered_lines": 3, "num_statements": 3, "percent_covered": 100.0, "percent_covered_display": "100.00", "missing_lines": 0, "excluded_lines": 0}, "missing_lines": [], "excluded_lines": []}, "JSONFormatter.format": {"executed_lines": [33, 44, 45, 49, 50, 54, 62, 63, 64, 71, 73, 74, 80, 82], "summary": {"covered_lines": 14, "num_statements": 19, "percent_covered": 73.6842105263158, "percent_covered_display": "73.68", "missing_lines": 5, "excluded_lines": 0}, "missing_lines": [46, 51, 55, 75, 77], "excluded_lines": []}, "JSONFormatter._sanitize_sensitive_data": {"executed_lines": [86, 91, 104], "summary": {"covered_lines": 3, "num_statements": 3, "percent_covered": 100.0, "percent_covered_display": "100.00", "missing_lines": 0, "excluded_lines": 0}, "missing_lines": [], "excluded_lines": []}, "JSONFormatter._sanitize_sensitive_data.sanitize_value": {"executed_lines": [92, 97, 98, 99, 102], "summary": {"covered_lines": 5, "num_statements": 9, "percent_covered": 55.55555555555556, "percent_covered_display": "55.56", "missing_lines": 4, "excluded_lines": 0}, "missing_lines": [93, 94, 95, 100], "excluded_lines": []}, "StructuredLogger.__init__": {"executed_lines": [110, 111], "summary": {"covered_lines": 2, "num_statements": 2, "percent_covered": 100.0, "percent_covered_display": "100.00", "missing_lines": 0, "excluded_lines": 0}, "missing_lines": [], "excluded_lines": []}, "StructuredLogger._setup_formatter": {"executed_lines": [115, 116, 117, 118, 119], "summary": {"covered_lines": 5, "num_statements": 5, "percent_covered": 100.0, "percent_covered_display": "100.00", "missing_lines": 0, "excluded_lines": 0}, "missing_lines": [], "excluded_lines": []}, "StructuredLogger.generate_correlation_id": {"executed_lines": [], "summary": {"covered_lines": 0, "num_statements": 1, "percent_covered": 0.0, "percent_covered_display": "0.00", "missing_lines": 1, "excluded_lines": 0}, "missing_lines": [123], "excluded_lines": []}, "StructuredLogger.set_correlation_id": {"executed_lines": [], "summary": {"covered_lines": 0, "num_statements": 1, "percent_covered": 0.0, "percent_covered_display": "0.00", "missing_lines": 1, "excluded_lines": 0}, "missing_lines": [127], "excluded_lines": []}, "StructuredLogger.get_correlation_id": {"executed_lines": [], "summary": {"covered_lines": 0, "num_statements": 1, "percent_covered": 0.0, "percent_covered_display": "0.00", "missing_lines": 1, "excluded_lines": 0}, "missing_lines": [131], "excluded_lines": []}, "StructuredLogger.set_operation_context": {"executed_lines": [], "summary": {"covered_lines": 0, "num_statements": 2, "percent_covered": 0.0, "percent_covered_display": "0.00", "missing_lines": 2, "excluded_lines": 0}, "missing_lines": [135, 140], "excluded_lines": []}, "StructuredLogger.clear_operation_context": {"executed_lines": [], "summary": {"covered_lines": 0, "num_statements": 1, "percent_covered": 0.0, "percent_covered_display": "0.00", "missing_lines": 1, "excluded_lines": 0}, "missing_lines": [144], "excluded_lines": []}, "StructuredLogger.log_operation_start": {"executed_lines": [], "summary": {"covered_lines": 0, "num_statements": 4, "percent_covered": 0.0, "percent_covered_display": "0.00", "missing_lines": 4, "excluded_lines": 0}, "missing_lines": [148, 149, 150, 152], "excluded_lines": []}, "StructuredLogger.log_operation_step": {"executed_lines": [], "summary": {"covered_lines": 0, "num_statements": 1, "percent_covered": 0.0, "percent_covered_display": "0.00", "missing_lines": 1, "excluded_lines": 0}, "missing_lines": [163], "excluded_lines": []}, "StructuredLogger.log_operation_end": {"executed_lines": [], "summary": {"covered_lines": 0, "num_statements": 9, "percent_covered": 0.0, "percent_covered_display": "0.00", "missing_lines": 9, "excluded_lines": 0}, "missing_lines": [174, 175, 177, 178, 179, 181, 182, 184, 196], "excluded_lines": []}, "StructuredLogger.log_warning_with_context": {"executed_lines": [], "summary": {"covered_lines": 0, "num_statements": 2, "percent_covered": 0.0, "percent_covered_display": "0.00", "missing_lines": 2, "excluded_lines": 0}, "missing_lines": [200, 209], "excluded_lines": []}, "StructuredLogger.log_error_with_context": {"executed_lines": [], "summary": {"covered_lines": 0, "num_statements": 6, "percent_covered": 0.0, "percent_covered_display": "0.00", "missing_lines": 6, "excluded_lines": 0}, "missing_lines": [213, 218, 219, 220, 222, 229], "excluded_lines": []}, "StructuredLogger.log_performance_metric": {"executed_lines": [], "summary": {"covered_lines": 0, "num_statements": 1, "percent_covered": 0.0, "percent_covered_display": "0.00", "missing_lines": 1, "excluded_lines": 0}, "missing_lines": [233], "excluded_lines": []}, "StructuredLogger.log_business_metric": {"executed_lines": [], "summary": {"covered_lines": 0, "num_statements": 1, "percent_covered": 0.0, "percent_covered_display": "0.00", "missing_lines": 1, "excluded_lines": 0}, "missing_lines": [246], "excluded_lines": []}, "StructuredLogger.log_audit_event": {"executed_lines": [258], "summary": {"covered_lines": 1, "num_statements": 1, "percent_covered": 100.0, "percent_covered_display": "100.00", "missing_lines": 0, "excluded_lines": 0}, "missing_lines": [], "excluded_lines": []}, "with_structured_logging": {"executed_lines": [], "summary": {"covered_lines": 0, "num_statements": 3, "percent_covered": 0.0, "percent_covered_display": "0.00", "missing_lines": 3, "excluded_lines": 0}, "missing_lines": [271, 272, 323], "excluded_lines": []}, "with_structured_logging.decorator": {"executed_lines": [], "summary": {"covered_lines": 0, "num_statements": 2, "percent_covered": 0.0, "percent_covered_display": "0.00", "missing_lines": 2, "excluded_lines": 0}, "missing_lines": [273, 322], "excluded_lines": []}, "with_structured_logging.decorator.wrapper": {"executed_lines": [], "summary": {"covered_lines": 0, "num_statements": 15, "percent_covered": 0.0, "percent_covered_display": "0.00", "missing_lines": 15, "excluded_lines": 0}, "missing_lines": [274, 277, 281, 283, 284, 285, 286, 288, 295, 301, 303, 304, 306, 313, 320], "excluded_lines": []}, "log_api_request": {"executed_lines": [], "summary": {"covered_lines": 0, "num_statements": 3, "percent_covered": 0.0, "percent_covered_display": "0.00", "missing_lines": 3, "excluded_lines": 0}, "missing_lines": [335, 345, 346], "excluded_lines": []}, "log_glpi_request": {"executed_lines": [], "summary": {"covered_lines": 0, "num_statements": 1, "percent_covered": 0.0, "percent_covered_display": "0.00", "missing_lines": 1, "excluded_lines": 0}, "missing_lines": [357], "excluded_lines": []}, "log_metrics_processing": {"executed_lines": [], "summary": {"covered_lines": 0, "num_statements": 3, "percent_covered": 0.0, "percent_covered_display": "0.00", "missing_lines": 3, "excluded_lines": 0}, "missing_lines": [368, 377, 378], "excluded_lines": []}, "log_system_health": {"executed_lines": [], "summary": {"covered_lines": 0, "num_statements": 1, "percent_covered": 0.0, "percent_covered_display": "0.00", "missing_lines": 1, "excluded_lines": 0}, "missing_lines": [387], "excluded_lines": []}, "": {"executed_lines": [1, 7, 8, 9, 10, 11, 12, 13, 14, 16, 19, 20, 22, 23, 25, 30, 84, 106, 107, 109, 113, 121, 125, 129, 133, 142, 146, 161, 172, 198, 211, 231, 244, 256, 269, 326, 327, 328, 329, 330, 333, 355, 366, 385], "summary": {"covered_lines": 41, "num_statements": 41, "percent_covered": 100.0, "percent_covered_display": "100.00", "missing_lines": 0, "excluded_lines": 0}, "missing_lines": [], "excluded_lines": []}}, "classes": {"JSONFormatter": {"executed_lines": [26, 27, 28, 33, 44, 45, 49, 50, 54, 62, 63, 64, 71, 73, 74, 80, 82, 86, 91, 92, 97, 98, 99, 102, 104], "summary": {"covered_lines": 25, "num_statements": 34, "percent_covered": 73.52941176470588, "percent_covered_display": "73.53", "missing_lines": 9, "excluded_lines": 0}, "missing_lines": [46, 51, 55, 75, 77, 93, 94, 95, 100], "excluded_lines": []}, "StructuredLogger": {"executed_lines": [110, 111, 115, 116, 117, 118, 119, 258], "summary": {"covered_lines": 8, "num_statements": 38, "percent_covered": 21.05263157894737, "percent_covered_display": "21.05", "missing_lines": 30, "excluded_lines": 0}, "missing_lines": [123, 127, 131, 135, 140, 144, 148, 149, 150, 152, 163, 174, 175, 177, 178, 179, 181, 182, 184, 196, 200, 209, 213, 218, 219, 220, 222, 229, 233, 246], "excluded_lines": []}, "": {"executed_lines": [1, 7, 8, 9, 10, 11, 12, 13, 14, 16, 19, 20, 22, 23, 25, 30, 84, 106, 107, 109, 113, 121, 125, 129, 133, 142, 146, 161, 172, 198, 211, 231, 244, 256, 269, 326, 327, 328, 329, 330, 333, 355, 366, 385], "summary": {"covered_lines": 41, "num_statements": 69, "percent_covered": 59.42028985507246, "percent_covered_display": "59.42", "missing_lines": 28, "excluded_lines": 0}, "missing_lines": [271, 272, 273, 274, 277, 281, 283, 284, 285, 286, 288, 295, 301, 303, 304, 306, 313, 320, 322, 323, 335, 345, 346, 357, 368, 377, 378, 387], "excluded_lines": []}}}, "backend\\verify_n_groups.py": {"executed_lines": [], "summary": {"covered_lines": 0, "num_statements": 123, "percent_covered": 0.0, "percent_covered_display": "0.00", "missing_lines": 123, "excluded_lines": 2}, "missing_lines": [7, 8, 9, 10, 13, 15, 17, 18, 21, 24, 25, 26, 27, 29, 30, 32, 34, 37, 38, 39, 42, 49, 51, 52, 54, 56, 57, 59, 60, 61, 62, 63, 64, 65, 66, 69, 70, 71, 72, 73, 75, 76, 77, 78, 79, 80, 82, 83, 85, 86, 88, 91, 93, 95, 97, 98, 100, 101, 104, 106, 108, 109, 110, 112, 113, 114, 120, 122, 123, 124, 125, 126, 128, 131, 133, 135, 136, 138, 141, 143, 145, 147, 148, 150, 151, 152, 154, 156, 158, 159, 160, 161, 163, 164, 165, 166, 168, 171, 172, 173, 174, 175, 176, 177, 180, 182, 184, 185, 187, 190, 191, 192, 193, 194, 195, 196, 197, 198, 199, 201, 202, 203, 204], "excluded_lines": [206, 207], "functions": {"main": {"executed_lines": [], "summary": {"covered_lines": 0, "num_statements": 116, "percent_covered": 0.0, "percent_covered_display": "0.00", "missing_lines": 116, "excluded_lines": 0}, "missing_lines": [18, 21, 24, 25, 26, 27, 29, 30, 32, 34, 37, 38, 39, 42, 49, 51, 52, 54, 56, 57, 59, 60, 61, 62, 63, 64, 65, 66, 69, 70, 71, 72, 73, 75, 76, 77, 78, 79, 80, 82, 83, 85, 86, 88, 91, 93, 95, 97, 98, 100, 101, 104, 106, 108, 109, 110, 112, 113, 114, 120, 122, 123, 124, 125, 126, 128, 131, 133, 135, 136, 138, 141, 143, 145, 147, 148, 150, 151, 152, 154, 156, 158, 159, 160, 161, 163, 164, 165, 166, 168, 171, 172, 173, 174, 175, 176, 177, 180, 182, 184, 185, 187, 190, 191, 192, 193, 194, 195, 196, 197, 198, 199, 201, 202, 203, 204], "excluded_lines": []}, "": {"executed_lines": [], "summary": {"covered_lines": 0, "num_statements": 7, "percent_covered": 0.0, "percent_covered_display": "0.00", "missing_lines": 7, "excluded_lines": 2}, "missing_lines": [7, 8, 9, 10, 13, 15, 17], "excluded_lines": [206, 207]}}, "classes": {"": {"executed_lines": [], "summary": {"covered_lines": 0, "num_statements": 123, "percent_covered": 0.0, "percent_covered_display": "0.00", "missing_lines": 123, "excluded_lines": 2}, "missing_lines": [7, 8, 9, 10, 13, 15, 17, 18, 21, 24, 25, 26, 27, 29, 30, 32, 34, 37, 38, 39, 42, 49, 51, 52, 54, 56, 57, 59, 60, 61, 62, 63, 64, 65, 66, 69, 70, 71, 72, 73, 75, 76, 77, 78, 79, 80, 82, 83, 85, 86, 88, 91, 93, 95, 97, 98, 100, 101, 104, 106, 108, 109, 110, 112, 113, 114, 120, 122, 123, 124, 125, 126, 128, 131, 133, 135, 136, 138, 141, 143, 145, 147, 148, 150, 151, 152, 154, 156, 158, 159, 160, 161, 163, 164, 165, 166, 168, 171, 172, 173, 174, 175, 176, 177, 180, 182, 184, 185, 187, 190, 191, 192, 193, 194, 195, 196, 197, 198, 199, 201, 202, 203, 204], "excluded_lines": [206, 207]}}}}, "totals": {"covered_lines": 1346, "num_statements": 15652, "percent_covered": 8.599539994888833, "percent_covered_display": "8.60", "missing_lines": 14306, "excluded_lines": 279}}