<testsuites id="" name="" tests="126" failures="63" skipped="63" errors="0" time="113.00392">
<testsuite name="api-error-handling.spec.ts" timestamp="2025-08-10T22:48:26.261Z" hostname="chromium" tests="4" failures="0" skipped="4" time="0" errors="0">
<testcase name="API Error Handling › should show error state when API is down" classname="api-error-handling.spec.ts" time="0">
<properties>
<property name="skip" value="">
</property>
</properties>
<skipped>
</skipped>
</testcase>
<testcase name="API Error Handling › should allow retry after API error" classname="api-error-handling.spec.ts" time="0">
<properties>
<property name="skip" value="">
</property>
</properties>
<skipped>
</skipped>
</testcase>
<testcase name="API Error Handling › should show network error state when offline" classname="api-error-handling.spec.ts" time="0">
<properties>
<property name="skip" value="">
</property>
</properties>
<skipped>
</skipped>
</testcase>
<testcase name="API Error Handling › should handle partial API failures gracefully" classname="api-error-handling.spec.ts" time="0">
<properties>
<property name="skip" value="">
</property>
</properties>
<skipped>
</skipped>
</testcase>
</testsuite>
<testsuite name="kpi-advanced.spec.ts" timestamp="2025-08-10T22:48:26.261Z" hostname="chromium" tests="7" failures="7" skipped="0" time="4.112" errors="0">
<testcase name="KPI Updates - Advanced E2E Tests › should handle API errors gracefully" classname="kpi-advanced.spec.ts" time="1.194">
<failure message="kpi-advanced.spec.ts:34:3 should handle API errors gracefully" type="FAILURE">
<![CDATA[  [chromium] › kpi-advanced.spec.ts:34:3 › KPI Updates - Advanced E2E Tests › should handle API errors gracefully 

    Error: page.goto: Protocol error (Page.navigate): Cannot navigate to invalid URL
    Call log:
      - navigating to "/", waiting until "load"


      45 |     });
      46 |
    > 47 |     await page.goto('/');
         |                ^
      48 |     await page.waitForLoadState('networkidle');
      49 |
      50 |     // Wait for error state to appear
        at C:\Users\Administrador\project\glpi_dashboard\frontend\e2e\kpi-advanced.spec.ts:47:16

    attachment #1: screenshot (image/png) ──────────────────────────────────────────────────────────
    ..\test-results\kpi-advanced-KPI-Updates---de823-andle-API-errors-gracefully-chromium\test-failed-1.png
    ────────────────────────────────────────────────────────────────────────────────────────────────

    attachment #2: video (video/webm) ──────────────────────────────────────────────────────────────
    ..\test-results\kpi-advanced-KPI-Updates---de823-andle-API-errors-gracefully-chromium\video.webm
    ────────────────────────────────────────────────────────────────────────────────────────────────
]]>
</failure>
<system-out>
<![CDATA[
[[ATTACHMENT|kpi-advanced-KPI-Updates---de823-andle-API-errors-gracefully-chromium\test-failed-1.png]]

[[ATTACHMENT|kpi-advanced-KPI-Updates---de823-andle-API-errors-gracefully-chromium\video.webm]]
]]>
</system-out>
</testcase>
<testcase name="KPI Updates - Advanced E2E Tests › should display different data based on feature flags" classname="kpi-advanced.spec.ts" time="1.136">
<failure message="kpi-advanced.spec.ts:58:3 should display different data based on feature flags" type="FAILURE">
<![CDATA[  [chromium] › kpi-advanced.spec.ts:58:3 › KPI Updates - Advanced E2E Tests › should display different data based on feature flags 

    Error: page.goto: Protocol error (Page.navigate): Cannot navigate to invalid URL
    Call log:
      - navigating to "/", waiting until "load"


       95 |     });
       96 |
    >  97 |     await page.goto('/');
          |                ^
       98 |     await page.waitForLoadState('networkidle');
       99 |
      100 |     // Wait for API call
        at C:\Users\Administrador\project\glpi_dashboard\frontend\e2e\kpi-advanced.spec.ts:97:16

    attachment #1: screenshot (image/png) ──────────────────────────────────────────────────────────
    ..\test-results\kpi-advanced-KPI-Updates---5ef92-data-based-on-feature-flags-chromium\test-failed-1.png
    ────────────────────────────────────────────────────────────────────────────────────────────────

    attachment #2: video (video/webm) ──────────────────────────────────────────────────────────────
    ..\test-results\kpi-advanced-KPI-Updates---5ef92-data-based-on-feature-flags-chromium\video.webm
    ────────────────────────────────────────────────────────────────────────────────────────────────
]]>
</failure>
<system-out>
<![CDATA[
[[ATTACHMENT|kpi-advanced-KPI-Updates---5ef92-data-based-on-feature-flags-chromium\test-failed-1.png]]

[[ATTACHMENT|kpi-advanced-KPI-Updates---5ef92-data-based-on-feature-flags-chromium\video.webm]]
]]>
</system-out>
</testcase>
<testcase name="KPI Updates - Advanced E2E Tests › should handle network timeouts" classname="kpi-advanced.spec.ts" time="0.369">
<failure message="kpi-advanced.spec.ts:110:3 should handle network timeouts" type="FAILURE">
<![CDATA[  [chromium] › kpi-advanced.spec.ts:110:3 › KPI Updates - Advanced E2E Tests › should handle network timeouts 

    Error: page.goto: Protocol error (Page.navigate): Cannot navigate to invalid URL
    Call log:
      - navigating to "/", waiting until "load"


      122 |     });
      123 |
    > 124 |     await page.goto('/');
          |                ^
      125 |     
      126 |     // Should show loading state initially
      127 |     await expect(page.locator('[data-testid="kpi-loading"]')).toBeVisible();
        at C:\Users\Administrador\project\glpi_dashboard\frontend\e2e\kpi-advanced.spec.ts:124:16

    attachment #1: screenshot (image/png) ──────────────────────────────────────────────────────────
    ..\test-results\kpi-advanced-KPI-Updates---cb182-uld-handle-network-timeouts-chromium\test-failed-1.png
    ────────────────────────────────────────────────────────────────────────────────────────────────

    attachment #2: video (video/webm) ──────────────────────────────────────────────────────────────
    ..\test-results\kpi-advanced-KPI-Updates---cb182-uld-handle-network-timeouts-chromium\video.webm
    ────────────────────────────────────────────────────────────────────────────────────────────────
]]>
</failure>
<system-out>
<![CDATA[
[[ATTACHMENT|kpi-advanced-KPI-Updates---cb182-uld-handle-network-timeouts-chromium\test-failed-1.png]]

[[ATTACHMENT|kpi-advanced-KPI-Updates---cb182-uld-handle-network-timeouts-chromium\video.webm]]
]]>
</system-out>
</testcase>
<testcase name="KPI Updates - Advanced E2E Tests › should retry failed requests" classname="kpi-advanced.spec.ts" time="0.429">
<failure message="kpi-advanced.spec.ts:133:3 should retry failed requests" type="FAILURE">
<![CDATA[  [chromium] › kpi-advanced.spec.ts:133:3 › KPI Updates - Advanced E2E Tests › should retry failed requests 

    Error: page.goto: Protocol error (Page.navigate): Cannot navigate to invalid URL
    Call log:
      - navigating to "/", waiting until "load"


      159 |     });
      160 |
    > 161 |     await page.goto('/');
          |                ^
      162 |     await page.waitForLoadState('networkidle');
      163 |
      164 |     // Should eventually show data after retry (if retry logic is implemented)
        at C:\Users\Administrador\project\glpi_dashboard\frontend\e2e\kpi-advanced.spec.ts:161:16

    attachment #1: screenshot (image/png) ──────────────────────────────────────────────────────────
    ..\test-results\kpi-advanced-KPI-Updates---c47e0-hould-retry-failed-requests-chromium\test-failed-1.png
    ────────────────────────────────────────────────────────────────────────────────────────────────

    attachment #2: video (video/webm) ──────────────────────────────────────────────────────────────
    ..\test-results\kpi-advanced-KPI-Updates---c47e0-hould-retry-failed-requests-chromium\video.webm
    ────────────────────────────────────────────────────────────────────────────────────────────────
]]>
</failure>
<system-out>
<![CDATA[
[[ATTACHMENT|kpi-advanced-KPI-Updates---c47e0-hould-retry-failed-requests-chromium\test-failed-1.png]]

[[ATTACHMENT|kpi-advanced-KPI-Updates---c47e0-hould-retry-failed-requests-chromium\video.webm]]
]]>
</system-out>
</testcase>
<testcase name="KPI Updates - Advanced E2E Tests › should validate accessibility" classname="kpi-advanced.spec.ts" time="0.33">
<failure message="kpi-advanced.spec.ts:168:3 should validate accessibility" type="FAILURE">
<![CDATA[  [chromium] › kpi-advanced.spec.ts:168:3 › KPI Updates - Advanced E2E Tests › should validate accessibility 

    Error: page.goto: Protocol error (Page.navigate): Cannot navigate to invalid URL
    Call log:
      - navigating to "/", waiting until "load"


      167 |
      168 |   test('should validate accessibility', async ({ page }) => {
    > 169 |     await page.goto('/');
          |                ^
      170 |     await page.waitForLoadState('networkidle');
      171 |
      172 |     // Wait for KPIs to load
        at C:\Users\Administrador\project\glpi_dashboard\frontend\e2e\kpi-advanced.spec.ts:169:16

    attachment #1: screenshot (image/png) ──────────────────────────────────────────────────────────
    ..\test-results\kpi-advanced-KPI-Updates---78bfa-ould-validate-accessibility-chromium\test-failed-1.png
    ────────────────────────────────────────────────────────────────────────────────────────────────

    attachment #2: video (video/webm) ──────────────────────────────────────────────────────────────
    ..\test-results\kpi-advanced-KPI-Updates---78bfa-ould-validate-accessibility-chromium\video.webm
    ────────────────────────────────────────────────────────────────────────────────────────────────
]]>
</failure>
<system-out>
<![CDATA[
[[ATTACHMENT|kpi-advanced-KPI-Updates---78bfa-ould-validate-accessibility-chromium\test-failed-1.png]]

[[ATTACHMENT|kpi-advanced-KPI-Updates---78bfa-ould-validate-accessibility-chromium\video.webm]]
]]>
</system-out>
</testcase>
<testcase name="KPI Updates - Advanced E2E Tests › should handle rapid filter changes" classname="kpi-advanced.spec.ts" time="0.339">
<failure message="kpi-advanced.spec.ts:189:3 should handle rapid filter changes" type="FAILURE">
<![CDATA[  [chromium] › kpi-advanced.spec.ts:189:3 › KPI Updates - Advanced E2E Tests › should handle rapid filter changes 

    Error: page.goto: Protocol error (Page.navigate): Cannot navigate to invalid URL
    Call log:
      - navigating to "/", waiting until "load"


      188 |
      189 |   test('should handle rapid filter changes', async ({ page }) => {
    > 190 |     await page.goto('/');
          |                ^
      191 |     await page.waitForLoadState('networkidle');
      192 |
      193 |     // Wait for initial load
        at C:\Users\Administrador\project\glpi_dashboard\frontend\e2e\kpi-advanced.spec.ts:190:16

    attachment #1: screenshot (image/png) ──────────────────────────────────────────────────────────
    ..\test-results\kpi-advanced-KPI-Updates---a1411-handle-rapid-filter-changes-chromium\test-failed-1.png
    ────────────────────────────────────────────────────────────────────────────────────────────────

    attachment #2: video (video/webm) ──────────────────────────────────────────────────────────────
    ..\test-results\kpi-advanced-KPI-Updates---a1411-handle-rapid-filter-changes-chromium\video.webm
    ────────────────────────────────────────────────────────────────────────────────────────────────
]]>
</failure>
<system-out>
<![CDATA[
[[ATTACHMENT|kpi-advanced-KPI-Updates---a1411-handle-rapid-filter-changes-chromium\test-failed-1.png]]

[[ATTACHMENT|kpi-advanced-KPI-Updates---a1411-handle-rapid-filter-changes-chromium\video.webm]]
]]>
</system-out>
</testcase>
<testcase name="KPI Updates - Advanced E2E Tests › should maintain state during navigation" classname="kpi-advanced.spec.ts" time="0.315">
<failure message="kpi-advanced.spec.ts:218:3 should maintain state during navigation" type="FAILURE">
<![CDATA[  [chromium] › kpi-advanced.spec.ts:218:3 › KPI Updates - Advanced E2E Tests › should maintain state during navigation 

    Error: page.goto: Protocol error (Page.navigate): Cannot navigate to invalid URL
    Call log:
      - navigating to "/", waiting until "load"


      217 |
      218 |   test('should maintain state during navigation', async ({ page }) => {
    > 219 |     await page.goto('/');
          |                ^
      220 |     await page.waitForLoadState('networkidle');
      221 |
      222 |     // Wait for KPIs to load
        at C:\Users\Administrador\project\glpi_dashboard\frontend\e2e\kpi-advanced.spec.ts:219:16

    attachment #1: screenshot (image/png) ──────────────────────────────────────────────────────────
    ..\test-results\kpi-advanced-KPI-Updates---781e8-ain-state-during-navigation-chromium\test-failed-1.png
    ────────────────────────────────────────────────────────────────────────────────────────────────

    attachment #2: video (video/webm) ──────────────────────────────────────────────────────────────
    ..\test-results\kpi-advanced-KPI-Updates---781e8-ain-state-during-navigation-chromium\video.webm
    ────────────────────────────────────────────────────────────────────────────────────────────────
]]>
</failure>
<system-out>
<![CDATA[
[[ATTACHMENT|kpi-advanced-KPI-Updates---781e8-ain-state-during-navigation-chromium\test-failed-1.png]]

[[ATTACHMENT|kpi-advanced-KPI-Updates---781e8-ain-state-during-navigation-chromium\video.webm]]
]]>
</system-out>
</testcase>
</testsuite>
<testsuite name="kpi-updates.spec.ts" timestamp="2025-08-10T22:48:26.261Z" hostname="chromium" tests="7" failures="2" skipped="5" time="0.754" errors="0">
<testcase name="KPI Updates - E2E Tests › should update KPIs when date period is changed" classname="kpi-updates.spec.ts" time="0.286">
<failure message="kpi-updates.spec.ts:57:3 should update KPIs when date period is changed" type="FAILURE">
<![CDATA[  [chromium] › kpi-updates.spec.ts:57:3 › KPI Updates - E2E Tests › should update KPIs when date period is changed 

    Error: page.goto: Protocol error (Page.navigate): Cannot navigate to invalid URL
    Call log:
      - navigating to "/", waiting until "load"


      56 |
      57 |   test('should update KPIs when date period is changed', async ({ page }) => {
    > 58 |     await page.goto('/');
         |                ^
      59 |     await page.waitForLoadState('networkidle');
      60 |
      61 |     // Wait for initial KPIs to load
        at C:\Users\Administrador\project\glpi_dashboard\frontend\e2e\kpi-updates.spec.ts:58:16

    attachment #1: screenshot (image/png) ──────────────────────────────────────────────────────────
    ..\test-results\kpi-updates-KPI-Updates----0344d-when-date-period-is-changed-chromium\test-failed-1.png
    ────────────────────────────────────────────────────────────────────────────────────────────────

    attachment #2: video (video/webm) ──────────────────────────────────────────────────────────────
    ..\test-results\kpi-updates-KPI-Updates----0344d-when-date-period-is-changed-chromium\video.webm
    ────────────────────────────────────────────────────────────────────────────────────────────────
]]>
</failure>
<system-out>
<![CDATA[
[[ATTACHMENT|kpi-updates-KPI-Updates----0344d-when-date-period-is-changed-chromium\test-failed-1.png]]

[[ATTACHMENT|kpi-updates-KPI-Updates----0344d-when-date-period-is-changed-chromium\video.webm]]
]]>
</system-out>
</testcase>
<testcase name="KPI Updates - E2E Tests › should show loading state during KPI updates" classname="kpi-updates.spec.ts" time="0.468">
<failure message="kpi-updates.spec.ts:92:3 should show loading state during KPI updates" type="FAILURE">
<![CDATA[  [chromium] › kpi-updates.spec.ts:92:3 › KPI Updates - E2E Tests › should show loading state during KPI updates 

    Error: page.goto: Protocol error (Page.navigate): Cannot navigate to invalid URL
    Call log:
      - navigating to "/", waiting until "load"


      91 |
      92 |   test('should show loading state during KPI updates', async ({ page }) => {
    > 93 |     await page.goto('/');
         |                ^
      94 |     await page.waitForLoadState('networkidle');
      95 |
      96 |     // Open date filter and select new period
        at C:\Users\Administrador\project\glpi_dashboard\frontend\e2e\kpi-updates.spec.ts:93:16

    attachment #1: screenshot (image/png) ──────────────────────────────────────────────────────────
    ..\test-results\kpi-updates-KPI-Updates----d77a2-ng-state-during-KPI-updates-chromium\test-failed-1.png
    ────────────────────────────────────────────────────────────────────────────────────────────────

    attachment #2: video (video/webm) ──────────────────────────────────────────────────────────────
    ..\test-results\kpi-updates-KPI-Updates----d77a2-ng-state-during-KPI-updates-chromium\video.webm
    ────────────────────────────────────────────────────────────────────────────────────────────────
]]>
</failure>
<system-out>
<![CDATA[
[[ATTACHMENT|kpi-updates-KPI-Updates----d77a2-ng-state-during-KPI-updates-chromium\test-failed-1.png]]

[[ATTACHMENT|kpi-updates-KPI-Updates----d77a2-ng-state-during-KPI-updates-chromium\video.webm]]
]]>
</system-out>
</testcase>
<testcase name="KPI Updates - E2E Tests › should display error message when API fails" classname="kpi-updates.spec.ts" time="0">
<properties>
<property name="skip" value="">
</property>
</properties>
<skipped>
</skipped>
</testcase>
<testcase name="KPI Updates - E2E Tests › should use v2 API when feature flag is enabled" classname="kpi-updates.spec.ts" time="0">
<properties>
<property name="skip" value="">
</property>
</properties>
<skipped>
</skipped>
</testcase>
<testcase name="KPI Updates - E2E Tests › should use v1 API when feature flag is disabled" classname="kpi-updates.spec.ts" time="0">
<properties>
<property name="skip" value="">
</property>
</properties>
<skipped>
</skipped>
</testcase>
<testcase name="KPI Updates - E2E Tests › should handle network timeout gracefully" classname="kpi-updates.spec.ts" time="0">
<properties>
<property name="skip" value="">
</property>
</properties>
<skipped>
</skipped>
</testcase>
<testcase name="KPI Updates - E2E Tests › should retry failed requests" classname="kpi-updates.spec.ts" time="0">
<properties>
<property name="skip" value="">
</property>
</properties>
<skipped>
</skipped>
</testcase>
</testsuite>
<testsuite name="api-error-handling.spec.ts" timestamp="2025-08-10T22:48:26.261Z" hostname="firefox" tests="4" failures="0" skipped="4" time="0" errors="0">
<testcase name="API Error Handling › should show error state when API is down" classname="api-error-handling.spec.ts" time="0">
<properties>
<property name="skip" value="">
</property>
</properties>
<skipped>
</skipped>
</testcase>
<testcase name="API Error Handling › should allow retry after API error" classname="api-error-handling.spec.ts" time="0">
<properties>
<property name="skip" value="">
</property>
</properties>
<skipped>
</skipped>
</testcase>
<testcase name="API Error Handling › should show network error state when offline" classname="api-error-handling.spec.ts" time="0">
<properties>
<property name="skip" value="">
</property>
</properties>
<skipped>
</skipped>
</testcase>
<testcase name="API Error Handling › should handle partial API failures gracefully" classname="api-error-handling.spec.ts" time="0">
<properties>
<property name="skip" value="">
</property>
</properties>
<skipped>
</skipped>
</testcase>
</testsuite>
<testsuite name="kpi-advanced.spec.ts" timestamp="2025-08-10T22:48:26.261Z" hostname="firefox" tests="7" failures="7" skipped="0" time="15.118" errors="0">
<testcase name="KPI Updates - Advanced E2E Tests › should handle API errors gracefully" classname="kpi-advanced.spec.ts" time="1.878">
<failure message="kpi-advanced.spec.ts:34:3 should handle API errors gracefully" type="FAILURE">
<![CDATA[  [firefox] › kpi-advanced.spec.ts:34:3 › KPI Updates - Advanced E2E Tests › should handle API errors gracefully 

    Error: page.goto: Protocol error (Page.navigate): Invalid url: "/"
    Call log:
      - navigating to "/", waiting until "load"


      45 |     });
      46 |
    > 47 |     await page.goto('/');
         |                ^
      48 |     await page.waitForLoadState('networkidle');
      49 |
      50 |     // Wait for error state to appear
        at C:\Users\Administrador\project\glpi_dashboard\frontend\e2e\kpi-advanced.spec.ts:47:16

    attachment #1: screenshot (image/png) ──────────────────────────────────────────────────────────
    ..\test-results\kpi-advanced-KPI-Updates---de823-andle-API-errors-gracefully-firefox\test-failed-1.png
    ────────────────────────────────────────────────────────────────────────────────────────────────

    attachment #2: video (video/webm) ──────────────────────────────────────────────────────────────
    ..\test-results\kpi-advanced-KPI-Updates---de823-andle-API-errors-gracefully-firefox\video.webm
    ────────────────────────────────────────────────────────────────────────────────────────────────
]]>
</failure>
<system-out>
<![CDATA[
[[ATTACHMENT|kpi-advanced-KPI-Updates---de823-andle-API-errors-gracefully-firefox\test-failed-1.png]]

[[ATTACHMENT|kpi-advanced-KPI-Updates---de823-andle-API-errors-gracefully-firefox\video.webm]]
]]>
</system-out>
</testcase>
<testcase name="KPI Updates - Advanced E2E Tests › should display different data based on feature flags" classname="kpi-advanced.spec.ts" time="1.558">
<failure message="kpi-advanced.spec.ts:58:3 should display different data based on feature flags" type="FAILURE">
<![CDATA[  [firefox] › kpi-advanced.spec.ts:58:3 › KPI Updates - Advanced E2E Tests › should display different data based on feature flags 

    Error: page.goto: Protocol error (Page.navigate): Invalid url: "/"
    Call log:
      - navigating to "/", waiting until "load"


       95 |     });
       96 |
    >  97 |     await page.goto('/');
          |                ^
       98 |     await page.waitForLoadState('networkidle');
       99 |
      100 |     // Wait for API call
        at C:\Users\Administrador\project\glpi_dashboard\frontend\e2e\kpi-advanced.spec.ts:97:16

    attachment #1: screenshot (image/png) ──────────────────────────────────────────────────────────
    ..\test-results\kpi-advanced-KPI-Updates---5ef92-data-based-on-feature-flags-firefox\test-failed-1.png
    ────────────────────────────────────────────────────────────────────────────────────────────────

    attachment #2: video (video/webm) ──────────────────────────────────────────────────────────────
    ..\test-results\kpi-advanced-KPI-Updates---5ef92-data-based-on-feature-flags-firefox\video.webm
    ────────────────────────────────────────────────────────────────────────────────────────────────
]]>
</failure>
<system-out>
<![CDATA[
[[ATTACHMENT|kpi-advanced-KPI-Updates---5ef92-data-based-on-feature-flags-firefox\test-failed-1.png]]

[[ATTACHMENT|kpi-advanced-KPI-Updates---5ef92-data-based-on-feature-flags-firefox\video.webm]]
]]>
</system-out>
</testcase>
<testcase name="KPI Updates - Advanced E2E Tests › should handle network timeouts" classname="kpi-advanced.spec.ts" time="2.365">
<failure message="kpi-advanced.spec.ts:110:3 should handle network timeouts" type="FAILURE">
<![CDATA[  [firefox] › kpi-advanced.spec.ts:110:3 › KPI Updates - Advanced E2E Tests › should handle network timeouts 

    Error: page.goto: Protocol error (Page.navigate): Invalid url: "/"
    Call log:
      - navigating to "/", waiting until "load"


      122 |     });
      123 |
    > 124 |     await page.goto('/');
          |                ^
      125 |     
      126 |     // Should show loading state initially
      127 |     await expect(page.locator('[data-testid="kpi-loading"]')).toBeVisible();
        at C:\Users\Administrador\project\glpi_dashboard\frontend\e2e\kpi-advanced.spec.ts:124:16

    attachment #1: screenshot (image/png) ──────────────────────────────────────────────────────────
    ..\test-results\kpi-advanced-KPI-Updates---cb182-uld-handle-network-timeouts-firefox\test-failed-1.png
    ────────────────────────────────────────────────────────────────────────────────────────────────

    attachment #2: video (video/webm) ──────────────────────────────────────────────────────────────
    ..\test-results\kpi-advanced-KPI-Updates---cb182-uld-handle-network-timeouts-firefox\video.webm
    ────────────────────────────────────────────────────────────────────────────────────────────────
]]>
</failure>
<system-out>
<![CDATA[
[[ATTACHMENT|kpi-advanced-KPI-Updates---cb182-uld-handle-network-timeouts-firefox\test-failed-1.png]]

[[ATTACHMENT|kpi-advanced-KPI-Updates---cb182-uld-handle-network-timeouts-firefox\video.webm]]
]]>
</system-out>
</testcase>
<testcase name="KPI Updates - Advanced E2E Tests › should retry failed requests" classname="kpi-advanced.spec.ts" time="2.186">
<failure message="kpi-advanced.spec.ts:133:3 should retry failed requests" type="FAILURE">
<![CDATA[  [firefox] › kpi-advanced.spec.ts:133:3 › KPI Updates - Advanced E2E Tests › should retry failed requests 

    Error: page.goto: Protocol error (Page.navigate): Invalid url: "/"
    Call log:
      - navigating to "/", waiting until "load"


      159 |     });
      160 |
    > 161 |     await page.goto('/');
          |                ^
      162 |     await page.waitForLoadState('networkidle');
      163 |
      164 |     // Should eventually show data after retry (if retry logic is implemented)
        at C:\Users\Administrador\project\glpi_dashboard\frontend\e2e\kpi-advanced.spec.ts:161:16

    attachment #1: screenshot (image/png) ──────────────────────────────────────────────────────────
    ..\test-results\kpi-advanced-KPI-Updates---c47e0-hould-retry-failed-requests-firefox\test-failed-1.png
    ────────────────────────────────────────────────────────────────────────────────────────────────

    attachment #2: video (video/webm) ──────────────────────────────────────────────────────────────
    ..\test-results\kpi-advanced-KPI-Updates---c47e0-hould-retry-failed-requests-firefox\video.webm
    ────────────────────────────────────────────────────────────────────────────────────────────────
]]>
</failure>
<system-out>
<![CDATA[
[[ATTACHMENT|kpi-advanced-KPI-Updates---c47e0-hould-retry-failed-requests-firefox\test-failed-1.png]]

[[ATTACHMENT|kpi-advanced-KPI-Updates---c47e0-hould-retry-failed-requests-firefox\video.webm]]
]]>
</system-out>
</testcase>
<testcase name="KPI Updates - Advanced E2E Tests › should validate accessibility" classname="kpi-advanced.spec.ts" time="2.023">
<failure message="kpi-advanced.spec.ts:168:3 should validate accessibility" type="FAILURE">
<![CDATA[  [firefox] › kpi-advanced.spec.ts:168:3 › KPI Updates - Advanced E2E Tests › should validate accessibility 

    Error: page.goto: Protocol error (Page.navigate): Invalid url: "/"
    Call log:
      - navigating to "/", waiting until "load"


      167 |
      168 |   test('should validate accessibility', async ({ page }) => {
    > 169 |     await page.goto('/');
          |                ^
      170 |     await page.waitForLoadState('networkidle');
      171 |
      172 |     // Wait for KPIs to load
        at C:\Users\Administrador\project\glpi_dashboard\frontend\e2e\kpi-advanced.spec.ts:169:16

    attachment #1: screenshot (image/png) ──────────────────────────────────────────────────────────
    ..\test-results\kpi-advanced-KPI-Updates---78bfa-ould-validate-accessibility-firefox\test-failed-1.png
    ────────────────────────────────────────────────────────────────────────────────────────────────

    attachment #2: video (video/webm) ──────────────────────────────────────────────────────────────
    ..\test-results\kpi-advanced-KPI-Updates---78bfa-ould-validate-accessibility-firefox\video.webm
    ────────────────────────────────────────────────────────────────────────────────────────────────
]]>
</failure>
<system-out>
<![CDATA[
[[ATTACHMENT|kpi-advanced-KPI-Updates---78bfa-ould-validate-accessibility-firefox\test-failed-1.png]]

[[ATTACHMENT|kpi-advanced-KPI-Updates---78bfa-ould-validate-accessibility-firefox\video.webm]]
]]>
</system-out>
</testcase>
<testcase name="KPI Updates - Advanced E2E Tests › should handle rapid filter changes" classname="kpi-advanced.spec.ts" time="2.542">
<failure message="kpi-advanced.spec.ts:189:3 should handle rapid filter changes" type="FAILURE">
<![CDATA[  [firefox] › kpi-advanced.spec.ts:189:3 › KPI Updates - Advanced E2E Tests › should handle rapid filter changes 

    Error: page.goto: Protocol error (Page.navigate): Invalid url: "/"
    Call log:
      - navigating to "/", waiting until "load"


      188 |
      189 |   test('should handle rapid filter changes', async ({ page }) => {
    > 190 |     await page.goto('/');
          |                ^
      191 |     await page.waitForLoadState('networkidle');
      192 |
      193 |     // Wait for initial load
        at C:\Users\Administrador\project\glpi_dashboard\frontend\e2e\kpi-advanced.spec.ts:190:16

    attachment #1: screenshot (image/png) ──────────────────────────────────────────────────────────
    ..\test-results\kpi-advanced-KPI-Updates---a1411-handle-rapid-filter-changes-firefox\test-failed-1.png
    ────────────────────────────────────────────────────────────────────────────────────────────────

    attachment #2: video (video/webm) ──────────────────────────────────────────────────────────────
    ..\test-results\kpi-advanced-KPI-Updates---a1411-handle-rapid-filter-changes-firefox\video.webm
    ────────────────────────────────────────────────────────────────────────────────────────────────
]]>
</failure>
<system-out>
<![CDATA[
[[ATTACHMENT|kpi-advanced-KPI-Updates---a1411-handle-rapid-filter-changes-firefox\test-failed-1.png]]

[[ATTACHMENT|kpi-advanced-KPI-Updates---a1411-handle-rapid-filter-changes-firefox\video.webm]]
]]>
</system-out>
</testcase>
<testcase name="KPI Updates - Advanced E2E Tests › should maintain state during navigation" classname="kpi-advanced.spec.ts" time="2.566">
<failure message="kpi-advanced.spec.ts:218:3 should maintain state during navigation" type="FAILURE">
<![CDATA[  [firefox] › kpi-advanced.spec.ts:218:3 › KPI Updates - Advanced E2E Tests › should maintain state during navigation 

    Error: page.goto: Protocol error (Page.navigate): Invalid url: "/"
    Call log:
      - navigating to "/", waiting until "load"


      217 |
      218 |   test('should maintain state during navigation', async ({ page }) => {
    > 219 |     await page.goto('/');
          |                ^
      220 |     await page.waitForLoadState('networkidle');
      221 |
      222 |     // Wait for KPIs to load
        at C:\Users\Administrador\project\glpi_dashboard\frontend\e2e\kpi-advanced.spec.ts:219:16

    attachment #1: screenshot (image/png) ──────────────────────────────────────────────────────────
    ..\test-results\kpi-advanced-KPI-Updates---781e8-ain-state-during-navigation-firefox\test-failed-1.png
    ────────────────────────────────────────────────────────────────────────────────────────────────

    attachment #2: video (video/webm) ──────────────────────────────────────────────────────────────
    ..\test-results\kpi-advanced-KPI-Updates---781e8-ain-state-during-navigation-firefox\video.webm
    ────────────────────────────────────────────────────────────────────────────────────────────────
]]>
</failure>
<system-out>
<![CDATA[
[[ATTACHMENT|kpi-advanced-KPI-Updates---781e8-ain-state-during-navigation-firefox\test-failed-1.png]]

[[ATTACHMENT|kpi-advanced-KPI-Updates---781e8-ain-state-during-navigation-firefox\video.webm]]
]]>
</system-out>
</testcase>
</testsuite>
<testsuite name="kpi-updates.spec.ts" timestamp="2025-08-10T22:48:26.261Z" hostname="firefox" tests="7" failures="2" skipped="5" time="5.357" errors="0">
<testcase name="KPI Updates - E2E Tests › should update KPIs when date period is changed" classname="kpi-updates.spec.ts" time="3.21">
<failure message="kpi-updates.spec.ts:57:3 should update KPIs when date period is changed" type="FAILURE">
<![CDATA[  [firefox] › kpi-updates.spec.ts:57:3 › KPI Updates - E2E Tests › should update KPIs when date period is changed 

    Error: page.goto: Protocol error (Page.navigate): Invalid url: "/"
    Call log:
      - navigating to "/", waiting until "load"


      56 |
      57 |   test('should update KPIs when date period is changed', async ({ page }) => {
    > 58 |     await page.goto('/');
         |                ^
      59 |     await page.waitForLoadState('networkidle');
      60 |
      61 |     // Wait for initial KPIs to load
        at C:\Users\Administrador\project\glpi_dashboard\frontend\e2e\kpi-updates.spec.ts:58:16

    attachment #1: screenshot (image/png) ──────────────────────────────────────────────────────────
    ..\test-results\kpi-updates-KPI-Updates----0344d-when-date-period-is-changed-firefox\test-failed-1.png
    ────────────────────────────────────────────────────────────────────────────────────────────────

    attachment #2: video (video/webm) ──────────────────────────────────────────────────────────────
    ..\test-results\kpi-updates-KPI-Updates----0344d-when-date-period-is-changed-firefox\video.webm
    ────────────────────────────────────────────────────────────────────────────────────────────────
]]>
</failure>
<system-out>
<![CDATA[
[[ATTACHMENT|kpi-updates-KPI-Updates----0344d-when-date-period-is-changed-firefox\test-failed-1.png]]

[[ATTACHMENT|kpi-updates-KPI-Updates----0344d-when-date-period-is-changed-firefox\video.webm]]
]]>
</system-out>
</testcase>
<testcase name="KPI Updates - E2E Tests › should show loading state during KPI updates" classname="kpi-updates.spec.ts" time="2.147">
<failure message="kpi-updates.spec.ts:92:3 should show loading state during KPI updates" type="FAILURE">
<![CDATA[  [firefox] › kpi-updates.spec.ts:92:3 › KPI Updates - E2E Tests › should show loading state during KPI updates 

    Error: page.goto: Protocol error (Page.navigate): Invalid url: "/"
    Call log:
      - navigating to "/", waiting until "load"


      91 |
      92 |   test('should show loading state during KPI updates', async ({ page }) => {
    > 93 |     await page.goto('/');
         |                ^
      94 |     await page.waitForLoadState('networkidle');
      95 |
      96 |     // Open date filter and select new period
        at C:\Users\Administrador\project\glpi_dashboard\frontend\e2e\kpi-updates.spec.ts:93:16

    attachment #1: screenshot (image/png) ──────────────────────────────────────────────────────────
    ..\test-results\kpi-updates-KPI-Updates----d77a2-ng-state-during-KPI-updates-firefox\test-failed-1.png
    ────────────────────────────────────────────────────────────────────────────────────────────────

    attachment #2: video (video/webm) ──────────────────────────────────────────────────────────────
    ..\test-results\kpi-updates-KPI-Updates----d77a2-ng-state-during-KPI-updates-firefox\video.webm
    ────────────────────────────────────────────────────────────────────────────────────────────────
]]>
</failure>
<system-out>
<![CDATA[
[[ATTACHMENT|kpi-updates-KPI-Updates----d77a2-ng-state-during-KPI-updates-firefox\test-failed-1.png]]

[[ATTACHMENT|kpi-updates-KPI-Updates----d77a2-ng-state-during-KPI-updates-firefox\video.webm]]
]]>
</system-out>
</testcase>
<testcase name="KPI Updates - E2E Tests › should display error message when API fails" classname="kpi-updates.spec.ts" time="0">
<properties>
<property name="skip" value="">
</property>
</properties>
<skipped>
</skipped>
</testcase>
<testcase name="KPI Updates - E2E Tests › should use v2 API when feature flag is enabled" classname="kpi-updates.spec.ts" time="0">
<properties>
<property name="skip" value="">
</property>
</properties>
<skipped>
</skipped>
</testcase>
<testcase name="KPI Updates - E2E Tests › should use v1 API when feature flag is disabled" classname="kpi-updates.spec.ts" time="0">
<properties>
<property name="skip" value="">
</property>
</properties>
<skipped>
</skipped>
</testcase>
<testcase name="KPI Updates - E2E Tests › should handle network timeout gracefully" classname="kpi-updates.spec.ts" time="0">
<properties>
<property name="skip" value="">
</property>
</properties>
<skipped>
</skipped>
</testcase>
<testcase name="KPI Updates - E2E Tests › should retry failed requests" classname="kpi-updates.spec.ts" time="0">
<properties>
<property name="skip" value="">
</property>
</properties>
<skipped>
</skipped>
</testcase>
</testsuite>
<testsuite name="api-error-handling.spec.ts" timestamp="2025-08-10T22:48:26.261Z" hostname="webkit" tests="4" failures="0" skipped="4" time="0" errors="0">
<testcase name="API Error Handling › should show error state when API is down" classname="api-error-handling.spec.ts" time="0">
<properties>
<property name="skip" value="">
</property>
</properties>
<skipped>
</skipped>
</testcase>
<testcase name="API Error Handling › should allow retry after API error" classname="api-error-handling.spec.ts" time="0">
<properties>
<property name="skip" value="">
</property>
</properties>
<skipped>
</skipped>
</testcase>
<testcase name="API Error Handling › should show network error state when offline" classname="api-error-handling.spec.ts" time="0">
<properties>
<property name="skip" value="">
</property>
</properties>
<skipped>
</skipped>
</testcase>
<testcase name="API Error Handling › should handle partial API failures gracefully" classname="api-error-handling.spec.ts" time="0">
<properties>
<property name="skip" value="">
</property>
</properties>
<skipped>
</skipped>
</testcase>
</testsuite>
<testsuite name="kpi-advanced.spec.ts" timestamp="2025-08-10T22:48:26.261Z" hostname="webkit" tests="7" failures="7" skipped="0" time="4.948" errors="0">
<testcase name="KPI Updates - Advanced E2E Tests › should handle API errors gracefully" classname="kpi-advanced.spec.ts" time="1.218">
<failure message="kpi-advanced.spec.ts:34:3 should handle API errors gracefully" type="FAILURE">
<![CDATA[  [webkit] › kpi-advanced.spec.ts:34:3 › KPI Updates - Advanced E2E Tests › should handle API errors gracefully 

    Error: page.goto: Protocol error (Playwright.navigate): Cannot navigate to invalid URL
    Call log:
      - navigating to "/", waiting until "load"


      45 |     });
      46 |
    > 47 |     await page.goto('/');
         |                ^
      48 |     await page.waitForLoadState('networkidle');
      49 |
      50 |     // Wait for error state to appear
        at C:\Users\Administrador\project\glpi_dashboard\frontend\e2e\kpi-advanced.spec.ts:47:16

    attachment #1: screenshot (image/png) ──────────────────────────────────────────────────────────
    ..\test-results\kpi-advanced-KPI-Updates---de823-andle-API-errors-gracefully-webkit\test-failed-1.png
    ────────────────────────────────────────────────────────────────────────────────────────────────

    attachment #2: video (video/webm) ──────────────────────────────────────────────────────────────
    ..\test-results\kpi-advanced-KPI-Updates---de823-andle-API-errors-gracefully-webkit\video.webm
    ────────────────────────────────────────────────────────────────────────────────────────────────
]]>
</failure>
<system-out>
<![CDATA[
[[ATTACHMENT|kpi-advanced-KPI-Updates---de823-andle-API-errors-gracefully-webkit\test-failed-1.png]]

[[ATTACHMENT|kpi-advanced-KPI-Updates---de823-andle-API-errors-gracefully-webkit\video.webm]]
]]>
</system-out>
</testcase>
<testcase name="KPI Updates - Advanced E2E Tests › should display different data based on feature flags" classname="kpi-advanced.spec.ts" time="0.791">
<failure message="kpi-advanced.spec.ts:58:3 should display different data based on feature flags" type="FAILURE">
<![CDATA[  [webkit] › kpi-advanced.spec.ts:58:3 › KPI Updates - Advanced E2E Tests › should display different data based on feature flags 

    Error: page.goto: Protocol error (Playwright.navigate): Cannot navigate to invalid URL
    Call log:
      - navigating to "/", waiting until "load"


       95 |     });
       96 |
    >  97 |     await page.goto('/');
          |                ^
       98 |     await page.waitForLoadState('networkidle');
       99 |
      100 |     // Wait for API call
        at C:\Users\Administrador\project\glpi_dashboard\frontend\e2e\kpi-advanced.spec.ts:97:16

    attachment #1: screenshot (image/png) ──────────────────────────────────────────────────────────
    ..\test-results\kpi-advanced-KPI-Updates---5ef92-data-based-on-feature-flags-webkit\test-failed-1.png
    ────────────────────────────────────────────────────────────────────────────────────────────────

    attachment #2: video (video/webm) ──────────────────────────────────────────────────────────────
    ..\test-results\kpi-advanced-KPI-Updates---5ef92-data-based-on-feature-flags-webkit\video.webm
    ────────────────────────────────────────────────────────────────────────────────────────────────
]]>
</failure>
<system-out>
<![CDATA[
[[ATTACHMENT|kpi-advanced-KPI-Updates---5ef92-data-based-on-feature-flags-webkit\test-failed-1.png]]

[[ATTACHMENT|kpi-advanced-KPI-Updates---5ef92-data-based-on-feature-flags-webkit\video.webm]]
]]>
</system-out>
</testcase>
<testcase name="KPI Updates - Advanced E2E Tests › should handle network timeouts" classname="kpi-advanced.spec.ts" time="0.522">
<failure message="kpi-advanced.spec.ts:110:3 should handle network timeouts" type="FAILURE">
<![CDATA[  [webkit] › kpi-advanced.spec.ts:110:3 › KPI Updates - Advanced E2E Tests › should handle network timeouts 

    Error: page.goto: Protocol error (Playwright.navigate): Cannot navigate to invalid URL
    Call log:
      - navigating to "/", waiting until "load"


      122 |     });
      123 |
    > 124 |     await page.goto('/');
          |                ^
      125 |     
      126 |     // Should show loading state initially
      127 |     await expect(page.locator('[data-testid="kpi-loading"]')).toBeVisible();
        at C:\Users\Administrador\project\glpi_dashboard\frontend\e2e\kpi-advanced.spec.ts:124:16

    attachment #1: screenshot (image/png) ──────────────────────────────────────────────────────────
    ..\test-results\kpi-advanced-KPI-Updates---cb182-uld-handle-network-timeouts-webkit\test-failed-1.png
    ────────────────────────────────────────────────────────────────────────────────────────────────

    attachment #2: video (video/webm) ──────────────────────────────────────────────────────────────
    ..\test-results\kpi-advanced-KPI-Updates---cb182-uld-handle-network-timeouts-webkit\video.webm
    ────────────────────────────────────────────────────────────────────────────────────────────────
]]>
</failure>
<system-out>
<![CDATA[
[[ATTACHMENT|kpi-advanced-KPI-Updates---cb182-uld-handle-network-timeouts-webkit\test-failed-1.png]]

[[ATTACHMENT|kpi-advanced-KPI-Updates---cb182-uld-handle-network-timeouts-webkit\video.webm]]
]]>
</system-out>
</testcase>
<testcase name="KPI Updates - Advanced E2E Tests › should retry failed requests" classname="kpi-advanced.spec.ts" time="0.539">
<failure message="kpi-advanced.spec.ts:133:3 should retry failed requests" type="FAILURE">
<![CDATA[  [webkit] › kpi-advanced.spec.ts:133:3 › KPI Updates - Advanced E2E Tests › should retry failed requests 

    Error: page.goto: Protocol error (Playwright.navigate): Cannot navigate to invalid URL
    Call log:
      - navigating to "/", waiting until "load"


      159 |     });
      160 |
    > 161 |     await page.goto('/');
          |                ^
      162 |     await page.waitForLoadState('networkidle');
      163 |
      164 |     // Should eventually show data after retry (if retry logic is implemented)
        at C:\Users\Administrador\project\glpi_dashboard\frontend\e2e\kpi-advanced.spec.ts:161:16

    attachment #1: screenshot (image/png) ──────────────────────────────────────────────────────────
    ..\test-results\kpi-advanced-KPI-Updates---c47e0-hould-retry-failed-requests-webkit\test-failed-1.png
    ────────────────────────────────────────────────────────────────────────────────────────────────

    attachment #2: video (video/webm) ──────────────────────────────────────────────────────────────
    ..\test-results\kpi-advanced-KPI-Updates---c47e0-hould-retry-failed-requests-webkit\video.webm
    ────────────────────────────────────────────────────────────────────────────────────────────────
]]>
</failure>
<system-out>
<![CDATA[
[[ATTACHMENT|kpi-advanced-KPI-Updates---c47e0-hould-retry-failed-requests-webkit\test-failed-1.png]]

[[ATTACHMENT|kpi-advanced-KPI-Updates---c47e0-hould-retry-failed-requests-webkit\video.webm]]
]]>
</system-out>
</testcase>
<testcase name="KPI Updates - Advanced E2E Tests › should validate accessibility" classname="kpi-advanced.spec.ts" time="0.55">
<failure message="kpi-advanced.spec.ts:168:3 should validate accessibility" type="FAILURE">
<![CDATA[  [webkit] › kpi-advanced.spec.ts:168:3 › KPI Updates - Advanced E2E Tests › should validate accessibility 

    Error: page.goto: Protocol error (Playwright.navigate): Cannot navigate to invalid URL
    Call log:
      - navigating to "/", waiting until "load"


      167 |
      168 |   test('should validate accessibility', async ({ page }) => {
    > 169 |     await page.goto('/');
          |                ^
      170 |     await page.waitForLoadState('networkidle');
      171 |
      172 |     // Wait for KPIs to load
        at C:\Users\Administrador\project\glpi_dashboard\frontend\e2e\kpi-advanced.spec.ts:169:16

    attachment #1: screenshot (image/png) ──────────────────────────────────────────────────────────
    ..\test-results\kpi-advanced-KPI-Updates---78bfa-ould-validate-accessibility-webkit\test-failed-1.png
    ────────────────────────────────────────────────────────────────────────────────────────────────

    attachment #2: video (video/webm) ──────────────────────────────────────────────────────────────
    ..\test-results\kpi-advanced-KPI-Updates---78bfa-ould-validate-accessibility-webkit\video.webm
    ────────────────────────────────────────────────────────────────────────────────────────────────
]]>
</failure>
<system-out>
<![CDATA[
[[ATTACHMENT|kpi-advanced-KPI-Updates---78bfa-ould-validate-accessibility-webkit\test-failed-1.png]]

[[ATTACHMENT|kpi-advanced-KPI-Updates---78bfa-ould-validate-accessibility-webkit\video.webm]]
]]>
</system-out>
</testcase>
<testcase name="KPI Updates - Advanced E2E Tests › should handle rapid filter changes" classname="kpi-advanced.spec.ts" time="0.761">
<failure message="kpi-advanced.spec.ts:189:3 should handle rapid filter changes" type="FAILURE">
<![CDATA[  [webkit] › kpi-advanced.spec.ts:189:3 › KPI Updates - Advanced E2E Tests › should handle rapid filter changes 

    Error: page.goto: Protocol error (Playwright.navigate): Cannot navigate to invalid URL
    Call log:
      - navigating to "/", waiting until "load"


      188 |
      189 |   test('should handle rapid filter changes', async ({ page }) => {
    > 190 |     await page.goto('/');
          |                ^
      191 |     await page.waitForLoadState('networkidle');
      192 |
      193 |     // Wait for initial load
        at C:\Users\Administrador\project\glpi_dashboard\frontend\e2e\kpi-advanced.spec.ts:190:16

    attachment #1: screenshot (image/png) ──────────────────────────────────────────────────────────
    ..\test-results\kpi-advanced-KPI-Updates---a1411-handle-rapid-filter-changes-webkit\test-failed-1.png
    ────────────────────────────────────────────────────────────────────────────────────────────────

    attachment #2: video (video/webm) ──────────────────────────────────────────────────────────────
    ..\test-results\kpi-advanced-KPI-Updates---a1411-handle-rapid-filter-changes-webkit\video.webm
    ────────────────────────────────────────────────────────────────────────────────────────────────
]]>
</failure>
<system-out>
<![CDATA[
[[ATTACHMENT|kpi-advanced-KPI-Updates---a1411-handle-rapid-filter-changes-webkit\test-failed-1.png]]

[[ATTACHMENT|kpi-advanced-KPI-Updates---a1411-handle-rapid-filter-changes-webkit\video.webm]]
]]>
</system-out>
</testcase>
<testcase name="KPI Updates - Advanced E2E Tests › should maintain state during navigation" classname="kpi-advanced.spec.ts" time="0.567">
<failure message="kpi-advanced.spec.ts:218:3 should maintain state during navigation" type="FAILURE">
<![CDATA[  [webkit] › kpi-advanced.spec.ts:218:3 › KPI Updates - Advanced E2E Tests › should maintain state during navigation 

    Error: page.goto: Protocol error (Playwright.navigate): Cannot navigate to invalid URL
    Call log:
      - navigating to "/", waiting until "load"


      217 |
      218 |   test('should maintain state during navigation', async ({ page }) => {
    > 219 |     await page.goto('/');
          |                ^
      220 |     await page.waitForLoadState('networkidle');
      221 |
      222 |     // Wait for KPIs to load
        at C:\Users\Administrador\project\glpi_dashboard\frontend\e2e\kpi-advanced.spec.ts:219:16

    attachment #1: screenshot (image/png) ──────────────────────────────────────────────────────────
    ..\test-results\kpi-advanced-KPI-Updates---781e8-ain-state-during-navigation-webkit\test-failed-1.png
    ────────────────────────────────────────────────────────────────────────────────────────────────

    attachment #2: video (video/webm) ──────────────────────────────────────────────────────────────
    ..\test-results\kpi-advanced-KPI-Updates---781e8-ain-state-during-navigation-webkit\video.webm
    ────────────────────────────────────────────────────────────────────────────────────────────────
]]>
</failure>
<system-out>
<![CDATA[
[[ATTACHMENT|kpi-advanced-KPI-Updates---781e8-ain-state-during-navigation-webkit\test-failed-1.png]]

[[ATTACHMENT|kpi-advanced-KPI-Updates---781e8-ain-state-during-navigation-webkit\video.webm]]
]]>
</system-out>
</testcase>
</testsuite>
<testsuite name="kpi-updates.spec.ts" timestamp="2025-08-10T22:48:26.261Z" hostname="webkit" tests="7" failures="2" skipped="5" time="1.56" errors="0">
<testcase name="KPI Updates - E2E Tests › should update KPIs when date period is changed" classname="kpi-updates.spec.ts" time="0.763">
<failure message="kpi-updates.spec.ts:57:3 should update KPIs when date period is changed" type="FAILURE">
<![CDATA[  [webkit] › kpi-updates.spec.ts:57:3 › KPI Updates - E2E Tests › should update KPIs when date period is changed 

    Error: page.goto: Protocol error (Playwright.navigate): Cannot navigate to invalid URL
    Call log:
      - navigating to "/", waiting until "load"


      56 |
      57 |   test('should update KPIs when date period is changed', async ({ page }) => {
    > 58 |     await page.goto('/');
         |                ^
      59 |     await page.waitForLoadState('networkidle');
      60 |
      61 |     // Wait for initial KPIs to load
        at C:\Users\Administrador\project\glpi_dashboard\frontend\e2e\kpi-updates.spec.ts:58:16

    attachment #1: screenshot (image/png) ──────────────────────────────────────────────────────────
    ..\test-results\kpi-updates-KPI-Updates----0344d-when-date-period-is-changed-webkit\test-failed-1.png
    ────────────────────────────────────────────────────────────────────────────────────────────────

    attachment #2: video (video/webm) ──────────────────────────────────────────────────────────────
    ..\test-results\kpi-updates-KPI-Updates----0344d-when-date-period-is-changed-webkit\video.webm
    ────────────────────────────────────────────────────────────────────────────────────────────────
]]>
</failure>
<system-out>
<![CDATA[
[[ATTACHMENT|kpi-updates-KPI-Updates----0344d-when-date-period-is-changed-webkit\test-failed-1.png]]

[[ATTACHMENT|kpi-updates-KPI-Updates----0344d-when-date-period-is-changed-webkit\video.webm]]
]]>
</system-out>
</testcase>
<testcase name="KPI Updates - E2E Tests › should show loading state during KPI updates" classname="kpi-updates.spec.ts" time="0.797">
<failure message="kpi-updates.spec.ts:92:3 should show loading state during KPI updates" type="FAILURE">
<![CDATA[  [webkit] › kpi-updates.spec.ts:92:3 › KPI Updates - E2E Tests › should show loading state during KPI updates 

    Error: page.goto: Protocol error (Playwright.navigate): Cannot navigate to invalid URL
    Call log:
      - navigating to "/", waiting until "load"


      91 |
      92 |   test('should show loading state during KPI updates', async ({ page }) => {
    > 93 |     await page.goto('/');
         |                ^
      94 |     await page.waitForLoadState('networkidle');
      95 |
      96 |     // Open date filter and select new period
        at C:\Users\Administrador\project\glpi_dashboard\frontend\e2e\kpi-updates.spec.ts:93:16

    attachment #1: screenshot (image/png) ──────────────────────────────────────────────────────────
    ..\test-results\kpi-updates-KPI-Updates----d77a2-ng-state-during-KPI-updates-webkit\test-failed-1.png
    ────────────────────────────────────────────────────────────────────────────────────────────────

    attachment #2: video (video/webm) ──────────────────────────────────────────────────────────────
    ..\test-results\kpi-updates-KPI-Updates----d77a2-ng-state-during-KPI-updates-webkit\video.webm
    ────────────────────────────────────────────────────────────────────────────────────────────────
]]>
</failure>
<system-out>
<![CDATA[
[[ATTACHMENT|kpi-updates-KPI-Updates----d77a2-ng-state-during-KPI-updates-webkit\test-failed-1.png]]

[[ATTACHMENT|kpi-updates-KPI-Updates----d77a2-ng-state-during-KPI-updates-webkit\video.webm]]
]]>
</system-out>
</testcase>
<testcase name="KPI Updates - E2E Tests › should display error message when API fails" classname="kpi-updates.spec.ts" time="0">
<properties>
<property name="skip" value="">
</property>
</properties>
<skipped>
</skipped>
</testcase>
<testcase name="KPI Updates - E2E Tests › should use v2 API when feature flag is enabled" classname="kpi-updates.spec.ts" time="0">
<properties>
<property name="skip" value="">
</property>
</properties>
<skipped>
</skipped>
</testcase>
<testcase name="KPI Updates - E2E Tests › should use v1 API when feature flag is disabled" classname="kpi-updates.spec.ts" time="0">
<properties>
<property name="skip" value="">
</property>
</properties>
<skipped>
</skipped>
</testcase>
<testcase name="KPI Updates - E2E Tests › should handle network timeout gracefully" classname="kpi-updates.spec.ts" time="0">
<properties>
<property name="skip" value="">
</property>
</properties>
<skipped>
</skipped>
</testcase>
<testcase name="KPI Updates - E2E Tests › should retry failed requests" classname="kpi-updates.spec.ts" time="0">
<properties>
<property name="skip" value="">
</property>
</properties>
<skipped>
</skipped>
</testcase>
</testsuite>
<testsuite name="api-error-handling.spec.ts" timestamp="2025-08-10T22:48:26.261Z" hostname="Mobile Chrome" tests="4" failures="0" skipped="4" time="0" errors="0">
<testcase name="API Error Handling › should show error state when API is down" classname="api-error-handling.spec.ts" time="0">
<properties>
<property name="skip" value="">
</property>
</properties>
<skipped>
</skipped>
</testcase>
<testcase name="API Error Handling › should allow retry after API error" classname="api-error-handling.spec.ts" time="0">
<properties>
<property name="skip" value="">
</property>
</properties>
<skipped>
</skipped>
</testcase>
<testcase name="API Error Handling › should show network error state when offline" classname="api-error-handling.spec.ts" time="0">
<properties>
<property name="skip" value="">
</property>
</properties>
<skipped>
</skipped>
</testcase>
<testcase name="API Error Handling › should handle partial API failures gracefully" classname="api-error-handling.spec.ts" time="0">
<properties>
<property name="skip" value="">
</property>
</properties>
<skipped>
</skipped>
</testcase>
</testsuite>
<testsuite name="kpi-advanced.spec.ts" timestamp="2025-08-10T22:48:26.261Z" hostname="Mobile Chrome" tests="7" failures="7" skipped="0" time="3.012" errors="0">
<testcase name="KPI Updates - Advanced E2E Tests › should handle API errors gracefully" classname="kpi-advanced.spec.ts" time="0.476">
<failure message="kpi-advanced.spec.ts:34:3 should handle API errors gracefully" type="FAILURE">
<![CDATA[  [Mobile Chrome] › kpi-advanced.spec.ts:34:3 › KPI Updates - Advanced E2E Tests › should handle API errors gracefully 

    Error: page.goto: Protocol error (Page.navigate): Cannot navigate to invalid URL
    Call log:
      - navigating to "/", waiting until "load"


      45 |     });
      46 |
    > 47 |     await page.goto('/');
         |                ^
      48 |     await page.waitForLoadState('networkidle');
      49 |
      50 |     // Wait for error state to appear
        at C:\Users\Administrador\project\glpi_dashboard\frontend\e2e\kpi-advanced.spec.ts:47:16

    attachment #1: screenshot (image/png) ──────────────────────────────────────────────────────────
    ..\test-results\kpi-advanced-KPI-Updates---de823-andle-API-errors-gracefully-Mobile-Chrome\test-failed-1.png
    ────────────────────────────────────────────────────────────────────────────────────────────────

    attachment #2: video (video/webm) ──────────────────────────────────────────────────────────────
    ..\test-results\kpi-advanced-KPI-Updates---de823-andle-API-errors-gracefully-Mobile-Chrome\video.webm
    ────────────────────────────────────────────────────────────────────────────────────────────────
]]>
</failure>
<system-out>
<![CDATA[
[[ATTACHMENT|kpi-advanced-KPI-Updates---de823-andle-API-errors-gracefully-Mobile-Chrome\test-failed-1.png]]

[[ATTACHMENT|kpi-advanced-KPI-Updates---de823-andle-API-errors-gracefully-Mobile-Chrome\video.webm]]
]]>
</system-out>
</testcase>
<testcase name="KPI Updates - Advanced E2E Tests › should display different data based on feature flags" classname="kpi-advanced.spec.ts" time="0.431">
<failure message="kpi-advanced.spec.ts:58:3 should display different data based on feature flags" type="FAILURE">
<![CDATA[  [Mobile Chrome] › kpi-advanced.spec.ts:58:3 › KPI Updates - Advanced E2E Tests › should display different data based on feature flags 

    Error: page.goto: Protocol error (Page.navigate): Cannot navigate to invalid URL
    Call log:
      - navigating to "/", waiting until "load"


       95 |     });
       96 |
    >  97 |     await page.goto('/');
          |                ^
       98 |     await page.waitForLoadState('networkidle');
       99 |
      100 |     // Wait for API call
        at C:\Users\Administrador\project\glpi_dashboard\frontend\e2e\kpi-advanced.spec.ts:97:16

    attachment #1: screenshot (image/png) ──────────────────────────────────────────────────────────
    ..\test-results\kpi-advanced-KPI-Updates---5ef92-data-based-on-feature-flags-Mobile-Chrome\test-failed-1.png
    ────────────────────────────────────────────────────────────────────────────────────────────────

    attachment #2: video (video/webm) ──────────────────────────────────────────────────────────────
    ..\test-results\kpi-advanced-KPI-Updates---5ef92-data-based-on-feature-flags-Mobile-Chrome\video.webm
    ────────────────────────────────────────────────────────────────────────────────────────────────
]]>
</failure>
<system-out>
<![CDATA[
[[ATTACHMENT|kpi-advanced-KPI-Updates---5ef92-data-based-on-feature-flags-Mobile-Chrome\test-failed-1.png]]

[[ATTACHMENT|kpi-advanced-KPI-Updates---5ef92-data-based-on-feature-flags-Mobile-Chrome\video.webm]]
]]>
</system-out>
</testcase>
<testcase name="KPI Updates - Advanced E2E Tests › should handle network timeouts" classname="kpi-advanced.spec.ts" time="0.364">
<failure message="kpi-advanced.spec.ts:110:3 should handle network timeouts" type="FAILURE">
<![CDATA[  [Mobile Chrome] › kpi-advanced.spec.ts:110:3 › KPI Updates - Advanced E2E Tests › should handle network timeouts 

    Error: page.goto: Protocol error (Page.navigate): Cannot navigate to invalid URL
    Call log:
      - navigating to "/", waiting until "load"


      122 |     });
      123 |
    > 124 |     await page.goto('/');
          |                ^
      125 |     
      126 |     // Should show loading state initially
      127 |     await expect(page.locator('[data-testid="kpi-loading"]')).toBeVisible();
        at C:\Users\Administrador\project\glpi_dashboard\frontend\e2e\kpi-advanced.spec.ts:124:16

    attachment #1: screenshot (image/png) ──────────────────────────────────────────────────────────
    ..\test-results\kpi-advanced-KPI-Updates---cb182-uld-handle-network-timeouts-Mobile-Chrome\test-failed-1.png
    ────────────────────────────────────────────────────────────────────────────────────────────────

    attachment #2: video (video/webm) ──────────────────────────────────────────────────────────────
    ..\test-results\kpi-advanced-KPI-Updates---cb182-uld-handle-network-timeouts-Mobile-Chrome\video.webm
    ────────────────────────────────────────────────────────────────────────────────────────────────
]]>
</failure>
<system-out>
<![CDATA[
[[ATTACHMENT|kpi-advanced-KPI-Updates---cb182-uld-handle-network-timeouts-Mobile-Chrome\test-failed-1.png]]

[[ATTACHMENT|kpi-advanced-KPI-Updates---cb182-uld-handle-network-timeouts-Mobile-Chrome\video.webm]]
]]>
</system-out>
</testcase>
<testcase name="KPI Updates - Advanced E2E Tests › should retry failed requests" classname="kpi-advanced.spec.ts" time="0.407">
<failure message="kpi-advanced.spec.ts:133:3 should retry failed requests" type="FAILURE">
<![CDATA[  [Mobile Chrome] › kpi-advanced.spec.ts:133:3 › KPI Updates - Advanced E2E Tests › should retry failed requests 

    Error: page.goto: Protocol error (Page.navigate): Cannot navigate to invalid URL
    Call log:
      - navigating to "/", waiting until "load"


      159 |     });
      160 |
    > 161 |     await page.goto('/');
          |                ^
      162 |     await page.waitForLoadState('networkidle');
      163 |
      164 |     // Should eventually show data after retry (if retry logic is implemented)
        at C:\Users\Administrador\project\glpi_dashboard\frontend\e2e\kpi-advanced.spec.ts:161:16

    attachment #1: screenshot (image/png) ──────────────────────────────────────────────────────────
    ..\test-results\kpi-advanced-KPI-Updates---c47e0-hould-retry-failed-requests-Mobile-Chrome\test-failed-1.png
    ────────────────────────────────────────────────────────────────────────────────────────────────

    attachment #2: video (video/webm) ──────────────────────────────────────────────────────────────
    ..\test-results\kpi-advanced-KPI-Updates---c47e0-hould-retry-failed-requests-Mobile-Chrome\video.webm
    ────────────────────────────────────────────────────────────────────────────────────────────────
]]>
</failure>
<system-out>
<![CDATA[
[[ATTACHMENT|kpi-advanced-KPI-Updates---c47e0-hould-retry-failed-requests-Mobile-Chrome\test-failed-1.png]]

[[ATTACHMENT|kpi-advanced-KPI-Updates---c47e0-hould-retry-failed-requests-Mobile-Chrome\video.webm]]
]]>
</system-out>
</testcase>
<testcase name="KPI Updates - Advanced E2E Tests › should validate accessibility" classname="kpi-advanced.spec.ts" time="0.449">
<failure message="kpi-advanced.spec.ts:168:3 should validate accessibility" type="FAILURE">
<![CDATA[  [Mobile Chrome] › kpi-advanced.spec.ts:168:3 › KPI Updates - Advanced E2E Tests › should validate accessibility 

    Error: page.goto: Protocol error (Page.navigate): Cannot navigate to invalid URL
    Call log:
      - navigating to "/", waiting until "load"


      167 |
      168 |   test('should validate accessibility', async ({ page }) => {
    > 169 |     await page.goto('/');
          |                ^
      170 |     await page.waitForLoadState('networkidle');
      171 |
      172 |     // Wait for KPIs to load
        at C:\Users\Administrador\project\glpi_dashboard\frontend\e2e\kpi-advanced.spec.ts:169:16

    attachment #1: screenshot (image/png) ──────────────────────────────────────────────────────────
    ..\test-results\kpi-advanced-KPI-Updates---78bfa-ould-validate-accessibility-Mobile-Chrome\test-failed-1.png
    ────────────────────────────────────────────────────────────────────────────────────────────────

    attachment #2: video (video/webm) ──────────────────────────────────────────────────────────────
    ..\test-results\kpi-advanced-KPI-Updates---78bfa-ould-validate-accessibility-Mobile-Chrome\video.webm
    ────────────────────────────────────────────────────────────────────────────────────────────────
]]>
</failure>
<system-out>
<![CDATA[
[[ATTACHMENT|kpi-advanced-KPI-Updates---78bfa-ould-validate-accessibility-Mobile-Chrome\test-failed-1.png]]

[[ATTACHMENT|kpi-advanced-KPI-Updates---78bfa-ould-validate-accessibility-Mobile-Chrome\video.webm]]
]]>
</system-out>
</testcase>
<testcase name="KPI Updates - Advanced E2E Tests › should handle rapid filter changes" classname="kpi-advanced.spec.ts" time="0.391">
<failure message="kpi-advanced.spec.ts:189:3 should handle rapid filter changes" type="FAILURE">
<![CDATA[  [Mobile Chrome] › kpi-advanced.spec.ts:189:3 › KPI Updates - Advanced E2E Tests › should handle rapid filter changes 

    Error: page.goto: Protocol error (Page.navigate): Cannot navigate to invalid URL
    Call log:
      - navigating to "/", waiting until "load"


      188 |
      189 |   test('should handle rapid filter changes', async ({ page }) => {
    > 190 |     await page.goto('/');
          |                ^
      191 |     await page.waitForLoadState('networkidle');
      192 |
      193 |     // Wait for initial load
        at C:\Users\Administrador\project\glpi_dashboard\frontend\e2e\kpi-advanced.spec.ts:190:16

    attachment #1: screenshot (image/png) ──────────────────────────────────────────────────────────
    ..\test-results\kpi-advanced-KPI-Updates---a1411-handle-rapid-filter-changes-Mobile-Chrome\test-failed-1.png
    ────────────────────────────────────────────────────────────────────────────────────────────────

    attachment #2: video (video/webm) ──────────────────────────────────────────────────────────────
    ..\test-results\kpi-advanced-KPI-Updates---a1411-handle-rapid-filter-changes-Mobile-Chrome\video.webm
    ────────────────────────────────────────────────────────────────────────────────────────────────
]]>
</failure>
<system-out>
<![CDATA[
[[ATTACHMENT|kpi-advanced-KPI-Updates---a1411-handle-rapid-filter-changes-Mobile-Chrome\test-failed-1.png]]

[[ATTACHMENT|kpi-advanced-KPI-Updates---a1411-handle-rapid-filter-changes-Mobile-Chrome\video.webm]]
]]>
</system-out>
</testcase>
<testcase name="KPI Updates - Advanced E2E Tests › should maintain state during navigation" classname="kpi-advanced.spec.ts" time="0.494">
<failure message="kpi-advanced.spec.ts:218:3 should maintain state during navigation" type="FAILURE">
<![CDATA[  [Mobile Chrome] › kpi-advanced.spec.ts:218:3 › KPI Updates - Advanced E2E Tests › should maintain state during navigation 

    Error: page.goto: Protocol error (Page.navigate): Cannot navigate to invalid URL
    Call log:
      - navigating to "/", waiting until "load"


      217 |
      218 |   test('should maintain state during navigation', async ({ page }) => {
    > 219 |     await page.goto('/');
          |                ^
      220 |     await page.waitForLoadState('networkidle');
      221 |
      222 |     // Wait for KPIs to load
        at C:\Users\Administrador\project\glpi_dashboard\frontend\e2e\kpi-advanced.spec.ts:219:16

    attachment #1: screenshot (image/png) ──────────────────────────────────────────────────────────
    ..\test-results\kpi-advanced-KPI-Updates---781e8-ain-state-during-navigation-Mobile-Chrome\test-failed-1.png
    ────────────────────────────────────────────────────────────────────────────────────────────────

    attachment #2: video (video/webm) ──────────────────────────────────────────────────────────────
    ..\test-results\kpi-advanced-KPI-Updates---781e8-ain-state-during-navigation-Mobile-Chrome\video.webm
    ────────────────────────────────────────────────────────────────────────────────────────────────
]]>
</failure>
<system-out>
<![CDATA[
[[ATTACHMENT|kpi-advanced-KPI-Updates---781e8-ain-state-during-navigation-Mobile-Chrome\test-failed-1.png]]

[[ATTACHMENT|kpi-advanced-KPI-Updates---781e8-ain-state-during-navigation-Mobile-Chrome\video.webm]]
]]>
</system-out>
</testcase>
</testsuite>
<testsuite name="kpi-updates.spec.ts" timestamp="2025-08-10T22:48:26.261Z" hostname="Mobile Chrome" tests="7" failures="2" skipped="5" time="0.84" errors="0">
<testcase name="KPI Updates - E2E Tests › should update KPIs when date period is changed" classname="kpi-updates.spec.ts" time="0.425">
<failure message="kpi-updates.spec.ts:57:3 should update KPIs when date period is changed" type="FAILURE">
<![CDATA[  [Mobile Chrome] › kpi-updates.spec.ts:57:3 › KPI Updates - E2E Tests › should update KPIs when date period is changed 

    Error: page.goto: Protocol error (Page.navigate): Cannot navigate to invalid URL
    Call log:
      - navigating to "/", waiting until "load"


      56 |
      57 |   test('should update KPIs when date period is changed', async ({ page }) => {
    > 58 |     await page.goto('/');
         |                ^
      59 |     await page.waitForLoadState('networkidle');
      60 |
      61 |     // Wait for initial KPIs to load
        at C:\Users\Administrador\project\glpi_dashboard\frontend\e2e\kpi-updates.spec.ts:58:16

    attachment #1: screenshot (image/png) ──────────────────────────────────────────────────────────
    ..\test-results\kpi-updates-KPI-Updates----0344d-when-date-period-is-changed-Mobile-Chrome\test-failed-1.png
    ────────────────────────────────────────────────────────────────────────────────────────────────

    attachment #2: video (video/webm) ──────────────────────────────────────────────────────────────
    ..\test-results\kpi-updates-KPI-Updates----0344d-when-date-period-is-changed-Mobile-Chrome\video.webm
    ────────────────────────────────────────────────────────────────────────────────────────────────
]]>
</failure>
<system-out>
<![CDATA[
[[ATTACHMENT|kpi-updates-KPI-Updates----0344d-when-date-period-is-changed-Mobile-Chrome\test-failed-1.png]]

[[ATTACHMENT|kpi-updates-KPI-Updates----0344d-when-date-period-is-changed-Mobile-Chrome\video.webm]]
]]>
</system-out>
</testcase>
<testcase name="KPI Updates - E2E Tests › should show loading state during KPI updates" classname="kpi-updates.spec.ts" time="0.415">
<failure message="kpi-updates.spec.ts:92:3 should show loading state during KPI updates" type="FAILURE">
<![CDATA[  [Mobile Chrome] › kpi-updates.spec.ts:92:3 › KPI Updates - E2E Tests › should show loading state during KPI updates 

    Error: page.goto: Protocol error (Page.navigate): Cannot navigate to invalid URL
    Call log:
      - navigating to "/", waiting until "load"


      91 |
      92 |   test('should show loading state during KPI updates', async ({ page }) => {
    > 93 |     await page.goto('/');
         |                ^
      94 |     await page.waitForLoadState('networkidle');
      95 |
      96 |     // Open date filter and select new period
        at C:\Users\Administrador\project\glpi_dashboard\frontend\e2e\kpi-updates.spec.ts:93:16

    attachment #1: screenshot (image/png) ──────────────────────────────────────────────────────────
    ..\test-results\kpi-updates-KPI-Updates----d77a2-ng-state-during-KPI-updates-Mobile-Chrome\test-failed-1.png
    ────────────────────────────────────────────────────────────────────────────────────────────────

    attachment #2: video (video/webm) ──────────────────────────────────────────────────────────────
    ..\test-results\kpi-updates-KPI-Updates----d77a2-ng-state-during-KPI-updates-Mobile-Chrome\video.webm
    ────────────────────────────────────────────────────────────────────────────────────────────────
]]>
</failure>
<system-out>
<![CDATA[
[[ATTACHMENT|kpi-updates-KPI-Updates----d77a2-ng-state-during-KPI-updates-Mobile-Chrome\test-failed-1.png]]

[[ATTACHMENT|kpi-updates-KPI-Updates----d77a2-ng-state-during-KPI-updates-Mobile-Chrome\video.webm]]
]]>
</system-out>
</testcase>
<testcase name="KPI Updates - E2E Tests › should display error message when API fails" classname="kpi-updates.spec.ts" time="0">
<properties>
<property name="skip" value="">
</property>
</properties>
<skipped>
</skipped>
</testcase>
<testcase name="KPI Updates - E2E Tests › should use v2 API when feature flag is enabled" classname="kpi-updates.spec.ts" time="0">
<properties>
<property name="skip" value="">
</property>
</properties>
<skipped>
</skipped>
</testcase>
<testcase name="KPI Updates - E2E Tests › should use v1 API when feature flag is disabled" classname="kpi-updates.spec.ts" time="0">
<properties>
<property name="skip" value="">
</property>
</properties>
<skipped>
</skipped>
</testcase>
<testcase name="KPI Updates - E2E Tests › should handle network timeout gracefully" classname="kpi-updates.spec.ts" time="0">
<properties>
<property name="skip" value="">
</property>
</properties>
<skipped>
</skipped>
</testcase>
<testcase name="KPI Updates - E2E Tests › should retry failed requests" classname="kpi-updates.spec.ts" time="0">
<properties>
<property name="skip" value="">
</property>
</properties>
<skipped>
</skipped>
</testcase>
</testsuite>
<testsuite name="api-error-handling.spec.ts" timestamp="2025-08-10T22:48:26.261Z" hostname="Mobile Safari" tests="4" failures="0" skipped="4" time="0" errors="0">
<testcase name="API Error Handling › should show error state when API is down" classname="api-error-handling.spec.ts" time="0">
<properties>
<property name="skip" value="">
</property>
</properties>
<skipped>
</skipped>
</testcase>
<testcase name="API Error Handling › should allow retry after API error" classname="api-error-handling.spec.ts" time="0">
<properties>
<property name="skip" value="">
</property>
</properties>
<skipped>
</skipped>
</testcase>
<testcase name="API Error Handling › should show network error state when offline" classname="api-error-handling.spec.ts" time="0">
<properties>
<property name="skip" value="">
</property>
</properties>
<skipped>
</skipped>
</testcase>
<testcase name="API Error Handling › should handle partial API failures gracefully" classname="api-error-handling.spec.ts" time="0">
<properties>
<property name="skip" value="">
</property>
</properties>
<skipped>
</skipped>
</testcase>
</testsuite>
<testsuite name="kpi-advanced.spec.ts" timestamp="2025-08-10T22:48:26.261Z" hostname="Mobile Safari" tests="7" failures="7" skipped="0" time="4.185" errors="0">
<testcase name="KPI Updates - Advanced E2E Tests › should handle API errors gracefully" classname="kpi-advanced.spec.ts" time="0.589">
<failure message="kpi-advanced.spec.ts:34:3 should handle API errors gracefully" type="FAILURE">
<![CDATA[  [Mobile Safari] › kpi-advanced.spec.ts:34:3 › KPI Updates - Advanced E2E Tests › should handle API errors gracefully 

    Error: page.goto: Protocol error (Playwright.navigate): Cannot navigate to invalid URL
    Call log:
      - navigating to "/", waiting until "load"


      45 |     });
      46 |
    > 47 |     await page.goto('/');
         |                ^
      48 |     await page.waitForLoadState('networkidle');
      49 |
      50 |     // Wait for error state to appear
        at C:\Users\Administrador\project\glpi_dashboard\frontend\e2e\kpi-advanced.spec.ts:47:16

    attachment #1: screenshot (image/png) ──────────────────────────────────────────────────────────
    ..\test-results\kpi-advanced-KPI-Updates---de823-andle-API-errors-gracefully-Mobile-Safari\test-failed-1.png
    ────────────────────────────────────────────────────────────────────────────────────────────────

    attachment #2: video (video/webm) ──────────────────────────────────────────────────────────────
    ..\test-results\kpi-advanced-KPI-Updates---de823-andle-API-errors-gracefully-Mobile-Safari\video.webm
    ────────────────────────────────────────────────────────────────────────────────────────────────
]]>
</failure>
<system-out>
<![CDATA[
[[ATTACHMENT|kpi-advanced-KPI-Updates---de823-andle-API-errors-gracefully-Mobile-Safari\test-failed-1.png]]

[[ATTACHMENT|kpi-advanced-KPI-Updates---de823-andle-API-errors-gracefully-Mobile-Safari\video.webm]]
]]>
</system-out>
</testcase>
<testcase name="KPI Updates - Advanced E2E Tests › should display different data based on feature flags" classname="kpi-advanced.spec.ts" time="0.73">
<failure message="kpi-advanced.spec.ts:58:3 should display different data based on feature flags" type="FAILURE">
<![CDATA[  [Mobile Safari] › kpi-advanced.spec.ts:58:3 › KPI Updates - Advanced E2E Tests › should display different data based on feature flags 

    Error: page.goto: Protocol error (Playwright.navigate): Cannot navigate to invalid URL
    Call log:
      - navigating to "/", waiting until "load"


       95 |     });
       96 |
    >  97 |     await page.goto('/');
          |                ^
       98 |     await page.waitForLoadState('networkidle');
       99 |
      100 |     // Wait for API call
        at C:\Users\Administrador\project\glpi_dashboard\frontend\e2e\kpi-advanced.spec.ts:97:16

    attachment #1: screenshot (image/png) ──────────────────────────────────────────────────────────
    ..\test-results\kpi-advanced-KPI-Updates---5ef92-data-based-on-feature-flags-Mobile-Safari\test-failed-1.png
    ────────────────────────────────────────────────────────────────────────────────────────────────

    attachment #2: video (video/webm) ──────────────────────────────────────────────────────────────
    ..\test-results\kpi-advanced-KPI-Updates---5ef92-data-based-on-feature-flags-Mobile-Safari\video.webm
    ────────────────────────────────────────────────────────────────────────────────────────────────
]]>
</failure>
<system-out>
<![CDATA[
[[ATTACHMENT|kpi-advanced-KPI-Updates---5ef92-data-based-on-feature-flags-Mobile-Safari\test-failed-1.png]]

[[ATTACHMENT|kpi-advanced-KPI-Updates---5ef92-data-based-on-feature-flags-Mobile-Safari\video.webm]]
]]>
</system-out>
</testcase>
<testcase name="KPI Updates - Advanced E2E Tests › should handle network timeouts" classname="kpi-advanced.spec.ts" time="0.762">
<failure message="kpi-advanced.spec.ts:110:3 should handle network timeouts" type="FAILURE">
<![CDATA[  [Mobile Safari] › kpi-advanced.spec.ts:110:3 › KPI Updates - Advanced E2E Tests › should handle network timeouts 

    Error: page.goto: Protocol error (Playwright.navigate): Cannot navigate to invalid URL
    Call log:
      - navigating to "/", waiting until "load"


      122 |     });
      123 |
    > 124 |     await page.goto('/');
          |                ^
      125 |     
      126 |     // Should show loading state initially
      127 |     await expect(page.locator('[data-testid="kpi-loading"]')).toBeVisible();
        at C:\Users\Administrador\project\glpi_dashboard\frontend\e2e\kpi-advanced.spec.ts:124:16

    attachment #1: screenshot (image/png) ──────────────────────────────────────────────────────────
    ..\test-results\kpi-advanced-KPI-Updates---cb182-uld-handle-network-timeouts-Mobile-Safari\test-failed-1.png
    ────────────────────────────────────────────────────────────────────────────────────────────────

    attachment #2: video (video/webm) ──────────────────────────────────────────────────────────────
    ..\test-results\kpi-advanced-KPI-Updates---cb182-uld-handle-network-timeouts-Mobile-Safari\video.webm
    ────────────────────────────────────────────────────────────────────────────────────────────────
]]>
</failure>
<system-out>
<![CDATA[
[[ATTACHMENT|kpi-advanced-KPI-Updates---cb182-uld-handle-network-timeouts-Mobile-Safari\test-failed-1.png]]

[[ATTACHMENT|kpi-advanced-KPI-Updates---cb182-uld-handle-network-timeouts-Mobile-Safari\video.webm]]
]]>
</system-out>
</testcase>
[...]
[[ATTACHMENT|kpi-updates-KPI-Updates----d77a2-ng-state-during-KPI-updates-Microsoft-Edge\test-failed-1.png]]

[[ATTACHMENT|kpi-updates-KPI-Updates----d77a2-ng-state-during-KPI-updates-Microsoft-Edge\video.webm]]
]]>
</system-out>
</testcase>
<testcase name="KPI Updates - E2E Tests › should display error message when API fails" classname="kpi-updates.spec.ts" time="0">
<properties>
<property name="skip" value="">
</property>
</properties>
<skipped>
</skipped>
</testcase>
<testcase name="KPI Updates - E2E Tests › should use v2 API when feature flag is enabled" classname="kpi-updates.spec.ts" time="0">
<properties>
<property name="skip" value="">
</property>
</properties>
<skipped>
</skipped>
</testcase>
<testcase name="KPI Updates - E2E Tests › should use v1 API when feature flag is disabled" classname="kpi-updates.spec.ts" time="0">
<properties>
<property name="skip" value="">
</property>
</properties>
<skipped>
</skipped>
</testcase>
<testcase name="KPI Updates - E2E Tests › should handle network timeout gracefully" classname="kpi-updates.spec.ts" time="0">
<properties>
<property name="skip" value="">
</property>
</properties>
<skipped>
</skipped>
</testcase>
<testcase name="KPI Updates - E2E Tests › should retry failed requests" classname="kpi-updates.spec.ts" time="0">
<properties>
<property name="skip" value="">
</property>
</properties>
<skipped>
</skipped>
</testcase>
</testsuite>
<testsuite name="api-error-handling.spec.ts" timestamp="2025-08-10T22:48:26.261Z" hostname="Google Chrome" tests="4" failures="0" skipped="4" time="0" errors="0">
<testcase name="API Error Handling › should show error state when API is down" classname="api-error-handling.spec.ts" time="0">
<properties>
<property name="skip" value="">
</property>
</properties>
<skipped>
</skipped>
</testcase>
<testcase name="API Error Handling › should allow retry after API error" classname="api-error-handling.spec.ts" time="0">
<properties>
<property name="skip" value="">
</property>
</properties>
<skipped>
</skipped>
</testcase>
<testcase name="API Error Handling › should show network error state when offline" classname="api-error-handling.spec.ts" time="0">
<properties>
<property name="skip" value="">
</property>
</properties>
<skipped>
</skipped>
</testcase>
<testcase name="API Error Handling › should handle partial API failures gracefully" classname="api-error-handling.spec.ts" time="0">
<properties>
<property name="skip" value="">
</property>
</properties>
<skipped>
</skipped>
</testcase>
</testsuite>
<testsuite name="kpi-advanced.spec.ts" timestamp="2025-08-10T22:48:26.261Z" hostname="Google Chrome" tests="7" failures="7" skipped="0" time="4.657" errors="0">
<testcase name="KPI Updates - Advanced E2E Tests › should handle API errors gracefully" classname="kpi-advanced.spec.ts" time="0.573">
<failure message="kpi-advanced.spec.ts:34:3 should handle API errors gracefully" type="FAILURE">
<![CDATA[  [Google Chrome] › kpi-advanced.spec.ts:34:3 › KPI Updates - Advanced E2E Tests › should handle API errors gracefully 

    Error: page.goto: Protocol error (Page.navigate): Cannot navigate to invalid URL
    Call log:
      - navigating to "/", waiting until "load"


      45 |     });
      46 |
    > 47 |     await page.goto('/');
         |                ^
      48 |     await page.waitForLoadState('networkidle');
      49 |
      50 |     // Wait for error state to appear
        at C:\Users\Administrador\project\glpi_dashboard\frontend\e2e\kpi-advanced.spec.ts:47:16

    attachment #1: screenshot (image/png) ──────────────────────────────────────────────────────────
    ..\test-results\kpi-advanced-KPI-Updates---de823-andle-API-errors-gracefully-Google-Chrome\test-failed-1.png
    ────────────────────────────────────────────────────────────────────────────────────────────────

    attachment #2: video (video/webm) ──────────────────────────────────────────────────────────────
    ..\test-results\kpi-advanced-KPI-Updates---de823-andle-API-errors-gracefully-Google-Chrome\video.webm
    ────────────────────────────────────────────────────────────────────────────────────────────────
]]>
</failure>
<system-out>
<![CDATA[
[[ATTACHMENT|kpi-advanced-KPI-Updates---de823-andle-API-errors-gracefully-Google-Chrome\test-failed-1.png]]

[[ATTACHMENT|kpi-advanced-KPI-Updates---de823-andle-API-errors-gracefully-Google-Chrome\video.webm]]
]]>
</system-out>
</testcase>
<testcase name="KPI Updates - Advanced E2E Tests › should display different data based on feature flags" classname="kpi-advanced.spec.ts" time="0.888">
<failure message="kpi-advanced.spec.ts:58:3 should display different data based on feature flags" type="FAILURE">
<![CDATA[  [Google Chrome] › kpi-advanced.spec.ts:58:3 › KPI Updates - Advanced E2E Tests › should display different data based on feature flags 

    Error: page.goto: Protocol error (Page.navigate): Cannot navigate to invalid URL
    Call log:
      - navigating to "/", waiting until "load"


       95 |     });
       96 |
    >  97 |     await page.goto('/');
          |                ^
       98 |     await page.waitForLoadState('networkidle');
       99 |
      100 |     // Wait for API call
        at C:\Users\Administrador\project\glpi_dashboard\frontend\e2e\kpi-advanced.spec.ts:97:16

    attachment #1: screenshot (image/png) ──────────────────────────────────────────────────────────
    ..\test-results\kpi-advanced-KPI-Updates---5ef92-data-based-on-feature-flags-Google-Chrome\test-failed-1.png
    ────────────────────────────────────────────────────────────────────────────────────────────────

    attachment #2: video (video/webm) ──────────────────────────────────────────────────────────────
    ..\test-results\kpi-advanced-KPI-Updates---5ef92-data-based-on-feature-flags-Google-Chrome\video.webm
    ────────────────────────────────────────────────────────────────────────────────────────────────
]]>
</failure>
<system-out>
<![CDATA[
[[ATTACHMENT|kpi-advanced-KPI-Updates---5ef92-data-based-on-feature-flags-Google-Chrome\test-failed-1.png]]

[[ATTACHMENT|kpi-advanced-KPI-Updates---5ef92-data-based-on-feature-flags-Google-Chrome\video.webm]]
]]>
</system-out>
</testcase>
<testcase name="KPI Updates - Advanced E2E Tests › should handle network timeouts" classname="kpi-advanced.spec.ts" time="0.632">
<failure message="kpi-advanced.spec.ts:110:3 should handle network timeouts" type="FAILURE">
<![CDATA[  [Google Chrome] › kpi-advanced.spec.ts:110:3 › KPI Updates - Advanced E2E Tests › should handle network timeouts 

    Error: page.goto: Protocol error (Page.navigate): Cannot navigate to invalid URL
    Call log:
      - navigating to "/", waiting until "load"


      122 |     });
      123 |
    > 124 |     await page.goto('/');
          |                ^
      125 |     
      126 |     // Should show loading state initially
      127 |     await expect(page.locator('[data-testid="kpi-loading"]')).toBeVisible();
        at C:\Users\Administrador\project\glpi_dashboard\frontend\e2e\kpi-advanced.spec.ts:124:16

    attachment #1: screenshot (image/png) ──────────────────────────────────────────────────────────
    ..\test-results\kpi-advanced-KPI-Updates---cb182-uld-handle-network-timeouts-Google-Chrome\test-failed-1.png
    ────────────────────────────────────────────────────────────────────────────────────────────────

    attachment #2: video (video/webm) ──────────────────────────────────────────────────────────────
    ..\test-results\kpi-advanced-KPI-Updates---cb182-uld-handle-network-timeouts-Google-Chrome\video.webm
    ────────────────────────────────────────────────────────────────────────────────────────────────
]]>
</failure>
<system-out>
<![CDATA[
[[ATTACHMENT|kpi-advanced-KPI-Updates---cb182-uld-handle-network-timeouts-Google-Chrome\test-failed-1.png]]

[[ATTACHMENT|kpi-advanced-KPI-Updates---cb182-uld-handle-network-timeouts-Google-Chrome\video.webm]]
]]>
</system-out>
</testcase>
<testcase name="KPI Updates - Advanced E2E Tests › should retry failed requests" classname="kpi-advanced.spec.ts" time="0.887">
<failure message="kpi-advanced.spec.ts:133:3 should retry failed requests" type="FAILURE">
<![CDATA[  [Google Chrome] › kpi-advanced.spec.ts:133:3 › KPI Updates - Advanced E2E Tests › should retry failed requests 

    Error: page.goto: Protocol error (Page.navigate): Cannot navigate to invalid URL
    Call log:
      - navigating to "/", waiting until "load"


      159 |     });
      160 |
    > 161 |     await page.goto('/');
          |                ^
      162 |     await page.waitForLoadState('networkidle');
      163 |
      164 |     // Should eventually show data after retry (if retry logic is implemented)
        at C:\Users\Administrador\project\glpi_dashboard\frontend\e2e\kpi-advanced.spec.ts:161:16

    attachment #1: screenshot (image/png) ──────────────────────────────────────────────────────────
    ..\test-results\kpi-advanced-KPI-Updates---c47e0-hould-retry-failed-requests-Google-Chrome\test-failed-1.png
    ────────────────────────────────────────────────────────────────────────────────────────────────

    attachment #2: video (video/webm) ──────────────────────────────────────────────────────────────
    ..\test-results\kpi-advanced-KPI-Updates---c47e0-hould-retry-failed-requests-Google-Chrome\video.webm
    ────────────────────────────────────────────────────────────────────────────────────────────────
]]>
</failure>
<system-out>
<![CDATA[
[[ATTACHMENT|kpi-advanced-KPI-Updates---c47e0-hould-retry-failed-requests-Google-Chrome\test-failed-1.png]]

[[ATTACHMENT|kpi-advanced-KPI-Updates---c47e0-hould-retry-failed-requests-Google-Chrome\video.webm]]
]]>
</system-out>
</testcase>
<testcase name="KPI Updates - Advanced E2E Tests › should validate accessibility" classname="kpi-advanced.spec.ts" time="0.609">
<failure message="kpi-advanced.spec.ts:168:3 should validate accessibility" type="FAILURE">
<![CDATA[  [Google Chrome] › kpi-advanced.spec.ts:168:3 › KPI Updates - Advanced E2E Tests › should validate accessibility 

    Error: page.goto: Protocol error (Page.navigate): Cannot navigate to invalid URL
    Call log:
      - navigating to "/", waiting until "load"


      167 |
      168 |   test('should validate accessibility', async ({ page }) => {
    > 169 |     await page.goto('/');
          |                ^
      170 |     await page.waitForLoadState('networkidle');
      171 |
      172 |     // Wait for KPIs to load
        at C:\Users\Administrador\project\glpi_dashboard\frontend\e2e\kpi-advanced.spec.ts:169:16

    attachment #1: screenshot (image/png) ──────────────────────────────────────────────────────────
    ..\test-results\kpi-advanced-KPI-Updates---78bfa-ould-validate-accessibility-Google-Chrome\test-failed-1.png
    ────────────────────────────────────────────────────────────────────────────────────────────────

    attachment #2: video (video/webm) ──────────────────────────────────────────────────────────────
    ..\test-results\kpi-advanced-KPI-Updates---78bfa-ould-validate-accessibility-Google-Chrome\video.webm
    ────────────────────────────────────────────────────────────────────────────────────────────────
]]>
</failure>
<system-out>
<![CDATA[
[[ATTACHMENT|kpi-advanced-KPI-Updates---78bfa-ould-validate-accessibility-Google-Chrome\test-failed-1.png]]

[[ATTACHMENT|kpi-advanced-KPI-Updates---78bfa-ould-validate-accessibility-Google-Chrome\video.webm]]
]]>
</system-out>
</testcase>
<testcase name="KPI Updates - Advanced E2E Tests › should handle rapid filter changes" classname="kpi-advanced.spec.ts" time="0.564">
<failure message="kpi-advanced.spec.ts:189:3 should handle rapid filter changes" type="FAILURE">
<![CDATA[  [Google Chrome] › kpi-advanced.spec.ts:189:3 › KPI Updates - Advanced E2E Tests › should handle rapid filter changes 

    Error: page.goto: Protocol error (Page.navigate): Cannot navigate to invalid URL
    Call log:
      - navigating to "/", waiting until "load"


      188 |
      189 |   test('should handle rapid filter changes', async ({ page }) => {
    > 190 |     await page.goto('/');
          |                ^
      191 |     await page.waitForLoadState('networkidle');
      192 |
      193 |     // Wait for initial load
        at C:\Users\Administrador\project\glpi_dashboard\frontend\e2e\kpi-advanced.spec.ts:190:16

    attachment #1: screenshot (image/png) ──────────────────────────────────────────────────────────
    ..\test-results\kpi-advanced-KPI-Updates---a1411-handle-rapid-filter-changes-Google-Chrome\test-failed-1.png
    ────────────────────────────────────────────────────────────────────────────────────────────────

    attachment #2: video (video/webm) ──────────────────────────────────────────────────────────────
    ..\test-results\kpi-advanced-KPI-Updates---a1411-handle-rapid-filter-changes-Google-Chrome\video.webm
    ────────────────────────────────────────────────────────────────────────────────────────────────
]]>
</failure>
<system-out>
<![CDATA[
[[ATTACHMENT|kpi-advanced-KPI-Updates---a1411-handle-rapid-filter-changes-Google-Chrome\test-failed-1.png]]

[[ATTACHMENT|kpi-advanced-KPI-Updates---a1411-handle-rapid-filter-changes-Google-Chrome\video.webm]]
]]>
</system-out>
</testcase>
<testcase name="KPI Updates - Advanced E2E Tests › should maintain state during navigation" classname="kpi-advanced.spec.ts" time="0.504">
<failure message="kpi-advanced.spec.ts:218:3 should maintain state during navigation" type="FAILURE">
<![CDATA[  [Google Chrome] › kpi-advanced.spec.ts:218:3 › KPI Updates - Advanced E2E Tests › should maintain state during navigation 

    Error: page.goto: Protocol error (Page.navigate): Cannot navigate to invalid URL
    Call log:
      - navigating to "/", waiting until "load"


      217 |
      218 |   test('should maintain state during navigation', async ({ page }) => {
    > 219 |     await page.goto('/');
          |                ^
      220 |     await page.waitForLoadState('networkidle');
      221 |
      222 |     // Wait for KPIs to load
        at C:\Users\Administrador\project\glpi_dashboard\frontend\e2e\kpi-advanced.spec.ts:219:16

    attachment #1: screenshot (image/png) ──────────────────────────────────────────────────────────
    ..\test-results\kpi-advanced-KPI-Updates---781e8-ain-state-during-navigation-Google-Chrome\test-failed-1.png
    ────────────────────────────────────────────────────────────────────────────────────────────────

    attachment #2: video (video/webm) ──────────────────────────────────────────────────────────────
    ..\test-results\kpi-advanced-KPI-Updates---781e8-ain-state-during-navigation-Google-Chrome\video.webm
    ────────────────────────────────────────────────────────────────────────────────────────────────
]]>
</failure>
<system-out>
<![CDATA[
[[ATTACHMENT|kpi-advanced-KPI-Updates---781e8-ain-state-during-navigation-Google-Chrome\test-failed-1.png]]

[[ATTACHMENT|kpi-advanced-KPI-Updates---781e8-ain-state-during-navigation-Google-Chrome\video.webm]]
]]>
</system-out>
</testcase>
</testsuite>
<testsuite name="kpi-updates.spec.ts" timestamp="2025-08-10T22:48:26.261Z" hostname="Google Chrome" tests="7" failures="2" skipped="5" time="1.133" errors="0">
<testcase name="KPI Updates - E2E Tests › should update KPIs when date period is changed" classname="kpi-updates.spec.ts" time="0.557">
<failure message="kpi-updates.spec.ts:57:3 should update KPIs when date period is changed" type="FAILURE">
<![CDATA[  [Google Chrome] › kpi-updates.spec.ts:57:3 › KPI Updates - E2E Tests › should update KPIs when date period is changed 

    Error: page.goto: Protocol error (Page.navigate): Cannot navigate to invalid URL
    Call log:
      - navigating to "/", waiting until "load"


      56 |
      57 |   test('should update KPIs when date period is changed', async ({ page }) => {
    > 58 |     await page.goto('/');
         |                ^
      59 |     await page.waitForLoadState('networkidle');
      60 |
      61 |     // Wait for initial KPIs to load
        at C:\Users\Administrador\project\glpi_dashboard\frontend\e2e\kpi-updates.spec.ts:58:16

    attachment #1: screenshot (image/png) ──────────────────────────────────────────────────────────
    ..\test-results\kpi-updates-KPI-Updates----0344d-when-date-period-is-changed-Google-Chrome\test-failed-1.png
    ────────────────────────────────────────────────────────────────────────────────────────────────

    attachment #2: video (video/webm) ──────────────────────────────────────────────────────────────
    ..\test-results\kpi-updates-KPI-Updates----0344d-when-date-period-is-changed-Google-Chrome\video.webm
    ────────────────────────────────────────────────────────────────────────────────────────────────
]]>
</failure>
<system-out>
<![CDATA[
[[ATTACHMENT|kpi-updates-KPI-Updates----0344d-when-date-period-is-changed-Google-Chrome\test-failed-1.png]]

[[ATTACHMENT|kpi-updates-KPI-Updates----0344d-when-date-period-is-changed-Google-Chrome\video.webm]]
]]>
</system-out>
</testcase>
<testcase name="KPI Updates - E2E Tests › should show loading state during KPI updates" classname="kpi-updates.spec.ts" time="0.576">
<failure message="kpi-updates.spec.ts:92:3 should show loading state during KPI updates" type="FAILURE">
<![CDATA[  [Google Chrome] › kpi-updates.spec.ts:92:3 › KPI Updates - E2E Tests › should show loading state during KPI updates 

    Error: page.goto: Protocol error (Page.navigate): Cannot navigate to invalid URL
    Call log:
      - navigating to "/", waiting until "load"


      91 |
      92 |   test('should show loading state during KPI updates', async ({ page }) => {
    > 93 |     await page.goto('/');
         |                ^
      94 |     await page.waitForLoadState('networkidle');
      95 |
      96 |     // Open date filter and select new period
        at C:\Users\Administrador\project\glpi_dashboard\frontend\e2e\kpi-updates.spec.ts:93:16

    attachment #1: screenshot (image/png) ──────────────────────────────────────────────────────────
    ..\test-results\kpi-updates-KPI-Updates----d77a2-ng-state-during-KPI-updates-Google-Chrome\test-failed-1.png
    ────────────────────────────────────────────────────────────────────────────────────────────────

    attachment #2: video (video/webm) ──────────────────────────────────────────────────────────────
    ..\test-results\kpi-updates-KPI-Updates----d77a2-ng-state-during-KPI-updates-Google-Chrome\video.webm
    ────────────────────────────────────────────────────────────────────────────────────────────────
]]>
</failure>
<system-out>
<![CDATA[
[[ATTACHMENT|kpi-updates-KPI-Updates----d77a2-ng-state-during-KPI-updates-Google-Chrome\test-failed-1.png]]

[[ATTACHMENT|kpi-updates-KPI-Updates----d77a2-ng-state-during-KPI-updates-Google-Chrome\video.webm]]
]]>
</system-out>
</testcase>
<testcase name="KPI Updates - E2E Tests › should display error message when API fails" classname="kpi-updates.spec.ts" time="0">
<properties>
<property name="skip" value="">
</property>
</properties>
<skipped>
</skipped>
</testcase>
<testcase name="KPI Updates - E2E Tests › should use v2 API when feature flag is enabled" classname="kpi-updates.spec.ts" time="0">
<properties>
<property name="skip" value="">
</property>
</properties>
<skipped>
</skipped>
</testcase>
<testcase name="KPI Updates - E2E Tests › should use v1 API when feature flag is disabled" classname="kpi-updates.spec.ts" time="0">
<properties>
<property name="skip" value="">
</property>
</properties>
<skipped>
</skipped>
</testcase>
<testcase name="KPI Updates - E2E Tests › should handle network timeout gracefully" classname="kpi-updates.spec.ts" time="0">
<properties>
<property name="skip" value="">
</property>
</properties>
<skipped>
</skipped>
</testcase>
<testcase name="KPI Updates - E2E Tests › should retry failed requests" classname="kpi-updates.spec.ts" time="0">
<properties>
<property name="skip" value="">
</property>
</properties>
<skipped>
</skipped>
</testcase>
</testsuite>
</testsuites>